2011-08-07T00:03:04  *** zmijunkie_ has joined #selenium
2011-08-07T00:05:21  *** zmijunkie has quit IRC
2011-08-07T00:05:21  *** zmijunkie_ is now known as zmijunkie
2011-08-07T00:12:49  *** andialbrecht is now known as andialbrecht_
2011-08-07T00:27:07  *** towski has joined #selenium
2011-08-07T00:50:45  *** Fyrespray has joined #selenium
2011-08-07T00:54:04  *** towski has quit IRC
2011-08-07T01:01:17  *** nilian has joined #selenium
2011-08-07T01:05:11  *** amitev2 has joined #selenium
2011-08-07T01:06:03  *** amitev has quit IRC
2011-08-07T01:17:36  *** nilian has quit IRC
2011-08-07T01:31:57  *** AutomatedTester has joined #selenium
2011-08-07T01:56:03  *** cieufhrxmpfakoih has joined #selenium
2011-08-07T02:11:53  *** cieufhrxmpfakoih has quit IRC
2011-08-07T02:38:30  *** AutomatedTester has quit IRC
2011-08-07T02:50:37  *** Fyrespray has quit IRC
2011-08-07T02:55:05  *** jonathanrwallace has joined #selenium
2011-08-07T03:28:01  *** cieufhrxmpfakoih has joined #selenium
2011-08-07T03:28:42  *** Fyrespray has joined #selenium
2011-08-07T03:46:26  *** nilian has joined #selenium
2011-08-07T03:58:39  *** sdimkov has joined #selenium
2011-08-07T03:59:16  *** cieufhrxmpfakoih has quit IRC
2011-08-07T04:05:23  *** sdimkov_ has joined #selenium
2011-08-07T04:36:21  *** nilian has quit IRC
2011-08-07T05:10:38  *** cheezy has joined #selenium
2011-08-07T05:34:20  *** cheezy has quit IRC
2011-08-07T05:42:54  *** ian_mac has joined #selenium
2011-08-07T05:50:53  *** zz_retornam has quit IRC
2011-08-07T06:01:56  *** cerberos has joined #selenium
2011-08-07T06:24:59  *** ian_mac has quit IRC
2011-08-07T06:47:03  *** AutomatedTester has joined #selenium
2011-08-07T06:56:00  *** nilian has joined #selenium
2011-08-07T07:00:22  *** AutomatedTester has quit IRC
2011-08-07T07:10:07  *** AutomatedTester has joined #selenium
2011-08-07T07:40:23  *** Rotham__ has joined #selenium
2011-08-07T07:40:42  *** aradriel_ has joined #selenium
2011-08-07T07:41:40  *** pythonirc101 has joined #selenium
2011-08-07T07:43:34  *** pythonirc1011 has quit IRC
2011-08-07T07:43:34  *** Rotham_ has quit IRC
2011-08-07T07:44:06  *** aradriel has quit IRC
2011-08-07T08:21:09  *** cerberos has quit IRC
2011-08-07T08:21:32  *** cerberos has joined #selenium
2011-08-07T08:31:13  *** nilian has quit IRC
2011-08-07T08:44:10  *** AutomatedTester has quit IRC
2011-08-07T09:15:02  *** ian_mac has joined #selenium
2011-08-07T09:23:18  *** celm has joined #selenium
2011-08-07T09:34:02  *** nilian has joined #selenium
2011-08-07T09:41:57  *** ian_mac has quit IRC
2011-08-07T09:46:10  *** cgoldberg has joined #selenium
2011-08-07T09:46:11  *** nilian has quit IRC
2011-08-07T09:46:28  *** cgoldberg has quit IRC
2011-08-07T10:02:14  *** cerberos has quit IRC
2011-08-07T10:07:31  *** cakehero has joined #selenium
2011-08-07T10:11:31  *** ian_mac has joined #selenium
2011-08-07T10:23:50  *** cgoldberg has joined #selenium
2011-08-07T10:48:29  *** cgoldberg has quit IRC
2011-08-07T10:55:56  *** Mayank has joined #selenium
2011-08-07T11:12:17  *** towski has joined #selenium
2011-08-07T11:45:45  *** cakehero has quit IRC
2011-08-07T12:02:26  *** Fyrespray has quit IRC
2011-08-07T12:15:08  *** ian_mac has quit IRC
2011-08-07T12:34:35  *** ner0x has joined #selenium
2011-08-07T12:44:53  *** Mayank has quit IRC
2011-08-07T13:14:00  *** celm has quit IRC
2011-08-07T13:14:55  *** towski has quit IRC
2011-08-07T13:21:01  *** towski has joined #selenium
2011-08-07T13:24:56  *** cakehero has joined #selenium
2011-08-07T13:47:22  *** cakehero has quit IRC
2011-08-07T13:51:28  *** ner0x has quit IRC
2011-08-07T14:07:13  *** netcarver has joined #selenium
2011-08-07T14:29:27  *** netcarver has quit IRC
2011-08-07T14:30:59  *** sdimkov has quit IRC
2011-08-07T14:36:20  *** sdimkov has joined #selenium
2011-08-07T14:43:28  *** jonathanrwallace has quit IRC
2011-08-07T14:44:04  *** jonathanrwallace has joined #selenium
2011-08-07T14:45:05  *** jonathanrwallace has quit IRC
2011-08-07T14:52:57  *** sdimkov has quit IRC
2011-08-07T14:54:35  *** sdimkov has joined #selenium
2011-08-07T14:55:26  *** jonathanrwallace has joined #selenium
2011-08-07T14:56:44  *** sdimkov_ has joined #selenium
2011-08-07T15:04:33  *** jonathanrwallace has quit IRC
2011-08-07T15:05:04  *** sdimkov has quit IRC
2011-08-07T15:05:22  *** sdimkov has joined #selenium
2011-08-07T15:07:14  *** jonathanrwallace has joined #selenium
2011-08-07T15:08:01  *** sdimkov has quit IRC
2011-08-07T15:08:17  *** sdimkov has joined #selenium
2011-08-07T15:08:29  *** sdimkov has quit IRC
2011-08-07T15:09:37  *** sdimkov has joined #selenium
2011-08-07T15:11:25  *** jonathanrwallace has quit IRC
2011-08-07T15:19:16  *** Mayank has joined #selenium
2011-08-07T15:40:03  *** Mayank has quit IRC
2011-08-07T15:41:19  *** cakehero has joined #selenium
2011-08-07T15:49:46  *** ner0x has joined #selenium
2011-08-07T16:06:53  *** jonathanrwallace has joined #selenium
2011-08-07T16:18:02  *** ian_mac has joined #selenium
2011-08-07T16:44:15  *** ian_mac has quit IRC
2011-08-07T16:44:21  *** ian_mac has joined #selenium
2011-08-07T16:59:56  *** jonathan_ has joined #selenium
2011-08-07T17:00:11  *** jonathanrwallace has quit IRC
2011-08-07T17:00:18  *** xirkus has quit IRC
2011-08-07T17:00:22  *** jonathan_ is now known as Guest85883
2011-08-07T17:00:39  *** xirkus has joined #selenium
2011-08-07T17:11:50  *** miker2 has joined #selenium
2011-08-07T17:15:19  *** cerberos has joined #selenium
2011-08-07T17:20:12  *** miker2 has quit IRC
2011-08-07T17:23:36  *** cerberos has quit IRC
2011-08-07T17:33:25  *** miker2 has joined #selenium
2011-08-07T17:45:03  *** ian_mac has quit IRC
2011-08-07T17:45:10  *** ian_mac has joined #selenium
2011-08-07T17:49:35  *** ner0x has quit IRC
2011-08-07T18:09:49  *** miker2 has quit IRC
2011-08-07T18:34:00  *** cerberos has joined #selenium
2011-08-07T18:40:17  *** csalo has joined #selenium
2011-08-07T18:54:50  *** plightbo has joined #selenium
2011-08-07T19:10:48  <csalo> hello, i am trying to run webdriver using celery but i keep getting this error, raise WebDriverException("Can't load the profile. Profile Dir : %s" % self.profile.path) WebDriverException: Message: None
2011-08-07T19:14:07  *** csalo has quit IRC
2011-08-07T19:42:05  *** sdimkov_ has joined #selenium
2011-08-07T20:08:45  *** sdimkov_ has quit IRC
2011-08-07T20:10:47  *** plightbo has quit IRC
2011-08-07T20:45:12  *** sdimkov has quit IRC
2011-08-07T21:00:48  *** pythonirc101 has quit IRC
2011-08-07T21:09:26  *** cakehero has quit IRC
2011-08-07T21:13:00  *** sdimkov has joined #selenium
2011-08-07T21:39:25  *** jeffery has joined #selenium
2011-08-07T21:56:23  *** pnitin has joined #selenium
2011-08-07T22:00:22  *** sdimkov_ has joined #selenium
2011-08-07T22:00:35  *** Fyrespray has joined #selenium
2011-08-07T22:06:30  *** brettporter has joined #selenium
2011-08-07T22:07:35  *** Ajay_ has joined #selenium
2011-08-07T22:10:30  <Ajay_> #441
2011-08-07T22:10:31  <selbot2>  open/needsclarification deleteAllVisibleCookies fails if a cookie name contains % character - http://code.google.com/p/selenium/issues/detail?id=441 [Type-Defect Priority-Medium Usability Component-IDE]
2011-08-07T22:12:27  *** jeffery has quit IRC
2011-08-07T22:15:09  <Ajay_> is decodeURIComponent needed on cookie names ?
2011-08-07T22:19:14  *** zmijunkie has quit IRC
2011-08-07T22:22:03  *** Fyrespray has quit IRC
2011-08-07T22:23:13  *** rbalent has joined #selenium
2011-08-07T22:23:13  *** rbalent has joined #selenium
2011-08-07T22:34:29  *** andialbrecht_ is now known as andialbrecht
2011-08-07T22:58:39  *** andialbrecht is now known as andialbrecht_
2011-08-07T23:17:59  *** lfryc has joined #selenium
2011-08-07T23:25:38  *** lfryc is now known as lfryc_wfh
2011-08-07T23:32:55  *** sdimkov_ has quit IRC
2011-08-07T23:52:29  *** csanchez has joined #selenium
2011-08-07T23:54:20  *** Guest85883 has quit IRC
2011-08-07T23:54:59  *** zmijunkie has joined #selenium
