2011-03-06T00:10:41  *** dmachi1 has joined #selenium
2011-03-06T00:10:41  *** dmachi has quit IRC
2011-03-06T00:28:24  *** Fyrespray has joined #selenium
2011-03-06T00:29:52  *** admc has quit IRC
2011-03-06T00:34:44  *** Fyrespray has quit IRC
2011-03-06T01:05:47  *** ner0x has quit IRC
2011-03-06T01:27:55  *** Fyrespray has joined #selenium
2011-03-06T01:57:54  *** Fyrespray^ has joined #selenium
2011-03-06T02:01:03  *** Fyrespray has quit IRC
2011-03-06T02:22:10  *** jonathanrwallace has quit IRC
2011-03-06T02:27:24  *** jonathanrwallace has joined #selenium
2011-03-06T04:29:01  *** cpg is now known as cpg|away
2011-03-06T04:45:23  *** reddevil is now known as reddeviL
2011-03-06T05:04:16  *** ej has joined #selenium
2011-03-06T06:19:34  *** wsmoak has joined #selenium
2011-03-06T06:19:34  *** wsmoak has joined #selenium
2011-03-06T06:50:57  *** nitin has quit IRC
2011-03-06T07:15:25  <selbot2> jari.bakken less than a minute ago - JariBakken: Remove 'should switch to frame by Element' spec guard for IE. - http://code.google.com/p/selenium/source/detail?r=11599
2011-03-06T07:20:20  *** reddeviL is now known as reddevil
2011-03-06T07:29:47  *** brettporter has joined #selenium
2011-03-06T07:29:47  *** brettporter has joined #selenium
2011-03-06T07:29:54  <selbot2> jmleyba half a minute ago - JasonLeyba: Document element locators in the wire protocol. Fixes issue 1365. - http://code.google.com/p/selenium/source/detail?r=11600
2011-03-06T08:09:46  *** nitin has joined #selenium
2011-03-06T08:14:31  *** nitin has quit IRC
2011-03-06T08:14:52  *** nitin has joined #selenium
2011-03-06T08:24:30  *** ner0x has joined #selenium
2011-03-06T08:28:31  *** ner0x has quit IRC
2011-03-06T08:30:45  *** jonathanrwallace has quit IRC
2011-03-06T08:31:45  *** jonathanrwallace has joined #selenium
2011-03-06T08:54:17  *** brettporter has quit IRC
2011-03-06T09:21:22  *** santiycr has joined #selenium
2011-03-06T09:22:35  *** santiycr_brb has joined #selenium
2011-03-06T09:26:25  *** santiycr has quit IRC
2011-03-06T09:26:25  *** santiycr_brb is now known as santiycr
2011-03-06T09:43:00  *** brettporter has joined #selenium
2011-03-06T09:43:00  *** brettporter has joined #selenium
2011-03-06T10:32:21  *** nitin has quit IRC
2011-03-06T10:36:27  *** santiycr has quit IRC
2011-03-06T10:47:31  *** ner0x has joined #selenium
2011-03-06T11:09:21  *** rbalent has joined #selenium
2011-03-06T11:26:42  *** nirvdrum has joined #selenium
2011-03-06T11:39:24  <selbot2> simon.m.stewart half a minute ago - SimonStewart: Reporting whether or not the prompt service supports an interface if the wrapped prompt service does so - http://code.google.com/p/selenium/source/detail?r=11601
2011-03-06T11:39:55  <selbot2> simon.m.stewart half a minute ago - SimonStewart: Firefox does not understand the --verbose flag - http://code.google.com/p/selenium/source/detail?r=11602
2011-03-06T11:40:54  <selbot2> simon.m.stewart less than 20 seconds ago - SimonStewart on behalf of MarcGuillemot: Allowing arrays to be passed to the htmlunit driver when executing JS - http://code.google.com/p/selenium/source/detail?r=11603
2011-03-06T11:48:35  *** admc has joined #selenium
2011-03-06T12:10:45  *** dmachi has joined #selenium
2011-03-06T12:10:46  *** dmachi1 has quit IRC
2011-03-06T12:55:13  *** esteele has joined #selenium
2011-03-06T13:07:58  *** admc has quit IRC
2011-03-06T13:08:46  *** reddevil is now known as reddeviL
2011-03-06T13:18:48  *** Soroushi has joined #selenium
2011-03-06T13:24:21  *** rbalent has quit IRC
2011-03-06T13:26:01  *** cpg|away is now known as cpg
2011-03-06T13:33:31  *** admc has joined #selenium
2011-03-06T13:34:16  *** ner0x has quit IRC
2011-03-06T13:44:31  *** selbot` has joined #selenium
2011-03-06T13:44:31  -kornbluth.freenode.net- [freenode-info] channel trolls and no channel staff around to help? please check with freenode support: http://freenode.net/faq.shtml#gettinghelp
2011-03-06T13:44:36  *** Steve__ has joined #selenium
2011-03-06T13:45:48  *** AaronBar1 has joined #selenium
2011-03-06T13:45:48  *** andialbr1cht_ has joined #selenium
2011-03-06T13:46:49  *** andialbrecht_ has quit IRC
2011-03-06T13:46:49  *** AaronBarr has quit IRC
2011-03-06T13:46:49  *** Fyrespray^ has quit IRC
2011-03-06T13:46:50  *** selbot has quit IRC
2011-03-06T13:46:50  *** stlewis has quit IRC
2011-03-06T13:46:51  *** nirvdrum has quit IRC
2011-03-06T13:46:57  *** nirvdrum has joined #selenium
2011-03-06T13:47:13  *** brettporter has quit IRC
2011-03-06T13:49:54  <selbot2> jari.bakken less than 20 seconds ago - JariBakken: Remove --verbose from Fx command line flags. - http://code.google.com/p/selenium/source/detail?r=11604
2011-03-06T13:50:24  <selbot2> jari.bakken half a minute ago - JariBakken: Set method to 'unknown' if not provided in the server's stack frame. - http://code.google.com/p/selenium/source/detail?r=11605
2011-03-06T13:51:08  *** esteele is now known as esteele|away
2011-03-06T13:56:17  *** Soroushi has quit IRC
2011-03-06T13:57:52  *** nirvdrum has quit IRC
2011-03-06T14:11:29  *** Steve__ has quit IRC
2011-03-06T14:42:13  *** brettporter has joined #selenium
2011-03-06T14:42:14  *** brettporter has joined #selenium
2011-03-06T14:46:18  *** brettporter_ has joined #selenium
2011-03-06T14:46:18  *** brettporter_ has joined #selenium
2011-03-06T14:46:18  *** brettporter has quit IRC
2011-03-06T14:46:19  *** brettporter_ is now known as brettporter
2011-03-06T14:53:59  *** davehunt|away has quit IRC
2011-03-06T15:27:05  *** mbeierl has quit IRC
2011-03-06T15:45:26  *** nirvdrum has joined #selenium
2011-03-06T15:46:32  *** esteele|away is now known as esteele
2011-03-06T15:49:07  *** cpg is now known as cpg|brb
2011-03-06T15:58:00  *** cpg|brb is now known as cpg
2011-03-06T16:02:56  *** nirvdrum_ has joined #selenium
2011-03-06T16:03:06  *** keturn has quit IRC
2011-03-06T16:03:06  *** nirvdrum has quit IRC
2011-03-06T16:03:06  *** keturn has joined #selenium
2011-03-06T16:08:16  *** esteele is now known as esteele|away
2011-03-06T17:25:41  *** sephinroth has joined #selenium
2011-03-06T18:04:24  *** admc has quit IRC
2011-03-06T18:12:21  *** nitin has joined #selenium
2011-03-06T18:27:10  *** esteele|away has quit IRC
2011-03-06T18:36:23  *** wsmoak has quit IRC
2011-03-06T18:45:31  *** wsmoak has joined #selenium
2011-03-06T18:45:31  *** wsmoak has joined #selenium
2011-03-06T18:50:16  *** csanchez has joined #selenium
2011-03-06T18:53:38  *** esteele has joined #selenium
2011-03-06T19:05:42  *** esteele is now known as esteele|away
2011-03-06T20:01:13  *** nitin has quit IRC
2011-03-06T20:03:48  *** cpg is now known as cpg|away
2011-03-06T20:12:52  *** admc has joined #selenium
2011-03-06T20:19:13  *** cpg|away is now known as cpg
2011-03-06T21:12:41  *** admc has quit IRC
2011-03-06T21:17:58  *** nirvdrum_ has quit IRC
2011-03-06T21:27:40  *** csanchez has quit IRC
2011-03-06T21:30:29  *** brettporter has quit IRC
2011-03-06T21:32:24  *** nitin has joined #selenium
2011-03-06T21:49:07  *** kpiwko has joined #selenium
2011-03-06T22:00:46  *** brettporter has joined #selenium
2011-03-06T22:00:47  *** brettporter has joined #selenium
2011-03-06T22:34:29  *** AaronBar1 has quit IRC
2011-03-06T22:35:31  *** brettporter has quit IRC
2011-03-06T22:36:03  *** AaronBarr has joined #selenium
2011-03-06T22:38:57  *** csanchez has joined #selenium
2011-03-06T22:43:21  *** selbot2_ has joined #selenium
2011-03-06T22:44:36  *** aculich_ has joined #selenium
2011-03-06T22:45:01  *** MadMerlin|work_ has joined #selenium
2011-03-06T22:45:29  *** jledbetter_ has joined #selenium
2011-03-06T22:45:43  *** ihme-TTilus has joined #selenium
2011-03-06T22:46:18  *** ato_ has joined #selenium
2011-03-06T22:47:48  *** jleyba_ has joined #selenium
2011-03-06T22:48:56  *** kpiwko has quit IRC
2011-03-06T22:48:57  *** TTilus has quit IRC
2011-03-06T22:48:57  *** jleyba has quit IRC
2011-03-06T22:48:58  *** selbot2 has quit IRC
2011-03-06T22:48:59  *** MadMerlin|work has quit IRC
2011-03-06T22:48:59  *** ato has quit IRC
2011-03-06T22:48:59  *** aculich has quit IRC
2011-03-06T22:49:00  *** jledbetter has quit IRC
2011-03-06T22:49:00  *** jleyba_ is now known as jleyba
2011-03-06T22:50:01  *** kpiwko has joined #selenium
2011-03-06T22:50:01  *** csanchez has quit IRC
2011-03-06T22:51:04  *** csanchez has joined #selenium
2011-03-06T23:09:49  *** reddeviL is now known as reddevil
2011-03-06T23:10:26  *** ihme-TTilus is now known as TTilus
2011-03-06T23:54:03  *** sburjan has joined #selenium
