2011-04-28T00:01:21  *** shveta has quit IRC
2011-04-28T00:07:10  *** uwjweq has joined #selenium
2011-04-28T00:12:02  *** lubsick has left #selenium
2011-04-28T00:21:07  *** csanchez has quit IRC
2011-04-28T00:27:33  *** zmijunkie has joined #selenium
2011-04-28T00:32:06  *** csanchez has joined #selenium
2011-04-28T00:34:02  *** lfryc has joined #selenium
2011-04-28T00:39:40  *** sjmikem has joined #selenium
2011-04-28T00:42:46  *** soc42 has joined #selenium
2011-04-28T00:43:07  *** sburjan has joined #selenium
2011-04-28T00:44:28  *** csanchez has quit IRC
2011-04-28T00:51:34  *** csanchez has joined #selenium
2011-04-28T01:04:06  *** lfryc has quit IRC
2011-04-28T01:42:25  *** Stuk has joined #selenium
2011-04-28T01:46:04  <Stuk> Is this test correct http://www.google.com/codesearch/p?hl=en#2tHw6m3DZzo/trunk/java/client/test/org/openqa/selenium/TypingTest.java&q=TypingTest.java%20package:http://selenium%5C.googlecode%5C.com&l=456 ?
2011-04-28T01:46:10  <Stuk> Should shift really be help down?
2011-04-28T01:54:55  *** lfryc has joined #selenium
2011-04-28T01:55:59  <uwjweq> How can I use xpaths with type?
2011-04-28T01:56:20  *** uwjweq has left #selenium
2011-04-28T02:00:01  *** rbalent has joined #selenium
2011-04-28T02:08:50  *** Alien_Freak has joined #selenium
2011-04-28T02:09:32  *** csgeek has quit IRC
2011-04-28T02:11:03  *** dave_miles_cf has joined #selenium
2011-04-28T02:11:03  *** dave_miles has joined #selenium
2011-04-28T02:11:13  *** dave_miles_cf has quit IRC
2011-04-28T02:33:53  *** amitev has quit IRC
2011-04-28T02:52:28  *** amitev has joined #selenium
2011-04-28T02:59:42  *** admc has quit IRC
2011-04-28T03:07:33  *** csanchez has quit IRC
2011-04-28T03:22:00  *** soc42 has quit IRC
2011-04-28T03:23:48  *** sjmikem has quit IRC
2011-04-28T03:28:20  *** anatoli has joined #selenium
2011-04-28T03:32:49  *** anatoli has quit IRC
2011-04-28T03:36:41  *** csanchez has joined #selenium
2011-04-28T03:46:11  *** dave_miles has quit IRC
2011-04-28T04:10:43  *** kaawee has joined #selenium
2011-04-28T04:11:02  <kaawee> Hello! Is anybody here with experience with selenium-webdriver?
2011-04-28T04:12:38  *** dave_miles has joined #selenium
2011-04-28T04:19:33  *** kylls has joined #selenium
2011-04-28T04:20:29  *** nirvdrum has joined #selenium
2011-04-28T04:23:22  *** barancev has joined #selenium
2011-04-28T04:26:03  <mashiara> define experience, I have used it a bit with python
2011-04-28T04:31:41  *** davemiles has joined #selenium
2011-04-28T04:31:43  *** nirvdrum has quit IRC
2011-04-28T04:35:12  *** dave_miles_wfh has quit IRC
2011-04-28T04:48:05  <pythonirc101> mashiara: how is webdriver looking from python? why not use the sel.ide+python?
2011-04-28T04:50:14  <mashiara> webdriver is pretty handy to use from python, I don't quite understand what you mean "sel.ide+python" if it's not using the ide to capture and then use the "save as python".
2011-04-28T04:50:57  <mashiara> I sometimes use the ide to get ideas on how to handle certain flows but always end up rewriting the test code
2011-04-28T04:57:33  <pythonirc101> mashiara: my problem is that i would like to use the webdriver interface
2011-04-28T04:57:44  <pythonirc101> but i right now just create the ide- save as python code, and then run it from python
2011-04-28T04:57:55  <pythonirc101> i thought that the webdriver code has to be written by hand, isnt it?
2011-04-28T04:58:36  <mashiara> not neccessarily, the ide code-generators are moving to use webdriver AFAIUnderstand
2011-04-28T04:59:03  <mashiara> anyway it's very easy to use
2011-04-28T04:59:39  <pythonirc101> you mean the webdriver is easy to use? how do you fill forms (login etc) using webdriver?
2011-04-28T05:01:03  *** brettporter has quit IRC
2011-04-28T05:02:14  <mashiara> http://friendpaste.com/1HOeGshaw5DLN4JmEGAQXQ
2011-04-28T05:02:32  <mashiara> not runnable as-is however
2011-04-28T05:03:17  <mashiara> since the common module is not there, but for this case it does not matter
2011-04-28T05:04:08  <mashiara> but basically you use the find_element_by_xxx methods to get the element instances and then use the interaction methods within
2011-04-28T05:04:09  <mashiara> ¨
2011-04-28T05:04:39  <mashiara> and of course since it's python you can just chain the find method with the interaction method
2011-04-28T05:23:32  *** RossPatterson has joined #selenium
2011-04-28T05:26:50  *** frohoff has quit IRC
2011-04-28T05:28:03  *** frohoff has joined #selenium
2011-04-28T05:29:14  *** nirvdrum has joined #selenium
2011-04-28T05:32:08  *** freynaud_ has joined #selenium
2011-04-28T05:33:08  *** erwandf has quit IRC
2011-04-28T05:43:56  *** cburroughs has joined #selenium
2011-04-28T05:45:20  *** adamgoucher has quit IRC
2011-04-28T05:47:46  *** freynaud has quit IRC
2011-04-28T05:47:46  *** freynaud_ is now known as freynaud
2011-04-28T05:49:02  *** selbot2_ has joined #selenium
2011-04-28T05:51:35  *** selbot2 has quit IRC
2011-04-28T05:54:13  *** kaawee has quit IRC
2011-04-28T05:57:36  *** dereke has joined #selenium
2011-04-28T05:58:29  *** kaawee has joined #selenium
2011-04-28T05:58:37  *** erwandf has joined #selenium
2011-04-28T06:09:07  *** nirvdrum has quit IRC
2011-04-28T06:09:38  *** Alien_Freak is now known as csgeek
2011-04-28T06:12:11  *** zmijunkie has quit IRC
2011-04-28T06:13:29  *** mbeierl has joined #selenium
2011-04-28T06:18:43  *** dmachi1 has joined #selenium
2011-04-28T06:18:43  *** dmachi has quit IRC
2011-04-28T06:19:09  *** adamgoucher has joined #selenium
2011-04-28T06:19:28  *** jimevans has joined #selenium
2011-04-28T06:19:52  <jimevans> g'day all
2011-04-28T06:20:58  <RossPatterson> Happy almost-Friday!
2011-04-28T06:21:00  <jimevans> apparently, i finally got jeff atwood's (from StackExchange) attention
2011-04-28T06:21:40  <RossPatterson> On the SE site, or directly?  Got a link to share?
2011-04-28T06:22:17  <jimevans> no, i was an ass^h^h^h^h^h^h^h deliberately provocative on twitter.
2011-04-28T06:22:25  <RossPatterson> LOL
2011-04-28T06:24:17  <jimevans> I used the word "extortion" to describe how the stackexchange community treated the selenium proposal.
2011-04-28T06:24:46  <jimevans> in retrospect, the word was ill-chosen in that it doesn't describe the situation, but i wanted to provoke a reaction
2011-04-28T06:24:54  <RossPatterson> I just saw.  Should be interesting, although I expect he's used to being called out from time to time.
2011-04-28T06:32:26  *** mashiara has quit IRC
2011-04-28T06:34:44  *** dmachi1 is now known as dmachi
2011-04-28T06:38:56  *** csanchez has quit IRC
2011-04-28T06:52:14  *** pnitin has quit IRC
2011-04-28T06:52:33  *** adamgoucher has quit IRC
2011-04-28T07:04:28  <Archdude> !seen antlong
2011-04-28T07:04:49  *** adamgoucher has joined #selenium
2011-04-28T07:12:16  *** incorrect has joined #selenium
2011-04-28T07:13:31  <incorrect> will there be support for firefox4 soon for selenium ide?
2011-04-28T07:18:57  *** Souvent22 has joined #selenium
2011-04-28T07:19:01  *** gronky has quit IRC
2011-04-28T07:25:40  <jarib> Archdude: :seen
2011-04-28T07:25:49  <Archdude> :seen antlong
2011-04-28T07:25:49  <selbot2_> antlong was last seen 5 days ago, leaving.
2011-04-28T07:29:09  *** stepheneb has joined #selenium
2011-04-28T07:32:59  <RossPatterson> :seen my sunglasses?
2011-04-28T07:32:59  <selbot2_> I haven't seen my sunglasses?.
2011-04-28T07:47:12  *** andytinkham has joined #selenium
2011-04-28T07:50:36  <Souvent22> anyone worked with slenium and maven?...
2011-04-28T07:51:17  <Souvent22> the selenium-maven-plugin seems to statically use selenium 1.x, i can't find a way to start my selenium server ( 2.x ) in my pom? Any suggestions?
2011-04-28T07:53:11  *** gronky has joined #selenium
2011-04-28T07:54:32  *** gronky has left #selenium
2011-04-28T07:57:10  *** nirvdrum has joined #selenium
2011-04-28T08:01:03  *** barancev has quit IRC
2011-04-28T08:01:56  <RossPatterson> There aren't a lot of Maven mavens in the Selenium group.  You might be better off posting to the selenium-developers list - the few Maven folks seem to be developers.
2011-04-28T08:03:12  *** dave_miles has quit IRC
2011-04-28T08:04:53  <Souvent22> gotcha. thx.
2011-04-28T08:17:14  *** rbalent has quit IRC
2011-04-28T08:20:49  *** csanchez has joined #selenium
2011-04-28T08:21:37  *** udesh has joined #selenium
2011-04-28T08:27:27  *** jleyba has joined #selenium
2011-04-28T08:27:35  *** sburjan has quit IRC
2011-04-28T08:33:05  *** bebef_1987 has quit IRC
2011-04-28T08:34:34  *** |izzie has joined #selenium
2011-04-28T08:35:54  *** pnitin has joined #selenium
2011-04-28T08:39:41  *** sjmikem has joined #selenium
2011-04-28T08:40:28  *** ammar01 has quit IRC
2011-04-28T08:49:03  *** lfryc has quit IRC
2011-04-28T08:50:09  *** erwandf has quit IRC
2011-04-28T08:52:59  *** amitev has quit IRC
2011-04-28T08:53:08  *** anatoli has joined #selenium
2011-04-28T08:57:26  *** anatoli has quit IRC
2011-04-28T09:02:56  *** cburroughs has quit IRC
2011-04-28T09:11:06  *** uwjweq has joined #selenium
2011-04-28T09:11:56  <uwjweq> I am running my selenium tests in xephyr and for some reason the background Image dissapears every now and thenk, does anybody know this effect?
2011-04-28T09:13:04  *** sjmikem has quit IRC
2011-04-28T09:16:16  *** towski has joined #selenium
2011-04-28T09:17:22  *** uwjweq has quit IRC
2011-04-28T09:19:26  *** nitin_ has joined #selenium
2011-04-28T09:21:13  *** pnitin has quit IRC
2011-04-28T09:23:30  *** phdaemon|AFK is now known as ChaosBringer
2011-04-28T09:25:04  *** ahal has joined #selenium
2011-04-28T09:34:57  <selbot2_> jmleyba less than 20 seconds ago - JasonLeyba: Do not use @license comment blocks in atoms-based code. - http://code.google.com/p/selenium/source/detail?r=12082
2011-04-28T09:36:34  *** sfbrian has joined #selenium
2011-04-28T09:50:04  *** csanchez has quit IRC
2011-04-28T09:51:07  *** cburroughs has joined #selenium
2011-04-28T09:52:59  *** Spanktar has joined #selenium
2011-04-28T09:59:27  <selbot2_> berrada@google.com less than 10 seconds ago - DouniaBerrada: Adding temporary fix to inject.js to initialize the nextId. Sometimes cache.nextId isn't initialized though the cache exists. - http://code.google.com/p/selenium/source/detail?r=12083
2011-04-28T10:01:26  <selbot2_> berrada@google.com half a minute ago - DouniaBerrada: Adding injectable isDisplayed. - http://code.google.com/p/selenium/source/detail?r=12084
2011-04-28T10:03:25  *** sjmikem has joined #selenium
2011-04-28T10:32:20  *** mbeierl has quit IRC
2011-04-28T10:32:35  *** mbeierl has joined #selenium
2011-04-28T10:36:47  *** adamgoucher has quit IRC
2011-04-28T10:41:25  *** nirvdrum_ has joined #selenium
2011-04-28T10:41:25  *** nirvdrum has quit IRC
2011-04-28T10:42:56  *** kylls1 has joined #selenium
2011-04-28T10:42:56  *** kylls1 has joined #selenium
2011-04-28T10:44:36  *** adamgoucher has joined #selenium
2011-04-28T10:48:20  *** adamgoucher has quit IRC
2011-04-28T10:50:50  *** adamgoucher has joined #selenium
2011-04-28T10:53:27  *** barancev has joined #selenium
2011-04-28T10:53:32  *** AutomatedTester has joined #selenium
2011-04-28T10:54:48  *** barancev has quit IRC
2011-04-28T10:54:52  *** mbeierl1 has joined #selenium
2011-04-28T10:55:22  *** mbeierl has quit IRC
2011-04-28T10:58:04  *** mbeierl1 has quit IRC
2011-04-28T10:58:26  *** mbeierl has joined #selenium
2011-04-28T11:00:17  *** andytinkham has quit IRC
2011-04-28T11:04:36  *** erwandf has joined #selenium
2011-04-28T11:04:58  *** jimevans has quit IRC
2011-04-28T11:10:22  *** barancev has joined #selenium
2011-04-28T11:18:35  *** Spanktar has quit IRC
2011-04-28T11:19:57  <selbot2_> ericpallen@gmail.com half a minute ago - EricPAllen: Time out TCPSocket when trying to connect to Firefox - http://code.google.com/p/selenium/source/detail?r=12085
2011-04-28T11:19:59  *** kaawee has quit IRC
2011-04-28T11:20:29  *** Rajan has joined #selenium
2011-04-28T11:22:52  *** Souvent22_ has joined #selenium
2011-04-28T11:23:09  *** Souvent22 has quit IRC
2011-04-28T11:23:09  *** Souvent22_ is now known as Souvent22
2011-04-28T11:27:45  *** Souvent22 has quit IRC
2011-04-28T11:28:14  *** AutomatedTester has quit IRC
2011-04-28T11:29:47  *** epall has joined #selenium
2011-04-28T11:30:10  <epall> anybody here know what magic incantation to give CrazyFun to make it build the ruby gem?
2011-04-28T11:32:17  *** nirvdrum_ is now known as nirvdrum
2011-04-28T11:32:27  <epall> ah got it: ./go //rb:gem:buil
2011-04-28T11:33:29  *** csanchez has joined #selenium
2011-04-28T11:38:02  *** andytinkham has joined #selenium
2011-04-28T11:40:08  *** andytinkham has quit IRC
2011-04-28T11:41:34  *** andytinkham has joined #selenium
2011-04-28T11:42:49  *** admc1 has joined #selenium
2011-04-28T11:43:18  <jarib> epall: hi, commented on your change (on google code)
2011-04-28T11:43:27  <epall> thanks! reading through http://www.mikeperham.com/2009/03/15/socket-timeouts-in-ruby/ now
2011-04-28T11:43:41  <jarib> cool
2011-04-28T11:44:05  <jarib> weird, i've never seen it hang like that
2011-04-28T11:44:06  <epall> I'll try implementing the low-level socket stuff
2011-04-28T11:44:16  <jarib> thanks
2011-04-28T11:44:54  <epall> I suspect it's a strange interaction of Firefox, Darwin, and Ruby
2011-04-28T11:45:48  <jarib> i'm on the same platform, but usually run 1.9.2
2011-04-28T11:45:58  <andytinkham> epall: Sorry I disappeared mid-conversation yesterday. Got pulled into an urgent conversation, and you seemed away when I got back :/
2011-04-28T11:46:06  <epall> andytinkham: no worries!
2011-04-28T11:46:14  <epall> looking forward to the blog series
2011-04-28T11:46:33  <andytinkham> Thanks! What's the tool you're alpha testing?
2011-04-28T11:47:16  <epall> I'm building something akin to a page object model
2011-04-28T11:47:46  <epall> to get people writing tests at a higher level of abstraction
2011-04-28T11:47:50  <epall> making the tests less brittle
2011-04-28T11:48:40  *** mrfurio has joined #selenium
2011-04-28T11:48:49  <andytinkham> Sounds interesting. I'd like to take a look at some point. Not sure we'd be a good alpha test site (since I've built a lot of abstractions already), but I'd definitely like to see more
2011-04-28T11:49:04  <epall> sure, will add you to the list!
2011-04-28T11:49:07  <andytinkham> Thanks!
2011-04-28T11:51:10  <epall> I'm hoping to make this an example others can port from
2011-04-28T11:51:27  <epall> so I suspect there'll be some things you can borrow :)
2011-04-28T11:52:45  <epall> jarib: setting SO_RCVTIMO and SO_SNDTIMEO didn't help
2011-04-28T11:52:57  <epall> it's actually a lot worse now...54% failure rate
2011-04-28T11:53:05  <jarib> oO
2011-04-28T11:53:47  <jarib> do you have a script to test it? i can try with the same ruby here
2011-04-28T11:54:00  <epall> yea, will send script in a  sec
2011-04-28T11:54:13  <epall> so here's the change I made to SocketPoller: http://pastie.org/1844475
2011-04-28T11:54:38  <epall> and test script: http://pastie.org/1844479
2011-04-28T11:55:07  <jarib> ok, i'll take a look
2011-04-28T11:59:52  *** dave_miles has joined #selenium
2011-04-28T12:00:36  *** davemiles has quit IRC
2011-04-28T12:01:29  <epall> so using the low-level Socket API but not setting SO_RCVTIMEO/SO_SNDTIMEO helps
2011-04-28T12:01:34  <epall> but doesn't completely fix the problem
2011-04-28T12:02:29  <epall> scratch that, doesn't help at all
2011-04-28T12:02:31  <jarib> i've got a 0% failure rate on 1.9.2. i'll try 1.8.7-p330
2011-04-28T12:02:31  <epall> going to try connect_nonblock
2011-04-28T12:05:44  <epall> nonblock is even worse
2011-04-28T12:06:25  *** mashiara has joined #selenium
2011-04-28T12:06:32  <jarib> sounds like you're close to figuring out the root cause :)
2011-04-28T12:08:43  <jarib> i got 2 failures (2.67%) with -p330
2011-04-28T12:08:43  *** udesh has quit IRC
2011-04-28T12:11:36  <epall> alright, think I might have a solution
2011-04-28T12:11:41  <epall> root cause? hell no. Reasonable patch? Maybe :)
2011-04-28T12:12:11  <epall> at what point are we going to be able to give up on 1.8?
2011-04-28T12:12:20  <epall> as a Ruby community, that is
2011-04-28T12:13:46  <jarib> good question
2011-04-28T12:14:29  <jarib> i have a feeling the problem may be socket contention
2011-04-28T12:14:49  <jarib> you never see this happen on the first iteration, right?
2011-04-28T12:16:15  <epall> I have seen it fail on the first iteration
2011-04-28T12:16:27  <epall> but that may have been right after I ran the command
2011-04-28T12:16:32  <epall> by contention you mean TIME_WAIT sockets?
2011-04-28T12:16:40  <epall> or whatever they're called..
2011-04-28T12:16:44  <jarib> yeah
2011-04-28T12:16:54  <epall> hm
2011-04-28T12:17:32  <epall> well I seem to have a working version of SocketPoller using connect_nonblock
2011-04-28T12:18:13  <jarib> ok?
2011-04-28T12:18:23  <epall> :)
2011-04-28T12:18:52  <epall> http://pastie.org/1844575
2011-04-28T12:19:08  <epall> I'm also getting the Safe Mode warning occasionally
2011-04-28T12:19:22  <epall> could it be that @driver.quit isn't really finishing?
2011-04-28T12:19:48  <jarib> it waits until firefox (i.e. the server) dies
2011-04-28T12:19:59  <jarib> but the socket may be left in TIME_WAIT
2011-04-28T12:20:03  <epall> right
2011-04-28T12:20:16  <epall> with the additional information of the "Safe Mode" popup appearing occasionally
2011-04-28T12:20:26  <epall> I'm inclined to believe that waiting for the process to die isn't quite enough
2011-04-28T12:20:27  *** admc1 has quit IRC
2011-04-28T12:20:39  <jarib> yeah, i get the Safe Mode too
2011-04-28T12:20:44  <jarib> no idea what that's about
2011-04-28T12:20:53  <epall> I'll be a sleep after quit fixes everything
2011-04-28T12:20:54  <jarib> simon tells me he never has seen it
2011-04-28T12:21:23  <jarib> i think he's lying :)
2011-04-28T12:21:24  <epall> simon says a lot of things
2011-04-28T12:21:24  *** stepheneb has quit IRC
2011-04-28T12:22:00  <jarib> epall: a sleep probably fixes it, though i'd rather investigate a little more than slow everyone down ;)
2011-04-28T12:22:07  <epall> yea, I agree
2011-04-28T12:22:13  <epall> I'm going to try the sleep to get more information
2011-04-28T12:27:08  <jarib> nah, i don't think this is it
2011-04-28T12:27:19  <epall> sleep 1 didn't fix things, so I'm inclined to believe that the Safe Mode thing is unrelated
2011-04-28T12:28:08  <jarib> i reverted to the current trunk (your Timeout fix) and did an `lsof -i TCP:#{@port}` in the rescue
2011-04-28T12:28:18  <jarib> and firefox is definitely listening
2011-04-28T12:31:26  <epall> hm
2011-04-28T12:31:54  <epall> "sleep 5" after quit didn't work
2011-04-28T12:32:16  <epall> so I'm inclined to commit this fix and move on
2011-04-28T12:32:40  <jarib> aye
2011-04-28T12:33:03  <epall> thanks for your help!
2011-04-28T12:33:31  <jarib> likewise
2011-04-28T12:34:27  <selbot2_> ericpallen@gmail.com less than 20 seconds ago - EricPAllen: Don't use Timeout library - http://code.google.com/p/selenium/source/detail?r=12086
2011-04-28T12:46:33  <barancev> jarib: have you seen that #1305 has a patch attached? it seems to resolve the issue, I've applied and checked it
2011-04-28T12:46:33  <selbot2_>  open/new FirefoxDriver hangs when clicking an element in an iframe generates a modal window / alert. - http://code.google.com/p/selenium/issues/detail?id=1305
2011-04-28T12:48:03  *** freynaud has quit IRC
2011-04-28T12:50:26  <jarib> barancev: yeah, someone else will need to review it. i'm not too familiar with that part of the code base
2011-04-28T12:52:22  <barancev> jarib: oh, I've seen your comment and thought you put your hand on this issue :)
2011-04-28T12:53:19  <jarib> just labeling it
2011-04-28T12:56:56  *** RossPatterson has quit IRC
2011-04-28T12:58:40  *** esteele has joined #selenium
2011-04-28T12:58:48  *** mrfurio has quit IRC
2011-04-28T12:59:40  *** esteele has left #selenium
2011-04-28T13:02:00  *** adamgouchertoo has joined #selenium
2011-04-28T13:02:00  *** adamgoucher has quit IRC
2011-04-28T13:02:01  *** adamgouchertoo is now known as adamgoucher
2011-04-28T13:05:12  *** sjmikem has quit IRC
2011-04-28T13:36:24  *** brettporter has joined #selenium
2011-04-28T13:46:12  *** mbeierl has quit IRC
2011-04-28T13:47:40  *** cburroughs has quit IRC
2011-04-28T13:54:58  *** erwandf has quit IRC
2011-04-28T13:59:16  *** kylls1 has quit IRC
2011-04-28T13:59:39  *** kylls has quit IRC
2011-04-28T14:04:29  *** csanchez has quit IRC
2011-04-28T14:05:38  *** ian_mac has joined #selenium
2011-04-28T14:11:02  *** plightbo has joined #selenium
2011-04-28T14:17:58  *** anatoli has joined #selenium
2011-04-28T14:21:17  *** sjmikem has joined #selenium
2011-04-28T14:22:47  *** anatoli has quit IRC
2011-04-28T14:24:13  *** nirvdrum has quit IRC
2011-04-28T14:25:50  *** ian_mac has quit IRC
2011-04-28T14:27:57  <selbot2_> jari.bakken half a minute ago - JariBakken: Avoid IPv6 in SocketPoller. - http://code.google.com/p/selenium/source/detail?r=12087
2011-04-28T14:27:57  <selbot2_> jari.bakken half a minute ago - JariBakken: Remove minor duplication, remove redundant require. - http://code.google.com/p/selenium/source/detail?r=12088
2011-04-28T14:27:57  <selbot2_> jari.bakken less than 20 seconds ago - JariBakken: Of course, Windows' socket semantics are not quite the same. - http://code.google.com/p/selenium/source/detail?r=12089
2011-04-28T14:40:40  *** Spanktar has joined #selenium
2011-04-28T14:44:16  *** sjmikem1 has joined #selenium
2011-04-28T14:45:30  *** sjmikem has quit IRC
2011-04-28T14:45:55  *** plightbo has quit IRC
2011-04-28T14:52:22  *** plightbo has joined #selenium
2011-04-28T14:57:09  *** xirkus has quit IRC
2011-04-28T14:58:46  *** epall has quit IRC
2011-04-28T14:59:03  *** xirkus has joined #selenium
2011-04-28T15:12:56  *** sjmikem1 has quit IRC
2011-04-28T15:13:20  *** sjmikem has joined #selenium
2011-04-28T15:14:34  *** plightbo has quit IRC
2011-04-28T15:41:54  *** sjmikem has quit IRC
2011-04-28T15:42:08  *** sjmikem has joined #selenium
2011-04-28T15:55:57  *** nitin_ has quit IRC
2011-04-28T15:55:58  *** anatoli has joined #selenium
2011-04-28T15:57:38  *** adamgouchertoo has joined #selenium
2011-04-28T16:00:47  *** adamgoucher has quit IRC
2011-04-28T16:00:47  *** adamgouchertoo is now known as adamgoucher
2011-04-28T16:03:06  *** kaawee has joined #selenium
2011-04-28T16:09:51  *** adamgouchertoo has joined #selenium
2011-04-28T16:10:42  *** sjmikem has quit IRC
2011-04-28T16:11:08  *** sjmikem has joined #selenium
2011-04-28T16:11:08  *** mbeierl has joined #selenium
2011-04-28T16:13:03  *** adamgoucher has quit IRC
2011-04-28T16:13:03  *** adamgouchertoo is now known as adamgoucher
2011-04-28T16:18:35  *** adamgouchertoo has joined #selenium
2011-04-28T16:18:35  *** adamgoucher has quit IRC
2011-04-28T16:18:36  *** adamgouchertoo is now known as adamgoucher
2011-04-28T16:21:28  *** andytinkham has quit IRC
2011-04-28T16:36:42  *** dave_miles_wfh has joined #selenium
2011-04-28T16:39:24  *** dave_miles has quit IRC
2011-04-28T16:39:41  *** sjmikem has quit IRC
2011-04-28T16:40:02  *** sjmikem has joined #selenium
2011-04-28T16:43:53  *** jleyba has quit IRC
2011-04-28T16:49:17  *** plightbo has joined #selenium
2011-04-28T16:49:45  *** frohoff has quit IRC
2011-04-28T16:49:58  *** frohoff has joined #selenium
2011-04-28T16:50:38  *** plightbo has quit IRC
2011-04-28T16:52:07  *** frohoff has quit IRC
2011-04-28T16:52:17  *** frohoff has joined #selenium
2011-04-28T17:01:19  *** kaawee has quit IRC
2011-04-28T17:08:45  *** sjmikem has quit IRC
2011-04-28T17:08:57  *** sjmikem has joined #selenium
2011-04-28T17:09:01  *** sfbrian has quit IRC
2011-04-28T17:34:21  *** Spanktar has quit IRC
2011-04-28T17:37:24  *** sjmikem has quit IRC
2011-04-28T17:37:45  *** sjmikem has joined #selenium
2011-04-28T17:55:52  *** ian_mac has joined #selenium
2011-04-28T17:58:19  *** kylls1 has joined #selenium
2011-04-28T17:58:24  *** kylls has joined #selenium
2011-04-28T18:01:34  *** Rajan has quit IRC
2011-04-28T18:06:17  *** sjmikem has quit IRC
2011-04-28T18:06:40  *** sjmikem has joined #selenium
2011-04-28T18:15:14  *** ian_mac has quit IRC
2011-04-28T18:30:02  *** sjmikem has quit IRC
2011-04-28T18:33:55  *** mbeierl has quit IRC
2011-04-28T18:42:52  *** mbeierl has joined #selenium
2011-04-28T18:43:40  *** ahal has quit IRC
2011-04-28T18:51:55  *** kylls1 has quit IRC
2011-04-28T18:52:03  *** kylls has quit IRC
2011-04-28T18:56:18  *** mbeierl has quit IRC
2011-04-28T19:00:27  *** nitin_ has joined #selenium
2011-04-28T19:09:24  *** towski has quit IRC
2011-04-28T19:10:44  *** ahal has joined #selenium
2011-04-28T19:44:11  *** ahal has quit IRC
2011-04-28T19:44:53  *** sjmikem has joined #selenium
2011-04-28T19:47:59  *** andyferra has joined #selenium
2011-04-28T19:57:33  *** nitin_ has quit IRC
2011-04-28T20:02:06  *** barancev has quit IRC
2011-04-28T20:06:05  *** nirvdrum has joined #selenium
2011-04-28T20:18:24  *** towski has joined #selenium
2011-04-28T20:53:08  *** nirvdrum has quit IRC
2011-04-28T21:43:18  *** barancev has joined #selenium
2011-04-28T21:45:49  *** pnitin has joined #selenium
2011-04-28T21:49:48  *** towski has quit IRC
2011-04-28T21:58:02  *** barancev has joined #selenium
2011-04-28T21:58:40  *** towski has joined #selenium
2011-04-28T22:00:18  *** barancev has quit IRC
2011-04-28T22:00:47  *** barancev has joined #selenium
2011-04-28T22:21:52  *** barancev has quit IRC
2011-04-28T22:24:48  *** barancev has joined #selenium
2011-04-28T22:31:34  *** erwandf has joined #selenium
2011-04-28T22:46:46  *** barancev has quit IRC
2011-04-28T22:52:00  *** amitev has joined #selenium
2011-04-28T22:55:37  *** towski has quit IRC
2011-04-28T22:55:42  *** Rajan1 has joined #selenium
2011-04-28T23:14:42  *** towski has joined #selenium
2011-04-28T23:40:38  *** csanchez has joined #selenium
2011-04-28T23:59:44  *** csanchez has quit IRC
