2011-09-09T00:05:11  *** stephend has quit IRC
2011-09-09T00:05:36  *** stephend has joined #selenium
2011-09-09T00:06:07  <Ajay> krosenvold_: how did your sessions go ?
2011-09-09T00:13:49  *** freynaud_ has joined #selenium
2011-09-09T00:19:51  *** ammar01 has joined #selenium
2011-09-09T00:27:32  <krosenvold_> Ajay: Intertesting ;) As usual I end up live-coding and without exceptions something goes wrong and I have to fix it. It certainly sets the mind racing. But I think it went well, people seemed satisifed ;)
2011-09-09T00:28:25  <krosenvold_> I helt a git course with Matthew Macullough and it's truly inspiring to work with someone that awesome
2011-09-09T00:30:41  *** stackedsax1 has joined #selenium
2011-09-09T00:32:02  *** sdimkov has joined #selenium
2011-09-09T00:32:58  <krosenvold_> I also seem to be unable to spell even the simplest of words correctly today so I assume that means I had a good time
2011-09-09T00:33:31  *** stackedsax has quit IRC
2011-09-09T00:35:28  *** stephend has quit IRC
2011-09-09T00:35:51  *** stephend has joined #selenium
2011-09-09T00:37:13  <andreastt> krosenvold_: If that's a mark of success I must be sucesfuh al teh tmie!
2011-09-09T00:37:26  <andreastt> Glad it went well, though.
2011-09-09T00:38:38  <freynaud_> good morning
2011-09-09T00:38:45  <andreastt> Morning!
2011-09-09T00:39:29  <andreastt> freynaud_: I'm glad to report that it's now possible to run multiple Operas concurrently with the latest Opera 12 snapshot on the same instance.
2011-09-09T00:39:40  <andreastt> … on GNU/Linux.
2011-09-09T00:39:47  <andreastt> So we're still missing Windows and OS X.
2011-09-09T00:39:50  <freynaud_> andreastt: that is very cool indeed
2011-09-09T00:40:58  *** mcr_mfc has joined #selenium
2011-09-09T00:45:12  *** dave_miles_wfh has quit IRC
2011-09-09T00:46:27  <Ajay> krosenvold_: Glad to hear that
2011-09-09T00:47:01  *** sdimkov has quit IRC
2011-09-09T00:51:41  *** stackedsax1 has quit IRC
2011-09-09T00:53:17  *** mcr_mfc1 has joined #selenium
2011-09-09T00:53:18  *** mcr_mfc has quit IRC
2011-09-09T00:56:16  <krosenvold_> andreastt: FTW
2011-09-09T00:56:42  <krosenvold_> Does anybody actually know the requirements for building on windows ?
2011-09-09T00:58:03  * krosenvold_ hates windows
2011-09-09T00:58:27  <Ajay> Are you trying the build the ie drivers ?
2011-09-09T00:59:44  <krosenvold_> selenium-java
2011-09-09T00:59:54  <krosenvold_> The closure compiler seems to be comlaining
2011-09-09T01:00:31  <krosenvold_> https://gist.github.com/1205737
2011-09-09T01:02:18  <Ajay> what is the go target ? calcdeps ?
2011-09-09T01:04:17  <krosenvold_> selenium-java
2011-09-09T01:04:43  <krosenvold_> I'm quite sure I'm using the wrong version of "somethign"
2011-09-09T01:04:57  <krosenvold_> Probably python
2011-09-09T01:06:16  *** MattR__ has joined #selenium
2011-09-09T01:06:16  *** mcr_mfc1 has quit IRC
2011-09-09T01:11:32  *** freynaud_ has left #selenium
2011-09-09T01:12:57  <Ajay> seems fine on my machine https://gist.github.com/1205737#comments
2011-09-09T01:15:08  <Ajay> running python 2.6.6
2011-09-09T01:21:59  *** cieufhrxmpfakoih has joined #selenium
2011-09-09T01:25:45  *** naeg has joined #selenium
2011-09-09T01:26:44  *** stephend has quit IRC
2011-09-09T01:27:03  *** stephend has joined #selenium
2011-09-09T01:27:38  <Ajay> :seen Stuk
2011-09-09T01:27:38  <selbot2_> Stuk was last seen about 17 hours ago, joining.
2011-09-09T01:27:50  <Stuk> Ajay: helloo
2011-09-09T01:28:44  <krosenvold_> Ajay: I wonder, I have pythong 2.6.5
2011-09-09T01:29:13  <krosenvold_> Ajay: Are you building under cygwin ?
2011-09-09T01:29:26  <krosenvold_> Or "dos" (whatever that actually /is/ )
2011-09-09T01:30:23  <krosenvold_> And which python implementation are you using ?
2011-09-09T01:39:55  <Ajay> dos
2011-09-09T01:40:20  <Ajay> :gist
2011-09-09T01:40:20  <selbot2_> Please paste >3 lines of text to http://gist.github.com
2011-09-09T01:40:57  <Ajay> https://gist.github.com/1205793
2011-09-09T01:41:28  *** OperaDriver has joined #selenium
2011-09-09T01:41:28  <OperaDriver> [operadriver] andreastt pushed 1 new commit to master: https://github.com/operasoftware/operadriver/commit/39592cbab347bb3c808d798262cedbcec4e522d1
2011-09-09T01:41:28  <OperaDriver> [operadriver/master] Adding logging of capabilities to CONFIG level - Andreas Tolf Tolfsen
2011-09-09T01:41:28  *** OperaDriver has left #selenium
2011-09-09T01:42:20  <Ajay> Stuk: Can i change the  CapabilitiesSanitizer :81
2011-09-09T01:42:22  <krosenvold_> Ajay: Is it safe to assume that I should be using 2.7.2 ?
2011-09-09T01:43:00  <Ajay> Hopefully it should
2011-09-09T01:43:03  <Ajay> Solve
2011-09-09T01:43:23  <andreastt> Ajay: Are you thinking about the return type?
2011-09-09T01:43:29  <Ajay> Yeah Number
2011-09-09T01:43:55  <Ajay> andreastt:  return ((Number) value).intValue();
2011-09-09T01:44:43  <andreastt> I didn't know about the Number class.
2011-09-09T01:44:59  <andreastt> Would it be possible to just cast to Number in the first place, so we could get rid of CapabilitiesSanitizer?
2011-09-09T01:45:19  <andreastt> (I think both Stuk and I agreed that it's an ugly hackish way of solving it.)
2011-09-09T01:46:31  <krosenvold_> Ajay: It seems like I had a broken/bad python version, 2.7.2 did the trick
2011-09-09T01:47:11  <Ajay> krosenvold_: Cool
2011-09-09T01:48:04  <Ajay> andreasstt: i havent gone through the code completely
2011-09-09T01:48:41  <Ajay> just saw the changes and was going through the new files
2011-09-09T01:48:57  <krosenvold_> Ajay: Just one note; compiling on windows is *not* cool
2011-09-09T01:49:01  <krosenvold_> ;)
2011-09-09T01:49:56  <Ajay> krosenvold_: True ,  if you get a chance to compile android driver  on windows let me know :)
2011-09-09T01:50:11  <krosenvold_> Ajay: haha
2011-09-09T01:50:28  <andreastt> Ajay: Cool, I'll check that out then; cheers!
2011-09-09T01:50:44  *** __mike has joined #selenium
2011-09-09T01:50:45  <krosenvold_> jarib: yt ?
2011-09-09T01:53:37  *** pnitin has quit IRC
2011-09-09T01:54:49  *** pnitin has joined #selenium
2011-09-09T01:54:59  <Ajay> How are the OperaAtoms.java generated
2011-09-09T01:55:19  <Stuk> Ajay: ./go //javascript/opera-driver:atoms
2011-09-09T01:55:35  <Ajay> Thanks
2011-09-09T02:13:34  <selbot2_> kristian.rosenvold@gmail.com less than 20 seconds ago - KristianRosenvold: Added a small script that fixes up git file changed status after a build - http://code.google.com/p/selenium/source/detail?r=13801
2011-09-09T02:17:02  *** cheezy has joined #selenium
2011-09-09T02:20:32  *** naeg has quit IRC
2011-09-09T02:22:27  *** naeg has joined #selenium
2011-09-09T02:22:54  *** OperaDriver has joined #selenium
2011-09-09T02:22:54  <OperaDriver> [operadriver] andreastt pushed 1 new commit to master: https://github.com/operasoftware/operadriver/commit/5045b31ea4c567c57fc836ffb1e6d047dd1e3552
2011-09-09T02:22:54  <OperaDriver> [operadriver/master] If OPERA_PATH is set to an invalid path, we will now fail instead of attempting to recover by guessing Opera's path - Andreas Tolf Tolfsen
2011-09-09T02:22:54  *** OperaDriver has left #selenium
2011-09-09T02:29:14  *** robinsmidsrod has quit IRC
2011-09-09T02:38:38  *** rbalent has joined #selenium
2011-09-09T02:38:38  *** rbalent has joined #selenium
2011-09-09T02:39:08  <Ajay> krosenvold_: For review https://github.com/ajayk/operadriver/commit/d8cc3f849618975f9f76f19269b17ed7f30560c0
2011-09-09T02:41:11  *** robinsmidsrod has joined #selenium
2011-09-09T02:42:35  *** robinsmidsrod has quit IRC
2011-09-09T02:46:32  *** barnex has joined #selenium
2011-09-09T02:53:16  *** ThePeach has joined #selenium
2011-09-09T02:58:32  *** robinsmidsrod has joined #selenium
2011-09-09T03:00:10  *** dmachi has quit IRC
2011-09-09T03:00:24  *** dmachi has joined #selenium
2011-09-09T03:07:47  <jarib> krosenvold_: hi
2011-09-09T03:24:41  *** naeg has quit IRC
2011-09-09T03:33:12  *** cerber0s has joined #selenium
2011-09-09T03:34:14  *** Ajay has quit IRC
2011-09-09T03:35:52  *** cerberos has quit IRC
2011-09-09T03:36:12  *** cheezy has quit IRC
2011-09-09T03:37:00  <krosenvold_> jarib: r13801
2011-09-09T03:37:03  <selbot2_> kristian.rosenvold@gmail.com about 1 hour ago - KristianRosenvold: Added a small script that fixes up git file changed status after a build - http://code.google.com/p/selenium/source/detail?r=13801
2011-09-09T03:38:04  <jarib> nice
2011-09-09T03:38:58  <jarib> so you want this to run after a build?
2011-09-09T03:39:24  <krosenvold_> yup
2011-09-09T03:43:02  *** __mike has quit IRC
2011-09-09T03:44:04  <selbot2_> jari.bakken half a minute ago - JariBakken: Rescue and retry EADDRINUSE to work around connect(2) errors on Windows. - http://code.google.com/p/selenium/source/detail?r=13802
2011-09-09T03:45:27  <jarib> krosenvold_: want me to move the command into crazyfun, or should we keep the .git-fixfiles as a file?
2011-09-09T03:47:24  <arnlaugsson_> Hi everybody :) I am trying to create a HTMLUNIT webdriver, so I created a function that takes a string and returns a webdriver based on that string. The problem is that remote webdriver doesn't function, but all others do. Here is my paste: http://pastebin.com/aX5SpWe6
2011-09-09T03:47:31  *** mates has quit IRC
2011-09-09T03:47:34  <arnlaugsson_> Any idea what might be wrong with my setup
2011-09-09T03:50:00  <selbot> New news from builds: S2RB-WDUNIT-128 was SUCCESSFUL (with 88 tests) : Updated by Jari Bakken <http://xserve.openqa.org:8085/browse/S2RB-WDUNIT-128>
2011-09-09T03:50:53  <jarib> arnlaugsson_: including in the paste any error messages, or what you mean by "doesn't function" would make it easier to help.
2011-09-09T03:53:30  <arnlaugsson_> jarib: of course, thanks for the message. Here is the error it returns (and the original paste): http://pastebin.com/49PrEZFN
2011-09-09T03:55:09  *** Ajay has joined #selenium
2011-09-09T03:57:59  *** AutomatedTester has joined #selenium
2011-09-09T04:12:30  *** AutomatedTester has quit IRC
2011-09-09T04:13:36  <jarib> arnlaugsson_: is the server running? the remote driver tries to connect to the server.
2011-09-09T04:14:34  <arnlaugsson_> jarib: ahh... It shut down.. I'll try restarting it...
2011-09-09T04:14:36  <arnlaugsson_> thanks
2011-09-09T04:16:49  *** cieufhrxmpfakoih has quit IRC
2011-09-09T04:27:27  *** miker2 has joined #selenium
2011-09-09T04:32:39  *** mashiara has quit IRC
2011-09-09T04:34:14  *** pnitin has quit IRC
2011-09-09T04:39:13  *** vrockai_ has joined #selenium
2011-09-09T04:41:57  <arnlaugsson_> Do you always need the server in selenium 2 if you want to run run as htmlunit webdriver ?
2011-09-09T04:42:45  <Ajay> no if u run as standalone
2011-09-09T04:43:54  <Parabola> Good morning friends
2011-09-09T04:47:54  *** pnitin has joined #selenium
2011-09-09T04:49:02  *** ner0x has joined #selenium
2011-09-09T04:54:04  <selbot2_> simon.m.stewart half a minute ago - SimonStewart: Rewording some of the docs for findElements - http://code.google.com/p/selenium/source/detail?r=13803
2011-09-09T04:55:30  <krosenvold_> jarib: Keep the .git-fixfiles, I think
2011-09-09T04:58:32  *** krosenvold has joined #selenium
2011-09-09T04:58:35  *** krosenvold has left #selenium
2011-09-09T04:58:46  *** pnitin has quit IRC
2011-09-09T05:00:52  *** RossPatterson has joined #selenium
2011-09-09T05:02:17  <selbot> New news from builds: S2J-FXLX-277 has FAILED (1 tests failed) : Updated by simon.m.stewart <http://xserve.openqa.org:8085/browse/S2J-FXLX-277>
2011-09-09T05:02:23  *** cerberos has joined #selenium
2011-09-09T05:10:08  *** mltolun has joined #selenium
2011-09-09T05:11:11  *** cerberos has quit IRC
2011-09-09T05:11:27  *** sburjan has quit IRC
2011-09-09T05:11:30  *** mltolun has quit IRC
2011-09-09T05:13:58  *** Ajay has quit IRC
2011-09-09T05:14:45  *** rhineshell has joined #selenium
2011-09-09T05:15:29  *** mltolun has joined #selenium
2011-09-09T05:22:06  *** andreashaas has joined #selenium
2011-09-09T05:24:19  *** sburjan has joined #selenium
2011-09-09T05:25:21  *** Ajay has joined #selenium
2011-09-09T05:25:53  *** andialbrecht is now known as andialbrecht_
2011-09-09T05:28:47  *** jimevans has joined #selenium
2011-09-09T05:29:01  *** jimevans has left #selenium
2011-09-09T05:30:27  *** adamgoucher has quit IRC
2011-09-09T05:34:25  *** nirvdrum has joined #selenium
2011-09-09T05:38:33  *** beakerman has joined #selenium
2011-09-09T05:38:44  *** andytinkham has joined #selenium
2011-09-09T05:40:24  *** DustinFay has joined #selenium
2011-09-09T05:42:21  *** simonstewart has joined #selenium
2011-09-09T05:42:37  <simonstewart> We locked eranm on a plane. He has fixes
2011-09-09T05:42:55  <RossPatterson> :-)
2011-09-09T05:45:08  *** Ajay has quit IRC
2011-09-09T05:45:27  <rhineshell> hello out there, to create a selenium.connection over proxy I have to create a proxy obj: http://code.google.com/p/selenium/wiki/FrequentlyAskedQuestions#Q:_I_need_to_use_a_proxy._How_do_I_configure_that?
2011-09-09T05:46:53  <krosenvold_> simonstewart: Is he committing in-flight ?
2011-09-09T05:47:10  <rhineshell> so, I have to overwrite the plain HtmlUnitDriver. But ... I need credentials. And it does not work the way it shown on this FAQ entry
2011-09-09T05:47:16  <RossPatterson> :yt samuel jackson on a plane
2011-09-09T05:47:17  <selbot2_> Snakes On a Plane- Samuel L. Jackson - http://www.youtube.com/watch?v=vLaX8UvVUQw&feature=youtube_gdata
2011-09-09T05:47:30  <simonstewart> He's landed and will be committing when he's home
2011-09-09T05:47:41  <simonstewart> And then we get to try and figure out what else is wrong
2011-09-09T05:47:49  <jarib> what is the fix for?
2011-09-09T05:47:49  *** soc42 has joined #selenium
2011-09-09T05:47:56  <simonstewart> The failing click tests
2011-09-09T05:47:56  <rhineshell> if I try it that way, I get an error: The method DefaultCredentialsProvider() is undefined for the type new HtmlUnitDriver(){}
2011-09-09T05:48:02  <simonstewart> I believe
2011-09-09T05:48:08  <simonstewart> They're the things holding up this release
2011-09-09T05:48:16  <jarib> ok - has the drag and drop thing been resolved?
2011-09-09T05:48:28  <simonstewart> dunno
2011-09-09T05:48:33  <simonstewart> will find out when eran commits
2011-09-09T05:48:35  <jarib> ok
2011-09-09T05:51:19  *** mates has joined #selenium
2011-09-09T05:53:23  *** beakerman has quit IRC
2011-09-09T05:55:54  *** brettporter has quit IRC
2011-09-09T05:59:32  <simonstewart> I think that what we need are some Friday tunes
2011-09-09T06:01:59  <simonstewart> :yt beatles free as a bird
2011-09-09T06:01:59  *** andialbrecht_ is now known as andialbrecht
2011-09-09T06:01:59  <selbot2_> The beatles - Free As A Bird (HD) - http://www.youtube.com/watch?v=glUFjjkYuAk&feature=youtube_gdata
2011-09-09T06:06:37  *** adamgoucher has joined #selenium
2011-09-09T06:07:54  <RossPatterson> :yt free bird
2011-09-09T06:07:54  <selbot2_> Lynyrd Skynyrd-Free bird - http://www.youtube.com/watch?v=np0solnL1XY&feature=youtube_gdata
2011-09-09T06:08:05  *** cgoldberg has joined #selenium
2011-09-09T06:09:46  <simonstewart> :yt steppenwolf magic carpet ride
2011-09-09T06:09:47  <selbot2_> Steppenwolf - Magic Carpet Ride - http://www.youtube.com/watch?v=EEEzbFxEbB8&feature=youtube_gdata
2011-09-09T06:10:15  <RossPatterson> Ooh, it's retro day on the channel :-)
2011-09-09T06:11:56  <RossPatterson> Lotta old-timey references in that Beatles video.
2011-09-09T06:13:38  <simonstewart> :yt pil rise
2011-09-09T06:13:38  <selbot2_> PIL - Rise - http://www.youtube.com/watch?v=wzNjmIWbns4&feature=youtube_gdata
2011-09-09T06:14:13  *** brettporter has joined #selenium
2011-09-09T06:15:57  <adamgoucher> :yt Silver Convention - Fly Robin Fly
2011-09-09T06:15:57  <selbot2_> Silver Convention - Fly Robin Fly - http://www.youtube.com/watch?v=RM72iWami9M&feature=youtube_gdata
2011-09-09T06:16:07  * adamgoucher has no idea why this is stuck in his head
2011-09-09T06:18:59  <simonstewart> Oh? That's how we're going to play it?
2011-09-09T06:19:25  <simonstewart> :yt too shy kajagoogoo
2011-09-09T06:19:25  <selbot2_> Kajagoogoo - Too Shy - http://www.youtube.com/watch?v=nKWbMJOIkUk&feature=youtube_gdata
2011-09-09T06:19:34  <adamgoucher> my itunes has a desperate shortage of pil
2011-09-09T06:20:39  <adamgoucher> heh. i first heard too shy on a mini pops album
2011-09-09T06:21:09  *** cerberos has joined #selenium
2011-09-09T06:21:32  <simonstewart> Hey, that video links to the german version of 99 red balloons
2011-09-09T06:21:37  <simonstewart> http://www.youtube.com/watch?v=jQYQTFudrqc
2011-09-09T06:22:04  <adamgoucher> there is a different version? :)
2011-09-09T06:22:23  <simonstewart> http://www.youtube.com/watch?v=14IRDDnEPR4
2011-09-09T06:22:49  <simonstewart> Or a 2009 re-edition: http://www.youtube.com/watch?v=TZwhzf8NC4o
2011-09-09T06:23:29  <simonstewart> That 2009 version is awful
2011-09-09T06:24:26  <simonstewart> :yt nick cave nature boy
2011-09-09T06:24:27  <selbot2_> Nick Cave & The Bad Seeds - Nature Boy - http://www.youtube.com/watch?v=JquzYr-5bE4&feature=youtube_gdata
2011-09-09T06:24:28  *** DustinFay has quit IRC
2011-09-09T06:24:46  <simonstewart> That's better
2011-09-09T06:25:01  <RossPatterson> Wow ... Silver Convention ... Haven't seen those hairdos since I was riducling disco.
2011-09-09T06:25:25  <adamgoucher> why dont i have a whack of bauhaus on my machine. travesty
2011-09-09T06:25:37  <adamgoucher> :yt bahaus dark entries
2011-09-09T06:25:38  <selbot2_> Winston K sings Cuts You Up by Peter Murphy - 3rd Street Promenade - http://www.youtube.com/watch?v=9ldR8EHYsq4&feature=youtube_gdata
2011-09-09T06:25:47  *** cerberos has quit IRC
2011-09-09T06:25:57  <adamgoucher> that seems like a failed search
2011-09-09T06:26:11  <adamgoucher> http://www.youtube.com/watch?v=YRNu8S-YoMM
2011-09-09T06:26:29  *** jfunk has joined #selenium
2011-09-09T06:26:33  <RossPatterson> :yt Der Kommissar
2011-09-09T06:26:34  <selbot2_> Falco - Der Kommissar - http://www.youtube.com/watch?v=_w4Xulsjo5I&feature=youtube_gdata
2011-09-09T06:27:25  <adamgoucher> trivia - peter murphy is the person in the classic maxell commercial being blown back in the chair
2011-09-09T06:28:16  <simonstewart> :yt tear you apart she wants revenge
2011-09-09T06:28:16  <selbot2_> She Wants Revenge - Tear You Apart - http://www.youtube.com/watch?v=ixw_bLVUL34&feature=youtube_gdata
2011-09-09T06:29:19  <adamgoucher> not sure about that one. has links to bon jovi and whitesnake from it
2011-09-09T06:31:24  <simonstewart> It's a great song, though
2011-09-09T06:32:47  *** cheezy has joined #selenium
2011-09-09T06:33:24  <simonstewart> :yt nouvelle vague the killing moon
2011-09-09T06:33:25  <selbot2_> Nouvelle Vague - The Killing Moon - http://www.youtube.com/watch?v=5ywiPKmheec&feature=youtube_gdata
2011-09-09T06:34:15  <adamgoucher> ooo. more french disco
2011-09-09T06:34:25  <simonstewart> Disco? Not this time
2011-09-09T06:35:25  <adamgoucher> well, french disco in the form of 'air' and similar
2011-09-09T06:37:20  <adamgoucher> :yt All I Need (1998) - Air (directed by Mike Mills)
2011-09-09T06:37:21  <selbot2_> All I Need (1998) - Air (directed by Mike Mills) - http://www.youtube.com/watch?v=tqBCOBRcMqc&feature=youtube_gdata
2011-09-09T06:38:06  <adamgoucher> right. need to back away from youtube and do some work. (having found air as the soundtrack)
2011-09-09T06:40:39  *** andytinkham has quit IRC
2011-09-09T06:41:42  *** brettporter has quit IRC
2011-09-09T06:44:34  <selbot2_> stuidge@gmail.com half a minute ago - StuartKnightley: Add atom to get the frame index of a frame element - http://code.google.com/p/selenium/source/detail?r=13804
2011-09-09T06:44:42  <Stuk> simonstewart: would you mind doing a review of that ^ commit? I've added an atom and I'm not sure if I've done it correctly
2011-09-09T06:46:49  <simonstewart> Reviewing now.
2011-09-09T06:48:54  *** stepheneb has joined #selenium
2011-09-09T06:49:42  *** andreashaas has left #selenium
2011-09-09T06:52:37  <adamgoucher> heh. there is a 'is_something_selected' method in rc. did not know that -- though it is named as if i had written it
2011-09-09T06:53:50  *** RossPatterson has quit IRC
2011-09-09T06:53:51  <selbot> New news from builds: S2J-FXLX-278 has FAILED (1 tests failed) : Updated by stuidge@gmail.com <http://xserve.openqa.org:8085/browse/S2J-FXLX-278>
2011-09-09T06:54:33  <simonstewart> Reviewed
2011-09-09T06:54:46  <simonstewart> http://code.google.com/p/selenium/source/detail?show=review&format=side&path=/trunk/javascript/webdriver-atoms/build.desc&r=13804&spec=svn13804
2011-09-09T06:54:51  *** stackedsax has joined #selenium
2011-09-09T06:55:13  *** jimevans has joined #selenium
2011-09-09T06:55:15  *** slb_ has joined #selenium
2011-09-09T06:55:23  <simonstewart> G'day jimevans
2011-09-09T06:55:29  <jimevans> G'day
2011-09-09T06:55:45  *** andialbrecht is now known as andialbrecht_
2011-09-09T06:56:13  *** slb_ has quit IRC
2011-09-09T06:56:31  <adamgoucher> really? assign_id is in the api? what voodoo is this?
2011-09-09T06:56:58  <Stuk> simonstewart: thanks, although I can't actually see any review on that page :/
2011-09-09T06:57:01  <simonstewart> That's a selenium rc command
2011-09-09T06:57:05  <simonstewart> Really?
2011-09-09T06:57:09  <simonstewart> *grr*
2011-09-09T06:57:40  <simonstewart> You don't see the line-by-line comments at the bottom
2011-09-09T06:57:53  <Stuk> nope, just looks like the regular commit page from here
2011-09-09T06:58:03  <simonstewart> Well, that's bloody annoying
2011-09-09T06:58:09  <simonstewart> http://code.google.com/p/selenium/source/browse/trunk/javascript/atoms/frame.js?spec=svn13804&r=13804#128
2011-09-09T06:58:12  <simonstewart> Can you see that?
2011-09-09T06:58:21  <Stuk> yep
2011-09-09T06:58:39  <Stuk> well, it's linking to line 128
2011-09-09T06:58:46  <Stuk> can't see anything else apart from the code
2011-09-09T06:59:02  <simonstewart> Furrfu
2011-09-09T06:59:10  <simonstewart> Try now
2011-09-09T06:59:31  <Stuk> whay, can see it now :)
2011-09-09T07:00:48  <simonstewart> Groovy
2011-09-09T07:01:09  <Stuk> based on your comments some of the atoms above that need to be changed as well
2011-09-09T07:01:37  <simonstewart> Almost definitely
2011-09-09T07:01:50  *** ahal has joined #selenium
2011-09-09T07:02:02  <Stuk> I'll sort them out :)
2011-09-09T07:02:14  <simonstewart> You're a star. Thank you
2011-09-09T07:03:37  <jimevans> did we ever get any traction on the firefox issue?
2011-09-09T07:04:46  *** stockton has joined #selenium
2011-09-09T07:05:14  *** csanchez has joined #selenium
2011-09-09T07:07:40  <cheezy> jimevans: any advice on how to attach to modal dialogs in ie?
2011-09-09T07:08:13  <jimevans> modal as in "showModalDialog()" dialogs? should be able to just switchTo().window().
2011-09-09T07:08:14  <selbot> New news from builds: S2JS-TESTS-49 was SUCCESSFUL (with 43 tests) : Updated by stuidge@gmail.com <http://xserve.openqa.org:8085/browse/S2JS-TESTS-49>
2011-09-09T07:09:49  *** DustinFay has joined #selenium
2011-09-09T07:13:25  *** Fry33 has quit IRC
2011-09-09T07:14:45  <jimevans> simonstewart: did we ever get any traction on the firefox-on-windows issue?
2011-09-09T07:15:21  <adamgoucher> davehunt_: does mozilla do the screenshot-on-failure trick?
2011-09-09T07:15:39  <davehunt_> adamgoucher: we do screenshot on test completion
2011-09-09T07:15:44  <davehunt_> regardless of the outcome
2011-09-09T07:16:08  <davehunt_> or at least we will when the next version of my plugin is released
2011-09-09T07:16:27  <adamgoucher> what pytest hook are you using?
2011-09-09T07:16:41  <adamgoucher> (care to guess what i'm about to implement?)
2011-09-09T07:16:51  <davehunt_> pytest_runtest_teardown
2011-09-09T07:17:13  *** ner0x has quit IRC
2011-09-09T07:17:16  <davehunt_> it's result agnostic though
2011-09-09T07:17:21  <cgoldberg> adamgoucher, i do screenshot on failure in SST framework.. awesome for headless errors
2011-09-09T07:17:37  <adamgoucher> whats the underlying runner for sst?
2011-09-09T07:17:56  <cgoldberg> adamgoucher, unittest/unittest2
2011-09-09T07:18:17  <adamgoucher> air -> parliment is kinda jarring a transition
2011-09-09T07:19:10  <cheezy> jarib: i'm back to trying to solve my ie modal dialog problem again.
2011-09-09T07:19:38  <cheezy> jarib: jimevans said I should be able to switchTo().window() to attach
2011-09-09T07:20:15  <cheezy> I don't have the handle to the dialog and if I use the handle to the parent I am unable to find anything on the dialog
2011-09-09T07:21:01  <jimevans> cheezy: you'll need to implement a scheme by which you get the list of window handles before invoking the dialog, invoke it, then get the list of window handles again.
2011-09-09T07:21:08  <jimevans> the extra window handle is the one of the dialog.
2011-09-09T07:21:19  <cheezy> after opening the dialog I only see one handle
2011-09-09T07:22:01  <jimevans> note that there is a subtle race condition in the dialog detection that has yet to be addressed.
2011-09-09T07:22:12  <jimevans> but that race condition should be exceedingly rare.
2011-09-09T07:22:25  <cheezy> I have a test case where it fails every time
2011-09-09T07:22:36  <cheezy> I never see more than one handle
2011-09-09T07:22:42  <jimevans> great. is it one where you can share the page under test?
2011-09-09T07:23:09  <cheezy> yes - I can create a gist if you like?
2011-09-09T07:23:23  <jimevans> it's possible that the detection algorithm for finding the modal dialog is misbehaving.
2011-09-09T07:23:27  <jimevans> please.
2011-09-09T07:24:09  <cheezy> creating it now - the code is ruby
2011-09-09T07:24:37  <jimevans> ruby's fine. i can translate the code into other languages if need be.
2011-09-09T07:25:06  <jimevans> (the beauty of a unified API)
2011-09-09T07:27:28  <cheezy> jimevans: here it is -> https://gist.github.com/1206401
2011-09-09T07:27:37  <cheezy> two html files and a ruby script
2011-09-09T07:28:44  <cheezy> the switch_to.window method in ruby requires the handle
2011-09-09T07:28:50  <cheezy> and yet I never see more than one handle
2011-09-09T07:29:40  *** ImthePC has joined #selenium
2011-09-09T07:30:51  <jarib> cheezy: and it's not a timing issue? you've tried adding a sleep before printing the handles?
2011-09-09T07:31:09  <cheezy> I've inserted sleeps at several points - made no difference
2011-09-09T07:31:16  <jarib> (this is why Watir::Window has when_present etc. like Watir::Element)
2011-09-09T07:31:17  <jarib> ok
2011-09-09T07:36:26  <cheezy> jarib: i've got the bandwidth today to help find a comprehensive solution to the modal dialogs on ie.  My current client is at a standstill.
2011-09-09T07:36:27  <jimevans> cheezy: works fine for me in my environment. i translated the code into C#, but that shouldn't make a difference.
2011-09-09T07:37:14  <jimevans> after invoking the dialog, i have 2 window handles, i can switch to the dialog, find the close button, and click it to close the dialog.
2011-09-09T07:38:27  <cheezy> very interesting.  That is not at all what is happening here - we've tried this on at least three different systems and always fail.
2011-09-09T07:38:50  <jarib> let me try the ruby script
2011-09-09T07:38:59  <jarib> what IE version?
2011-09-09T07:39:49  <jimevans> now, admittedly, i'm using IE9, on Windows 7.
2011-09-09T07:39:54  <jimevans> (64-bit)
2011-09-09T07:40:03  <cheezy> I have version 9 on my vm. - windows 7 64 as well
2011-09-09T07:40:28  <jimevans> i can tell you where the race condition exists. it's in the C++ code of the IE driver.
2011-09-09T07:41:43  <jimevans> in webdriver::Browser::Wait() (Browser.cpp, line 269), we check for dialogs in our wait function immediately after clicks.
2011-09-09T07:42:22  <jimevans> if the dialog hasn't appeared at the time this check occurs, we will miss the dialog.
2011-09-09T07:43:34  <selbot2_> stuidge@gmail.com half a minute ago - StuartKnightley: Make corrections to r13804 based on SimonStewart's comments - http://code.google.com/p/selenium/source/detail?r=13805
2011-09-09T07:43:52  *** stockton has quit IRC
2011-09-09T07:45:38  *** ner0x has joined #selenium
2011-09-09T07:51:41  *** mates has quit IRC
2011-09-09T07:52:38  *** jhegge has joined #selenium
2011-09-09T07:52:39  <selbot> New news from builds: S2J-FXLX-279 has FAILED (1 tests failed) : Updated by stuidge@gmail.com <http://xserve.openqa.org:8085/browse/S2J-FXLX-279>
2011-09-09T07:55:33  <emil_temp_nick> hi, does anybody know how to display additional info in NUnit in case of errors'
2011-09-09T07:55:38  <emil_temp_nick> ?
2011-09-09T07:55:42  <simonstewart> Stuk: nice change
2011-09-09T07:55:51  *** vince__ has joined #selenium
2011-09-09T07:55:55  *** vrockai_ has quit IRC
2011-09-09T07:56:00  <vince__> hello world
2011-09-09T07:56:02  *** lukeis has joined #selenium
2011-09-09T07:56:06  <Stuk> simonstewart: thanks :)
2011-09-09T07:56:33  <vince__> let me say selenium is awesome tool, but i am having some problems
2011-09-09T07:56:38  <cheezy> jarib: any luck with the script?
2011-09-09T07:56:50  <jarib> cheezy: sorry, got distracted. i'll look now
2011-09-09T07:57:01  <simonstewart> vince__: 'sup?
2011-09-09T07:57:18  <vince__> well i am wanting to locate a facebook element
2011-09-09T07:57:29  <vince__> its a recommend button
2011-09-09T07:57:33  <simonstewart> k
2011-09-09T07:57:48  <vince__> i find its xpath in firebug using find_element
2011-09-09T07:58:00  <vince__> but it always returns an error
2011-09-09T07:58:09  <vince__> hold on let me get a link
2011-09-09T07:58:25  <vince__> http://chicago.testprod.tila.trb/news/politics/clout/chi-emanuel-police-cuts-push-draws-criticism-20110831,0,2199140.story
2011-09-09T07:58:54  <vince__> www.chicagotribune.com/news/politics/clout/chi-emanuel-police-cuts-push-draws-criticism-20110831,0,2199140.story
2011-09-09T07:58:58  <vince__> that other links
2011-09-09T07:59:12  <vince__> i am trying to click the facebook recommend and have the pop up appear
2011-09-09T07:59:18  <vince__> i have gotten it to work several times
2011-09-09T07:59:19  *** andytinkham has joined #selenium
2011-09-09T07:59:32  <vince__> it will locate the element and sometimes it wont using find_element
2011-09-09T07:59:51  <vince__> its almost like a bug
2011-09-09T08:00:45  <simonstewart> Well, have you switched to the iframe containing the element?
2011-09-09T08:00:49  <vince__> yeah
2011-09-09T08:00:58  <vince__> www.chicagotribune.com/news/politics/clout/chi-emanuel-police-cuts-push-draws-criticism-20110831,0,2199140.story
2011-09-09T08:01:05  <vince__> oopss
2011-09-09T08:01:13  <simonstewart> The recommend button is in a frame all of its own
2011-09-09T08:01:16  <vince__> driver.get "http://chicago.testprod.tila.trb/news/politics/clout/chi-emanuel-police-cuts-push-draws-criticism-20110831,0,2199140.story" wait = Selenium::WebDriver::Wait.new(:timeout => 60)  driver.switch_to().frame("") element = driver.find_element(:xpath, "//a[@class='connect_widget_like_button clearfix like_button_no_like']") element.click()
2011-09-09T08:01:25  <vince__> oh im sorry
2011-09-09T08:01:33  <vince__> driver.switch_to().frame("")
2011-09-09T08:01:34  <simonstewart> You need to switch to frame with id "facebook"
2011-09-09T08:01:42  <vince__> element = driver.find_element(:xpath, "//a[@class='connect_widget_like_button clearfix like_button_no_like']")
2011-09-09T08:01:46  <vince__> really?
2011-09-09T08:01:52  <vince__> the iframe has no title
2011-09-09T08:01:53  <simonstewart> driver.switch_to().frame("facebook")
2011-09-09T08:02:00  <simonstewart> Nuts
2011-09-09T08:02:01  <vince__> or does it
2011-09-09T08:02:05  <simonstewart> Was level too low
2011-09-09T08:02:22  <simonstewart> switch_to().frame(whatever the index is)
2011-09-09T08:02:35  <vince__> oh you mean 1,2,3 ... right
2011-09-09T08:02:35  <simonstewart> 0, i think
2011-09-09T08:02:38  <vince__> ok
2011-09-09T08:02:38  <simonstewart> right
2011-09-09T08:02:42  <simonstewart> or 1
2011-09-09T08:02:48  <simonstewart> You know your site best :)
2011-09-09T08:02:49  <jimevans> right. and with that, i'm off to take papers to attorneys. ugh.
2011-09-09T08:03:00  <simonstewart> Good luck!
2011-09-09T08:03:21  <jimevans> before i go, where are we at with 2.6?
2011-09-09T08:03:47  <jimevans> still waiting on firefox-windows issue?
2011-09-09T08:03:57  <simonstewart> yeah
2011-09-09T08:04:01  <simonstewart> still waiting
2011-09-09T08:04:04  <vince__> ok switching to frame 0 is working
2011-09-09T08:04:05  <simonstewart> Eran has some fixes
2011-09-09T08:04:08  <simonstewart> :)
2011-09-09T08:04:18  <simonstewart> vince__: good news
2011-09-09T08:04:19  <jimevans> okay, i'll wait for his fix to land before i start pushing.
2011-09-09T08:04:23  <jimevans> back in awhile.
2011-09-09T08:04:25  *** jimevans has left #selenium
2011-09-09T08:04:53  <vince__> hey simonstewart: it worked the first time i run the selenium script
2011-09-09T08:04:58  <vince__> now it doesnt the second time
2011-09-09T08:04:59  <simonstewart> woot!
2011-09-09T08:05:10  <simonstewart> Once you've clicked, switch back to the default_content()
2011-09-09T08:05:13  <vince__> this always happens
2011-09-09T08:05:14  *** RossPatterson has joined #selenium
2011-09-09T08:05:17  <vince__> oh what
2011-09-09T08:05:23  *** stockton has joined #selenium
2011-09-09T08:05:53  <vince__> man its not finding the element this time, it always does this, i have found two other methods that work once, then they just fail
2011-09-09T08:06:27  *** dimm has quit IRC
2011-09-09T08:06:49  <emil_temp_nick> nunit
2011-09-09T08:06:50  *** MattR__ has quit IRC
2011-09-09T08:07:14  *** MattR__ has joined #selenium
2011-09-09T08:07:24  <vince__> oh god, i changed the frame index and it works again wow
2011-09-09T08:07:39  <vince__> this will work, but i am trying to automate it
2011-09-09T08:07:49  <simonstewart> If you've got a top banner that might be adding an extra iframe sometimes
2011-09-09T08:08:04  <vince__> ok ok
2011-09-09T08:08:40  <vince__> is there anyway i can automate this in a loop
2011-09-09T08:09:00  <vince__> if it fails on one frame indedx it can increment it
2011-09-09T08:09:12  <lukeis> you should just locate the iframe instead
2011-09-09T08:09:20  <vince__> also, the top banner is always there
2011-09-09T08:09:35  <simonstewart> But does it always have the same content every time
2011-09-09T08:09:53  <vince__> oh...locate the iframe...using find_element
2011-09-09T08:09:56  <vince__> hm...it may also change
2011-09-09T08:10:08  <lukeis> driver.find_element_by_css_selector("iframe[src^=\"http://www.facebook.com\"]")
2011-09-09T08:10:24  <vince__> wow that looks like some selenium foo
2011-09-09T08:10:39  <vince__> well kind of
2011-09-09T08:10:40  <lukeis> sorry... python... but is close to ruby ;)
2011-09-09T08:10:59  <jarib> cheezy: this works well for me: https://gist.github.com/1206426
2011-09-09T08:11:24  <vince__> so is everything thats in python should be in ruby?
2011-09-09T08:11:40  <lukeis> driver.find_element(:cssSelector, "iframe[src^=\"http://www.facebook.com/"]")
2011-09-09T08:11:47  <lukeis> i think... or is it just :css?
2011-09-09T08:11:48  <jarib> :css
2011-09-09T08:11:55  <lukeis> thanks jarib
2011-09-09T08:12:34  <vince__> hah
2011-09-09T08:12:39  <vince__> great thank you
2011-09-09T08:12:50  <cheezy> jarib: i'll give it a try now
2011-09-09T08:13:28  *** tofumonster has joined #selenium
2011-09-09T08:13:47  <tofumonster> will selenium remote controls work with the latest version of firefox?
2011-09-09T08:14:03  <jarib> cheezy: i'm also on IE9 / Win7
2011-09-09T08:15:00  <selbot> New news from builds: S2JS-TESTS-50 was SUCCESSFUL (with 43 tests) : Updated by stuidge@gmail.com <http://xserve.openqa.org:8085/browse/S2JS-TESTS-50>
2011-09-09T08:15:12  <jarib> cheezy: i had to enable "Allow active content to run in files on My Computer", but i assume you've done that
2011-09-09T08:15:33  <jarib> (it wouldn't work manually either otherwise)
2011-09-09T08:17:24  *** kennethkoontz has joined #selenium
2011-09-09T08:17:37  *** MattR__ has quit IRC
2011-09-09T08:18:05  <cheezy> jarib: I have that selected
2011-09-09T08:18:15  <cheezy> jarib:  here's what I get - `until': timed out after 5 seconds (Selenium::WebDriver::Error::TimeOutError)
2011-09-09T08:18:33  *** MattR__ has joined #selenium
2011-09-09T08:19:14  <vince__> jarib, lukeis, simon: still having issues, it finds the element fine(no errors), but element.click does nothing
2011-09-09T08:19:35  <lukeis> vince__: can you :gist the code you are using?
2011-09-09T08:19:35  <selbot2_> Please paste >3 lines of text to http://gist.github.com
2011-09-09T08:21:11  <vince__> hah ok
2011-09-09T08:23:19  <vince__> https://gist.github.com/1206533
2011-09-09T08:23:42  <vince__> i think its just not locating it, the locator needs like two or three steps of refinement
2011-09-09T08:24:07  *** jeichar has quit IRC
2011-09-09T08:25:28  <lukeis> you're trying to click the frame... you need to switch to the frame and then click the element in it.... one sec...
2011-09-09T08:26:10  <vince__> yeah
2011-09-09T08:26:36  <lukeis> vince__: https://gist.github.com/1206541
2011-09-09T08:28:21  <vince__> :)
2011-09-09T08:28:24  <vince__> so far so good
2011-09-09T08:28:25  <emil_temp_nick> anybody tried webdriver with FLEX?
2011-09-09T08:29:18  <vince__> lukeis, jarib, simon: THANKS
2011-09-09T08:29:53  <lukeis> vince__:  you're welcome ;) glad to help
2011-09-09T08:30:18  <simonstewart> I did very little, but glad to help
2011-09-09T08:30:59  <cheezy> jarib: it's failing on my vm which has ruby 187 at the moment.  Is working on another machine that has 192
2011-09-09T08:31:13  *** freynaud has quit IRC
2011-09-09T08:31:22  <emil_temp_nick> simon: i'm getting errors when i mouse over some objects
2011-09-09T08:31:28  <emil_temp_nick> not sure what i miss
2011-09-09T08:31:47  <emil_temp_nick> i followed this doc https://github.com/mde/flex-pilot/wiki/flash-testing-setup
2011-09-09T08:31:53  <jarib> cheezy: the ruby version really shouldn't matter for this - i bet there's some other difference between the two machines
2011-09-09T08:32:51  <lukeis> simonstewart: do you like / no like / don't care to me adding you to the CC on certain issues (like i have a couple of times recently)
2011-09-09T08:33:13  <simonstewart> I'm not fussed
2011-09-09T08:33:16  <simonstewart> :)
2011-09-09T08:33:19  <lukeis> ok ;)
2011-09-09T08:33:49  <lukeis> i'll try not to spam you... but i won't stop completely
2011-09-09T08:33:59  *** MattR__ has quit IRC
2011-09-09T08:36:04  <selbot2_> jari.bakken less than 20 seconds ago - JariBakken: Add at_exit hook to run .git-fixfiles - http://code.google.com/p/selenium/source/detail?r=13806
2011-09-09T08:39:49  *** ammar01 has quit IRC
2011-09-09T08:43:08  <stackedsax> Can I buy Eran some coffee?
2011-09-09T08:43:44  *** rbalent has quit IRC
2011-09-09T08:44:36  <simonstewart> He may have passed out already
2011-09-09T08:44:46  *** rhineshell has quit IRC
2011-09-09T08:44:48  *** sdimkov has joined #selenium
2011-09-09T08:45:18  <cheezy> jarib: I updated the example to open a second modal from the first and ran it on the machine that worked -> the new example times out finding the second modal
2011-09-09T08:49:44  *** retornam has joined #selenium
2011-09-09T08:50:37  *** sdimkov has quit IRC
2011-09-09T08:54:22  <jarib> cheezy: where's the updated example?
2011-09-09T08:54:49  *** rbalent has joined #selenium
2011-09-09T08:54:49  *** rbalent has joined #selenium
2011-09-09T08:55:28  <jarib> cheezy: if you could make the update to https://gist.github.com/1206426, that'd be great. having a single executable file to reproduce == win
2011-09-09T08:59:28  *** stackedsax has quit IRC
2011-09-09T08:59:44  *** towski has joined #selenium
2011-09-09T09:00:46  <cheezy> jarib: try this one -> https://gist.github.com/1206401
2011-09-09T09:02:58  *** sburjan has quit IRC
2011-09-09T09:03:43  *** stockton has quit IRC
2011-09-09T09:04:21  *** stephend has quit IRC
2011-09-09T09:04:50  <cheezy> jarib: sorry -> just updated the gist
2011-09-09T09:05:04  *** stackedsax has joined #selenium
2011-09-09T09:07:48  *** rbalent has quit IRC
2011-09-09T09:08:31  <jarib> cheezy: yeah, that times out for me too - probably something for jim to look at
2011-09-09T09:08:48  <jarib> you're actually testing a site that has nested modal dialogs like this? :/
2011-09-09T09:08:59  *** cerberos has joined #selenium
2011-09-09T09:09:12  <cheezy> they have them in many places -> one place they are nested 5 deep
2011-09-09T09:11:20  <jarib> ouch
2011-09-09T09:14:58  *** csanchez_ has joined #selenium
2011-09-09T09:15:52  *** csanchez has quit IRC
2011-09-09T09:15:52  *** csanchez_ is now known as csanchez
2011-09-09T09:16:46  <lukeis> jarib... i have to test a cms (non-customer facing) tool that has 6 levels deep of framesets ... ouch
2011-09-09T09:17:41  <lukeis> why not just put a frame in a frame in a frame in a frame (my head hurts every time i have to deal with it)
2011-09-09T09:18:59  *** csanchez_ has joined #selenium
2011-09-09T09:20:37  *** cerberos has quit IRC
2011-09-09T09:20:57  *** cerberos has joined #selenium
2011-09-09T09:21:21  *** csanchez has quit IRC
2011-09-09T09:21:21  *** csanchez_ is now known as csanchez
2011-09-09T09:23:46  *** mashiara has joined #selenium
2011-09-09T09:25:56  *** Emperorlou has joined #selenium
2011-09-09T09:26:53  *** stephend has joined #selenium
2011-09-09T09:27:16  <Emperorlou> I'm writing a script designer for web browser automation which is capable of using more than one automation framework. I was hoping to use selenium as one
2011-09-09T09:27:16  <Emperorlou> of the frameworks I can support... is there some way I can control the selenium IDE via code?
2011-09-09T09:27:50  <Emperorlou> specifically I need to be able to get commands from the IDE to my java code programmatically
2011-09-09T09:27:52  *** dave_miles_cf has quit IRC
2011-09-09T09:28:20  <Emperorlou> does the selenium IDE provide some sort of interface for control?
2011-09-09T09:28:31  <Emperorlou> other than clicking on buttons
2011-09-09T09:28:55  <adamgoucher> nope. nor really does any firefox extension
2011-09-09T09:29:26  <adamgoucher> why would you want the generated code? you are /much/ better off crafting it by hand in something like a page object
2011-09-09T09:30:13  <Emperorlou> crafting by hand is not better off
2011-09-09T09:30:24  <adamgoucher> well, thats because you are using java :)
2011-09-09T09:30:28  <Emperorlou> I'm better off being able to click where I want and it remembering those commands
2011-09-09T09:31:00  *** berrada has joined #selenium
2011-09-09T09:31:03  <Emperorlou> I have a visual editor for maintaining script with debug tools and such capable of interfacing with any web automation framework
2011-09-09T09:31:21  <Emperorlou> now, I could probably just save my newly created script to a file and have my editor pick it up automatically
2011-09-09T09:31:26  <Emperorlou> but thats kinda annoying
2011-09-09T09:32:48  <Emperorlou> ok, what about picking up clicks performed but not through the IDE?
2011-09-09T09:33:02  <Emperorlou> something I can translate to selenium commands
2011-09-09T09:33:33  <Emperorlou> I gather I'd need some sort of plugin that does much of the same thing the IDE does...but simpler
2011-09-09T09:33:39  <Emperorlou> yea there's no way...
2011-09-09T09:34:03  <lukeis> there is a way to automate IDE... not sure this is what you really want though: http://blargon7.com/2011/04/testing-selenium-ide-with-mozmill/
2011-09-09T09:36:38  <Emperorlou> oh interesting
2011-09-09T09:36:46  <Emperorlou> a testing framework for ff plugs
2011-09-09T09:36:50  <Emperorlou> that could make sense...
2011-09-09T09:37:17  *** soc42 has quit IRC
2011-09-09T09:37:27  <Emperorlou> so ideally, if I could, from java, hit selenium ide's record button, stop button and get recorded commands, its a win
2011-09-09T09:37:46  <Emperorlou> do you think this could be done with your suggestion?
2011-09-09T09:39:02  *** adamgoucher has quit IRC
2011-09-09T09:40:27  *** cerberos has quit IRC
2011-09-09T09:44:05  <lukeis> Emperorlou: with that tool, you can hit those buttons, yes... essentially you'll be wrapping it in some way... but if you're making a generic script designer wouldn't it make more since to just convert whatever input you are getting to straight webdriver code?
2011-09-09T09:44:21  *** adamgoucher has joined #selenium
2011-09-09T09:45:35  *** pnitin has joined #selenium
2011-09-09T09:46:50  *** ThePeach has quit IRC
2011-09-09T09:50:32  *** cerberos has joined #selenium
2011-09-09T09:51:01  *** sfbrian has joined #selenium
2011-09-09T09:51:31  *** cerberos has joined #selenium
2011-09-09T09:52:30  *** ImthePC has left #selenium
2011-09-09T09:52:30  *** cieufhrxmpfakoih has joined #selenium
2011-09-09T09:53:29  <cieufhrxmpfakoih> how do i get the text that is inside a input tag? i can clear it or sendKeys. easy. but how do i get the text that is already there?
2011-09-09T09:53:40  *** freynaud has joined #selenium
2011-09-09T09:54:35  <adamgoucher> getValue i think
2011-09-09T09:56:34  <cieufhrxmpfakoih> there is only getCssValue available
2011-09-09T09:57:19  *** jimevans has joined #selenium
2011-09-09T09:57:22  <cieufhrxmpfakoih> the getText() method on WebElement doesnt give me the input
2011-09-09T09:58:13  <cieufhrxmpfakoih> strange. i was hoping there is something like the support.ui.Select for input tags or so
2011-09-09T09:58:16  <cieufhrxmpfakoih> :-(
2011-09-09T09:58:23  <adamgoucher> oh. that would have worked in rc
2011-09-09T09:58:32  <cieufhrxmpfakoih> k
2011-09-09T09:58:35  *** Ajay has joined #selenium
2011-09-09T09:58:41  <cieufhrxmpfakoih> i am using selenium 2.5 ;-)
2011-09-09T09:58:55  <adamgoucher> rc is in 2.5 as well :P
2011-09-09T09:59:17  <adamgoucher> i suspect what you meant is you are using selenium webdriver since you are talking about an api
2011-09-09T09:59:45  <cieufhrxmpfakoih> true
2011-09-09T10:01:52  <cheezy> jimevans: ping
2011-09-09T10:03:41  *** nitin__ has joined #selenium
2011-09-09T10:03:45  <jimevans> cheezy: pong
2011-09-09T10:04:54  <cheezy> jimevans:  I've been working with jarib on the modal issue a little
2011-09-09T10:05:13  <cheezy> we've discovered that when we have multiple nested modals things seem to fall apart
2011-09-09T10:05:26  *** pnitin has quit IRC
2011-09-09T10:05:29  <jimevans> okay.
2011-09-09T10:05:40  <cheezy> i have an updated gist that demos the problem -> https://gist.github.com/1206401
2011-09-09T10:06:04  <selbot2_> berrada@google.com less than a minute ago - DouniaBerrada: First step to separate the Android app code from the Android WebDriver library. - http://code.google.com/p/selenium/source/detail?r=13807
2011-09-09T10:06:05  *** Binken_ has joined #selenium
2011-09-09T10:06:33  <cheezy> the code is able to find and use the first modal all of the time but times out while waiting for the handle for the second modal to appear
2011-09-09T10:07:34  <selbot2_> berrada@google.com half a minute ago - DouniaBerrada: Updating build references to point to the new Android app location. - http://code.google.com/p/selenium/source/detail?r=13808
2011-09-09T10:11:48  *** freynaud has quit IRC
2011-09-09T10:12:40  *** voodoofish1 has joined #selenium
2011-09-09T10:15:29  <Binken_> Hi,guys
2011-09-09T10:15:33  <Binken_> Good evening
2011-09-09T10:15:40  <Binken_> Enjoy your weekend
2011-09-09T10:16:39  *** blowery has quit IRC
2011-09-09T10:16:40  <selbot> New news from builds: S2J-FXLX-280 has FAILED (1 tests failed) : Updated by berrada@google.com <http://xserve.openqa.org:8085/browse/S2J-FXLX-280>
2011-09-09T10:17:46  *** blowery has joined #selenium
2011-09-09T10:18:22  *** farlan has joined #selenium
2011-09-09T10:19:11  <farlan> hi there, anyone know if there are any issues reported with firefox driver clicking an <area> element?  I cant seem to make it work...
2011-09-09T10:19:34  <selbot2_> berrada@google.com less than 20 seconds ago - DouniaBerrada: Updating prebuilt apk. - http://code.google.com/p/selenium/source/detail?r=13809
2011-09-09T10:20:43  *** miker2 has quit IRC
2011-09-09T10:20:45  <Emperorlou> lukeis: It would be nice if I could skip the IDE wrapper altogether yes. Webdriver code would be ideal, but how do I go about getting commands in AND out of
2011-09-09T10:20:45  <Emperorlou> webdriver via java?
2011-09-09T10:23:24  *** cieufhrxmpfakoih has quit IRC
2011-09-09T10:23:49  <jimevans> cheezy: looking into the issue. i'll need to debug into the C++ code to see what's going on.
2011-09-09T10:24:05  *** freynaud has joined #selenium
2011-09-09T10:24:13  *** anjelica has quit IRC
2011-09-09T10:24:29  <cheezy> thanks - my client is really struggling with this one.  Their application has nested modals all over the place
2011-09-09T10:24:42  *** algard has quit IRC
2011-09-09T10:24:45  <cheezy> anything I can do to help?
2011-09-09T10:25:12  <jimevans> don't think so. let me dig into it.
2011-09-09T10:27:48  *** algard has joined #selenium
2011-09-09T10:27:53  *** anjelica has joined #selenium
2011-09-09T10:28:11  *** vince__ has quit IRC
2011-09-09T10:28:19  *** davehunt_ has quit IRC
2011-09-09T10:31:18  *** cieufhrxmpfakoih has joined #selenium
2011-09-09T10:33:06  *** towski has quit IRC
2011-09-09T10:34:00  *** anjelica has quit IRC
2011-09-09T10:34:10  *** algard has quit IRC
2011-09-09T10:34:55  *** Fyrespray has joined #selenium
2011-09-09T10:36:46  *** algard has joined #selenium
2011-09-09T10:36:48  *** anjelica has joined #selenium
2011-09-09T10:43:19  *** andytinkham has quit IRC
2011-09-09T10:43:50  *** andytinkham has joined #selenium
2011-09-09T10:44:45  *** freynaud has quit IRC
2011-09-09T10:45:56  *** Siph0n has joined #selenium
2011-09-09T10:45:58  *** freynaud has joined #selenium
2011-09-09T10:46:25  *** ImthePC has joined #selenium
2011-09-09T10:46:36  *** dmachi has quit IRC
2011-09-09T10:47:19  <Siph0n> Using Selenium 1 api, selenium-maven-plugin, and ie8.  I can't get singleWindow mode to work. Is it possible for ie? Works fine for firefox.
2011-09-09T10:50:30  <simonstewart> Happy weekend, everyone!
2011-09-09T10:50:32  *** simonstewart has left #selenium
2011-09-09T10:51:14  *** nitin__ has quit IRC
2011-09-09T10:51:48  *** nitin__ has joined #selenium
2011-09-09T10:56:59  *** NovaKainX has joined #selenium
2011-09-09T10:57:18  *** freynaud has quit IRC
2011-09-09T11:06:32  *** barancev|2 has quit IRC
2011-09-09T11:12:27  <Siph0n> Happy weekend simon
2011-09-09T11:27:51  *** Siph0n has quit IRC
2011-09-09T11:29:48  *** dmachi has joined #selenium
2011-09-09T11:30:36  *** Siph0n has joined #selenium
2011-09-09T11:32:21  *** nitin__ has quit IRC
2011-09-09T11:32:55  *** nitin__ has joined #selenium
2011-09-09T11:37:22  *** xirkus_ has quit IRC
2011-09-09T11:38:53  *** akavlie has joined #selenium
2011-09-09T11:39:30  <akavlie> hi all, can someone explain how WebElement.parent is supposed to work in Selenium 2?
2011-09-09T11:39:58  <akavlie> I thought it would do traversal to the parent DOM element, but it returns a WebDriver object to me.
2011-09-09T11:40:01  <Binken_> Using Javascript
2011-09-09T11:40:08  *** dmachi has quit IRC
2011-09-09T11:40:11  <akavlie> in which case... how do I traverse to the parent DOM element?
2011-09-09T11:44:43  *** Siph0n has quit IRC
2011-09-09T11:45:24  *** dmachi has joined #selenium
2011-09-09T11:45:24  *** miker2 has joined #selenium
2011-09-09T11:46:47  *** cieufhrxmpfakoih has quit IRC
2011-09-09T11:48:37  <adamgoucher> hmmm. so anyone seen the situation where you say to capture a screenshot but commands continue to get executed before it actually been taken?
2011-09-09T11:49:12  *** nitin__ has quit IRC
2011-09-09T11:50:44  *** andialbrecht_ is now known as andialbrecht
2011-09-09T11:51:26  <eghm> haven't heard of that b4
2011-09-09T11:52:15  *** Dude-X has quit IRC
2011-09-09T11:52:19  <akavlie> ...
2011-09-09T11:53:49  *** stackedsax has quit IRC
2011-09-09T11:57:51  <cheezy> jimevans: any progress on the modal dialog issue?
2011-09-09T11:58:20  *** Siph0n has joined #selenium
2011-09-09T12:00:49  *** Dude-X has joined #selenium
2011-09-09T12:03:04  *** adamgoucher has quit IRC
2011-09-09T12:05:58  <jimevans> cheezy: I see where the issue is, but resolving it is a little tricky. i'm working on it.
2011-09-09T12:07:44  <jimevans> i think i've just about got it sussed out.
2011-09-09T12:09:12  <XRayCulver> jimevans: i'm firing drivers with IWebDriver driver = (IWebDriver)Activator.CreateInstance(m_DriverType);
2011-09-09T12:09:28  <XRayCulver> and i'm doing multi threading now, with 2 threads, each trying to create a driver
2011-09-09T12:09:32  *** cgoldberg has quit IRC
2011-09-09T12:09:34  <XRayCulver> and the 2nd one is throwing an exception
2011-09-09T12:09:40  <XRayCulver> let me :pastebin it
2011-09-09T12:09:43  <XRayCulver> :gist
2011-09-09T12:09:43  <selbot2_> Please paste >3 lines of text to http://gist.github.com
2011-09-09T12:11:19  <XRayCulver> https://gist.github.com/1207103
2011-09-09T12:14:25  <XRayCulver> do i need to run it through grid2 w/ remotedrivers instead of Iwebdrivers?
2011-09-09T12:15:02  <jimevans> XRayCulver: I'm not sure. I've not really tested that particular scenario. I don't have the bandwidth to look at it today.
2011-09-09T12:15:10  <XRayCulver> np
2011-09-09T12:15:36  <XRayCulver> i'll check with you next week sometime if i haven't resolved it
2011-09-09T12:15:39  <jimevans> ok\
2011-09-09T12:23:12  <Parabola> hey jimevans
2011-09-09T12:23:22  <jimevans> hey
2011-09-09T12:23:27  <Parabola> theres 2 open issues that need merged, do you have rights to do that?
2011-09-09T12:23:42  <Parabola> I put a comment in the newest of the two, but cannot merge them myself :)
2011-09-09T12:24:00  <jimevans> yeah, what are they?
2011-09-09T12:24:03  <Parabola> #2434 and #2435
2011-09-09T12:24:03  <selbot2_>  open/new ElementNotVisibleException on OS X Lion - http://code.google.com/p/selenium/issues/detail?id=2434 [Type-Defect Priority-Medium]
2011-09-09T12:24:04  <selbot2_>  open/new ElementNotVisibleException on OS X Lion - http://code.google.com/p/selenium/issues/detail?id=2435 [Type-Defect Priority-Medium]
2011-09-09T12:24:10  <Parabola> i put a comment in 2435
2011-09-09T12:25:29  <jimevans> done
2011-09-09T12:25:45  <Parabola> :) thanks
2011-09-09T12:25:53  *** Ajay has quit IRC
2011-09-09T12:26:08  <jimevans> np
2011-09-09T12:26:28  <Parabola> figured since its unlikely that right now i'd be able to create code changes worth submitting, i'd help where I can
2011-09-09T12:26:35  <Parabola> I've been trolling around the issues paeg
2011-09-09T12:26:36  <Parabola> page*
2011-09-09T12:27:18  <jimevans> it's appreciated. the issue report get out of hand pretty quickly.
2011-09-09T12:27:39  <Parabola> not a problem, i'm here all day anyway
2011-09-09T12:27:48  <Parabola> seems like people don't search open issues before opening a new one
2011-09-09T12:27:54  <Parabola> thats two so far today i ran into that were duplicates
2011-09-09T12:27:58  <Parabola> james took care of the other one
2011-09-09T12:28:07  *** Ajay has joined #selenium
2011-09-09T12:28:34  <jimevans> james? would that be me?
2011-09-09T12:28:50  <Parabola> i dont know
2011-09-09T12:28:56  <Parabola> i saw james...@gmail.com
2011-09-09T12:29:07  <Parabola> the ability to handle download dialogs
2011-09-09T12:29:15  <jimevans> oh, yeah, that was me.
2011-09-09T12:30:28  *** RossPatterson has quit IRC
2011-09-09T12:31:00  *** akavlie has quit IRC
2011-09-09T12:32:17  <Parabola> :)
2011-09-09T12:32:22  <Parabola> i put a comment in that one to
2011-09-09T12:32:30  <Parabola> i was all like "lulz ur dumb!"
2011-09-09T12:32:49  *** ian_mac has joined #selenium
2011-09-09T12:32:59  <Parabola> or something like that
2011-09-09T12:33:09  <Parabola> on another note, IBM sales guys are annoying
2011-09-09T12:33:14  <Parabola> and they drive way to nice of cars
2011-09-09T12:35:22  <jimevans> heh.
2011-09-09T12:35:59  *** Binken_ has quit IRC
2011-09-09T12:36:28  <jimevans> cheezy: i think i have a fix for the nested modal dialogs bit.
2011-09-09T12:36:56  *** stephend has quit IRC
2011-09-09T12:38:16  <cheezy> sweet
2011-09-09T12:38:29  <jimevans> "think" being the operative word.
2011-09-09T12:38:44  <jimevans> the wait logic for the ie driver is the most complex bit of code in the whole thing.
2011-09-09T12:39:16  *** ImthePC has quit IRC
2011-09-09T12:40:09  <cheezy> can I help you test it?
2011-09-09T12:40:41  *** towski has joined #selenium
2011-09-09T12:41:53  <jimevans> yeah, give me a second on my end. i'll check in the prebuilts, and you can grab the .dlls from the project svn and drop them into your ruby bindings.
2011-09-09T12:42:09  *** andialbrecht is now known as andialbrecht_
2011-09-09T12:43:14  *** adamgoucher has joined #selenium
2011-09-09T12:43:14  <emil_temp_nick> anybody knows how to set focus on a main window in C#?
2011-09-09T12:44:08  <jimevans> cheezy: doing clean-and-build now
2011-09-09T12:45:22  <jimevans> emil_temp_nick: how do you mean "on a main window"? in a windows forms application? in a win32 app? in a WPF app? in Selenium?
2011-09-09T12:45:30  <cheezy> i have to leave very soon but have time this evening to test
2011-09-09T12:45:39  <cheezy> any chance you can send me a tweet when it's ready?
2011-09-09T12:45:40  <jimevans> me too
2011-09-09T12:45:55  <emil_temp_nick> jimevans: on FF
2011-09-09T12:45:57  <jimevans> yeah, i can tweet when it's available.
2011-09-09T12:46:07  <Parabola> jims already late for his weekly brain defrag and oil change, jordy leforge is doing it
2011-09-09T12:46:09  <cheezy> @chzy
2011-09-09T12:46:12  <jimevans> shouldn't be much more than about 10 minutes.
2011-09-09T12:46:30  <Parabola> emil_temp_nick: that means in selenium, theres stuff in the wiki about it
2011-09-09T12:46:32  <Parabola> :wiki
2011-09-09T12:46:37  <Parabola> ugh
2011-09-09T12:46:48  <Parabola> http://code.google.com/p/selenium/w/list
2011-09-09T12:46:53  <Parabola> i know i saw something in there regarding that
2011-09-09T12:47:10  <jimevans> Parabola: yeah, then I gotta go do The Wife's radio show tonight. our co-host can't be there, so i get to sub in.
2011-09-09T12:47:19  <Parabola> radio show?
2011-09-09T12:47:23  <cheezy> bye guys
2011-09-09T12:47:35  *** cheezy has quit IRC
2011-09-09T12:47:51  <jimevans> yeah, The Wife does a radio talk show on Friday nights.
2011-09-09T12:48:03  <Parabola> oh cool :)
2011-09-09T12:48:21  <emil_temp_nick> i try to use driver.SwitchTo().Window(sMain_Page) but doesn't work
2011-09-09T12:48:24  <jimevans> fridays 9-midnight ET.
2011-09-09T12:48:57  <jimevans> airs in the tampa bay area on WTAN 1340 AM, worldwide on the web via live streaming at foxxxyforum.com
2011-09-09T12:49:17  <Parabola> uh, im not clicking that at work
2011-09-09T12:49:22  <Parabola> looks rather NSFW
2011-09-09T12:49:38  <Parabola> jimevans: how does one go about modifying or submitting updates to the wiki pages?
2011-09-09T12:49:40  <jimevans> completely safe for work. um i think. have to double-check our ad content.
2011-09-09T12:50:06  <jimevans> you need commit access to update the wiki.
2011-09-09T12:50:12  <Parabola> oh kk
2011-09-09T12:50:57  <Ajay> jimevans: were u able to configure ie iamges using Virtual box
2011-09-09T12:51:04  <selbot2_> kristian.rosenvold half a minute ago - KristianRosenvold: Added more sources - http://code.google.com/p/selenium/source/detail?r=13810
2011-09-09T12:51:24  <jimevans> Ajay: didn't have time to finish that particular task.
2011-09-09T12:53:04  <Ajay> :)
2011-09-09T12:57:04  <selbot2_> james.h.evans.jr@gmail.com less than a minute ago - JimEvans: Attempt at fixing nested showModalDialog() windows in IE. May be a destabilizing change. Includes prebuilts. - http://code.google.com/p/selenium/source/detail?r=13811
2011-09-09T12:57:43  *** andytinkham has quit IRC
2011-09-09T12:59:41  <jimevans> for a four-day work week, this one has been a real bitch.
2011-09-09T13:04:39  *** jfunk has quit IRC
2011-09-09T13:04:57  *** Fyrespray has quit IRC
2011-09-09T13:06:32  *** stackedsax has joined #selenium
2011-09-09T13:07:48  *** jfunk has joined #selenium
2011-09-09T13:07:49  <selbot> New news from builds: S2JS-TESTS-51 was SUCCESSFUL (with 43 tests) : Updated by kristian.rosenvold <http://xserve.openqa.org:8085/browse/S2JS-TESTS-51>
2011-09-09T13:09:14  *** csanchez has quit IRC
2011-09-09T13:10:47  *** ian_mac has quit IRC
2011-09-09T13:10:50  *** stephend has joined #selenium
2011-09-09T13:10:53  *** stackedsax has quit IRC
2011-09-09T13:13:04  <selbot2_> james.h.evans.jr@gmail.com less than a minute ago - JimEvans: Moved copy-pasted code from subclasses to base class. Idiot. - http://code.google.com/p/selenium/source/detail?r=13812
2011-09-09T13:13:05  <selbot> New news from builds: S2J-FXLX-281 has FAILED (1 tests failed) : Updated by kristian.rosenvold <http://xserve.openqa.org:8085/browse/S2J-FXLX-281>
2011-09-09T13:16:53  *** stackedsax has joined #selenium
2011-09-09T13:17:47  *** sfbrian_ has joined #selenium
2011-09-09T13:18:08  *** jimevans has left #selenium
2011-09-09T13:18:30  *** ian_mac has joined #selenium
2011-09-09T13:19:08  *** csanchez has joined #selenium
2011-09-09T13:20:09  <XRayCulver> with remotewebdriver/grid2 whats the best way to end the driver? driver.close()?
2011-09-09T13:20:30  <stackedsax> :log
2011-09-09T13:20:30  <selbot2_> http://selenium.saucelabs.com/irc/logs/selenium.2011-09-09.log
2011-09-09T13:21:25  *** DustinFay has quit IRC
2011-09-09T13:21:52  *** sfbrian has quit IRC
2011-09-09T13:21:56  *** sfbrian_ is now known as sfbrian
2011-09-09T13:25:16  <lukeis> XRayCulver: that just closes the window... (well kinda quits it if it's the last one)... best to just to driver.quit()
2011-09-09T13:25:19  <Siph0n> Can IE 8 use the singleWindow mode?
2011-09-09T13:25:36  <XRayCulver> lukeis: perfect,t hanks
2011-09-09T13:25:49  <XRayCulver> :yt Robot ("Endhiran" TeztigoMix_Part 02) ***Kollywood(Tamil)***
2011-09-09T13:25:50  <selbot2_> Robot ("Endhiran" TeztigoMix_Part 02) ***Kollywood(Tamil)*** - http://www.youtube.com/watch?v=svOlz2ei4Yk&feature=youtube_gdata
2011-09-09T13:28:44  <lukeis> XRayCulver: wtf is that ;)
2011-09-09T13:28:52  <XRayCulver> great bollywood
2011-09-09T13:28:58  *** jfunk has quit IRC
2011-09-09T13:29:09  <XRayCulver> bollywood doing terminator
2011-09-09T13:32:12  <XRayCulver> if your a fan of funky techno
2011-09-09T13:32:27  <XRayCulver> :yt The Chemical Brothers Get Yourself High
2011-09-09T13:32:27  <selbot2_> Chemical Brothers - Get Yourself High! - http://www.youtube.com/watch?v=ojmxYR_6GNk&feature=youtube_gdata
2011-09-09T13:32:44  <Ajay> lukeis:hey
2011-09-09T13:32:54  <lukeis> hi Ajay
2011-09-09T13:33:23  <Ajay> Have u heard this http://testingpodcast.com/selenium-for-web-automation-testing-with-jim-evans/
2011-09-09T13:34:17  <Ajay> jimevans: Nice intro
2011-09-09T13:34:59  *** ner0x has quit IRC
2011-09-09T13:35:04  <selbot2_> kristian.rosenvold@gmail.com half a minute ago - KristianRosenvold: Made portprober use platform-specific detection of ephemeral socket ports - http://code.google.com/p/selenium/source/detail?r=13813
2011-09-09T13:36:13  <Ajay> ikrosenvold_: r13813  awesome
2011-09-09T13:36:16  <selbot2_> kristian.rosenvold@gmail.com 2 minutes ago - KristianRosenvold: Made portprober use platform-specific detection of ephemeral socket ports - http://code.google.com/p/selenium/source/detail?r=13813
2011-09-09T13:36:38  <lukeis> i hadn't heard that... Ajay
2011-09-09T13:36:52  *** jfunk has joined #selenium
2011-09-09T13:37:12  <lukeis> se-"lean"-ium
2011-09-09T13:37:20  <lukeis> he
2011-09-09T13:38:44  <Ajay> krosenvold_: IANA  :)
2011-09-09T13:38:56  <stackedsax> new diet?
2011-09-09T13:39:02  <krosenvold_> uh?
2011-09-09T13:39:53  <Ajay> krosenvold_: The new port prober sepecif to platform is awesome
2011-09-09T13:40:03  <krosenvold_> thx
2011-09-09T13:40:32  <Ajay> writing test for windooz
2011-09-09T13:41:16  <krosenvold_> i suppose the values should be read from the registry on Windows
2011-09-09T13:41:32  <Ajay> yes
2011-09-09T13:42:01  * krosenvold_ knows Ajay has Windows machine
2011-09-09T13:42:23  <XRayCulver> I'm getting a spam of "Warning: error executing timeout when cleaning up slot <guid> (int. key. remote not contacted yet.) no internal key yet. did the app start properlty?
2011-09-09T13:42:34  <XRayCulver> any idea what thats from?
2011-09-09T13:42:42  <XRayCulver> and i notice the spelling for properly is wrong
2011-09-09T13:42:51  <XRayCulver> properly vs properlty
2011-09-09T13:43:01  <krosenvold_> well g'nite folks!
2011-09-09T13:43:07  <XRayCulver> l8r
2011-09-09T13:43:43  <XRayCulver> the spam is from my hub2 hub
2011-09-09T13:43:44  <selbot> New news from builds: S2J-FXLX-282 has FAILED (1 tests failed) : Updated by kristian.rosenvold@gmail.com <http://xserve.openqa.org:8085/browse/S2J-FXLX-282>
2011-09-09T13:44:12  <stackedsax> I think I've seen that — but I was told to wait for 2.6 grid...
2011-09-09T13:44:35  <XRayCulver> hm
2011-09-09T13:44:46  <XRayCulver> did you have to restart the hub to stop it?
2011-09-09T13:45:12  <lukeis> XRayCulver:  quick grep.... trunk/java/serversrc/org/openqa/grid/selenium/proxy/WebDriverRemoteProxy.java
2011-09-09T13:45:26  <lukeis> trunk/java/server/src/org/openqa/grid/selenium/proxy/WebDriverRemoteProxy.java
2011-09-09T13:46:17  *** csanchez has quit IRC
2011-09-09T13:47:21  <XRayCulver> i dont have the source on this pc
2011-09-09T13:47:27  <XRayCulver> browsing it at code.google.com
2011-09-09T13:48:01  *** Ajay has quit IRC
2011-09-09T13:48:07  <stackedsax> in general, restarting the 2.5 hub improves things, yes
2011-09-09T13:48:28  *** NReijmersdal has quit IRC
2011-09-09T13:48:33  *** NReijmersdal has joined #selenium
2011-09-09T13:48:35  <stackedsax> some of my observations are here:
2011-09-09T13:48:35  <stackedsax> http://code.google.com/p/selenium/issues/detail?can=2&q=2398&colspec=ID%20Stars%20Type%20Status%20Priority%20Milestone%20Owner%20Summary&id=2398
2011-09-09T13:49:08  <stackedsax> marked as Invalid, but there is an acknowledged problem, judging by the last comment
2011-09-09T13:50:14  <stephend> we've had session issues too
2011-09-09T13:50:22  <stephend> although we haven't tried 2.5.0, even
2011-09-09T13:51:36  <stackedsax> it works pretty well if you only connect one RC to it, though :)
2011-09-09T13:51:44  <stephend> stackedsax: heh
2011-09-09T13:51:50  <stephend> stackedsax: we use py.test with concurrency
2011-09-09T13:51:58  <stephend> so, py.test -n 8, we'll see it
2011-09-09T13:52:06  <stephend> but if we run single-threaded, we don't
2011-09-09T13:52:10  <stephend> not sure if it's the same issue you see
2011-09-09T13:52:29  <stackedsax> yeah, I was fine running multithreaded testng tests, but with only one RC attached to the grid
2011-09-09T13:53:14  <stackedsax> hooked up 15 RC's, ran fine to start and then after about four hours things wouldn't go so well
2011-09-09T13:53:17  *** adamgoucher has quit IRC
2011-09-09T13:53:37  <stackedsax> but, I wait for 2.6 so see if it solves the issue
2011-09-09T13:54:04  <selbot2_> dawagner half a minute ago - DanielWagnerHall: Add missing ; - http://code.google.com/p/selenium/source/detail?r=13814
2011-09-09T13:54:17  <stephend> http://code.google.com/p/selenium/issues/detail?id=2037
2011-09-09T13:54:20  <stephend> there's ours
2011-09-09T13:54:23  <stephend> yeah, same here
2011-09-09T13:54:32  <stephend> I know threading/sessions have been given a good whacking
2011-09-09T13:54:38  *** AJay has joined #selenium
2011-09-09T13:55:00  <stephend> stackedsax: http://code.google.com/p/selenium/issues/attachmentText?id=2037&aid=20370017000&name=selenium-2-5-session-issue.txt&token=e665a0ab6b1742898fb372f03a32c0fd was the last thing we saw
2011-09-09T13:55:14  <stackedsax> thanks — I'll keep an eye on this one too
2011-09-09T13:55:20  <stephend> cool
2011-09-09T13:55:54  <stephend> iirc, one out of every 8 or so builds would have a session failure
2011-09-09T13:56:10  <stephend> which seems to directly correlate to us runing -n 8 :-)
2011-09-09T13:56:17  <stephend> *running
2011-09-09T13:57:55  <AJay> any body using windows vista or later ?
2011-09-09T13:58:52  <lukeis> i have a win7 vm....
2011-09-09T13:59:06  <lukeis> using would be an overstatement though ;)
2011-09-09T13:59:40  *** linkslice has joined #selenium
2011-09-09T14:00:27  <linkslice> anyone using selenium to produce graphs of how long pages are taking to load and availability?
2011-09-09T14:00:39  <AJay> :) can you please check the HKEY_LOCAL_MACHINE\SYSTEM\CurrentControlSet\Services\Tcpip\Parameters   [MaxUserPort] value
2011-09-09T14:00:45  * linkslice is a total selenium newb
2011-09-09T14:00:46  <lukeis> k
2011-09-09T14:01:01  <Dude-X> linkslice, at work we use grinder for that
2011-09-09T14:02:12  <selbot> New news from builds: S2J-FXLX-283 has FAILED (1 tests failed) : Updated by Daniel Wagner-Hall <http://xserve.openqa.org:8085/browse/S2J-FXLX-283>
2011-09-09T14:02:57  <lukeis> Ajay: I don't see a MaxUserPort at that location
2011-09-09T14:03:23  *** adamgoucher has joined #selenium
2011-09-09T14:03:38  <linkslice> One of our infortunate requirement is the use of IE (I know I know) and a kerberos token assigned at machine login.  So I was thinking I could set up selenium on a real windows machine and use selenium to graph this particular application.
2011-09-09T14:04:00  <AJay> lukeis: Thanks
2011-09-09T14:04:13  <linkslice> Dude-X: it doesn't look like grinder will do that. :-(
2011-09-09T14:05:19  <berrada> Anyone wants to take a stab at http://code.google.com/p/selenium/issues/detail?id=1005 ? :)
2011-09-09T14:06:01  <AJay> linkslice: dynatrace does that
2011-09-09T14:07:35  * linkslice looking at dynatrace
2011-09-09T14:12:18  <berrada> I guess I'll have to find a windows machine
2011-09-09T14:13:08  <jarib> #1005
2011-09-09T14:13:09  <selbot2_> berr...@google.com open/accepted Execution of Android driver test case is failing with connection rest error - http://code.google.com/p/selenium/issues/detail?id=1005 [Type-Defect Priority-Medium Component-WebDriver Browser-Android]
2011-09-09T14:14:18  <lukeis> in soviet russia, you don't find windows machine, windows machine finds you...  (I blame XRayCulver ... i watched that bollywood dubbed in Russian....)
2011-09-09T14:14:40  <stephend> heh
2011-09-09T14:16:15  <jarib> berrada: do you know anything about nativedriver? i tried to build the sample project (simplelayouts) but `adb logcat` complains that all the jetty classes are missing when i try to instrument it
2011-09-09T14:16:16  <selbot> New news from builds: S2JS-TESTS-52 was SUCCESSFUL (with 43 tests) : Updated by Daniel Wagner-Hall <http://xserve.openqa.org:8085/browse/S2JS-TESTS-52>
2011-09-09T14:16:28  <jarib> and they're not part of the .apk
2011-09-09T14:17:12  <AJay> krosenvold_: windows doesnot save the port numbers in registry
2011-09-09T14:17:15  <jarib> even though the server-standalone.jar is linked as described on their wiki
2011-09-09T14:18:19  <XRayCulver> lukeis: yup! I have a shirt that says (In soviet russia, Tshirt wears you)
2011-09-09T14:18:28  <AJay> Anything above Xp confirms to IANA stander
2011-09-09T14:18:38  <AJay> * standard
2011-09-09T14:22:46  *** fdelrosario has joined #selenium
2011-09-09T14:26:01  <AJay> lukeis: can run this command   "netsh int ipv4 show dynamicport tcp"
2011-09-09T14:27:14  *** lfryc has joined #selenium
2011-09-09T14:31:42  *** jfunk has quit IRC
2011-09-09T14:31:42  <AJay> :yt vijayakanth current shock
2011-09-09T14:31:43  <selbot2_> Vijayakanth current shock - http://www.youtube.com/watch?v=6EKHebxZOJY&feature=youtube_gdata
2011-09-09T14:32:44  *** ian_mac has quit IRC
2011-09-09T14:34:18  *** ahal has quit IRC
2011-09-09T14:35:42  *** jfunk has joined #selenium
2011-09-09T14:36:12  *** ahal has joined #selenium
2011-09-09T14:37:30  *** Siph0n has quit IRC
2011-09-09T14:43:01  *** ahal has quit IRC
2011-09-09T14:53:41  *** mltolun has quit IRC
2011-09-09T14:55:28  *** sfbrian has quit IRC
2011-09-09T14:57:11  *** NovaKainX has quit IRC
2011-09-09T14:59:45  <lukeis> Ajay: Start port = 49152   Number of Ports = 16384
2011-09-09T14:59:57  <lukeis> Ajay.... go to sleep ;)
2011-09-09T15:00:27  *** dmachi1 has joined #selenium
2011-09-09T15:00:27  *** dmachi has quit IRC
2011-09-09T15:00:54  <AJay> lukeis:Thanks :)  Going to sleep hardly 2 hours to wake up :)
2011-09-09T15:01:27  *** AJay has quit IRC
2011-09-09T15:09:30  *** jfunk has quit IRC
2011-09-09T15:11:38  *** lukeis has quit IRC
2011-09-09T15:22:07  *** linkslice has quit IRC
2011-09-09T15:28:23  *** lfryc has quit IRC
2011-09-09T15:37:20  *** quentusrex has quit IRC
2011-09-09T15:38:17  *** XRayCulver has quit IRC
2011-09-09T15:40:38  *** jhegge has quit IRC
2011-09-09T15:57:36  <berrada> jarib: yes I've tried nativedriver.
2011-09-09T15:57:58  <berrada> jarib: can you send me the actual logcat output?
2011-09-09T15:59:24  <berrada> lukeis: that's what I've done so far, waited for a windows machine to find me :p
2011-09-09T15:59:35  <berrada> the bug is still open
2011-09-09T16:00:18  *** towski has quit IRC
2011-09-09T16:02:58  *** towski has joined #selenium
2011-09-09T16:05:42  *** miker2 has quit IRC
2011-09-09T16:07:10  <Parabola> do you need something tested on windows?
2011-09-09T16:08:42  *** Dude-X has quit IRC
2011-09-09T16:15:54  *** stackedsax has quit IRC
2011-09-09T16:26:42  *** towski has quit IRC
2011-09-09T16:33:22  *** towski has joined #selenium
2011-09-09T16:36:47  <jarib> berrada: thanks, i got it working and released https://github.com/jarib/nativedriver-rb
2011-09-09T16:45:57  *** towski has quit IRC
2011-09-09T16:47:07  *** cheezy has joined #selenium
2011-09-09T16:48:01  *** towski has joined #selenium
2011-09-09T16:55:50  *** stephend has quit IRC
2011-09-09T17:00:45  *** ner0x has joined #selenium
2011-09-09T17:01:29  *** towski has quit IRC
2011-09-09T17:01:46  *** kennethkoontz has quit IRC
2011-09-09T17:03:42  *** cerberos has joined #selenium
2011-09-09T17:04:25  *** brettporter has joined #selenium
2011-09-09T17:09:02  *** cerberos has quit IRC
2011-09-09T17:09:59  *** fdelrosario has quit IRC
2011-09-09T17:13:02  *** towski has joined #selenium
2011-09-09T17:17:49  *** towski has quit IRC
2011-09-09T17:19:05  *** anjelica has quit IRC
2011-09-09T17:20:37  *** towski has joined #selenium
2011-09-09T17:29:42  *** cerberos has joined #selenium
2011-09-09T17:31:49  *** cerberos has quit IRC
2011-09-09T18:16:43  *** towski has quit IRC
2011-09-09T18:23:14  *** towski has joined #selenium
2011-09-09T18:27:08  *** blowery is now known as blowery_off
2011-09-09T18:28:00  *** towski has quit IRC
2011-09-09T18:29:19  *** towski has joined #selenium
2011-09-09T18:36:14  *** towski has quit IRC
2011-09-09T18:38:47  *** farlan has quit IRC
2011-09-09T18:39:25  *** towski has joined #selenium
2011-09-09T18:58:11  *** andytinkham has joined #selenium
2011-09-09T19:03:06  *** andytinkham has quit IRC
2011-09-09T19:16:20  *** ner0x has quit IRC
2011-09-09T19:41:02  *** retornam has quit IRC
2011-09-09T19:42:16  *** voodoofish1 has quit IRC
2011-09-09T19:45:31  *** ian_mac has joined #selenium
2011-09-09T19:50:15  *** retornam has joined #selenium
2011-09-09T20:05:29  *** retornam has quit IRC
2011-09-09T20:34:27  *** brettporter has quit IRC
2011-09-09T20:37:15  *** stockton has joined #selenium
2011-09-09T20:46:33  *** nirvdrum_ has joined #selenium
2011-09-09T20:49:46  *** nirvdrum has quit IRC
2011-09-09T21:01:29  *** stockton has quit IRC
2011-09-09T21:31:59  *** stackedsax has joined #selenium
2011-09-09T21:36:47  *** stackedsax has quit IRC
2011-09-09T21:44:39  *** nitin__ has joined #selenium
2011-09-09T22:15:47  *** nitin__ has quit IRC
2011-09-09T23:11:16  *** stepheneb has quit IRC
2011-09-09T23:22:40  *** towski has quit IRC
2011-09-09T23:24:18  *** aradriel_ has joined #selenium
2011-09-09T23:27:56  *** aradriel has quit IRC
2011-09-09T23:28:47  *** stockton has joined #selenium
2011-09-09T23:50:00  <selbot> New news from builds: S2JS-TESTS-52 was SUCCESSFUL (with 43 tests) : Updated by Daniel Wagner-Hall <http://xserve.openqa.org:8085/browse/S2JS-TESTS-52> || S2J-FXLX-283 has FAILED (1 tests failed) : Updated by Daniel Wagner-Hall <http://xserve.openqa.org:8085/browse/S2J-FXLX-283> || S2J-FXLX-282 has FAILED (1 tests failed) : Updated by kristian.rosenvold@gmail.com <http://xserve.openqa.org:8085/browse/S2J-FXLX-282> || S2J-FXLX-281 has FAILED (1 tests failed) : Updated by kristian.rosenvold <http://xserve.openqa.org:8085/browse/S2J-FXLX-281> || S2JS-TESTS-51 was SUCCESSFUL (with 43 tests) : Updated by kristian.rosenvold <http://xserve.openqa.org:8085/browse/S2JS-TESTS-51> || S2J-FXLX-280 has FAILED (1 tests failed) : Updated by berrada@google.com <http://xserve.openqa.org:8085/browse/S2J-FXLX-280> || S2JS-TESTS-50 was SUCCESSFUL (with 43 tests) : Updated by stuidge@gmail.com <http://xserve.openqa.org:8085/browse/S2JS-TESTS-50> || S2J-FXLX-279 has FAILED (1 tests failed) : Updated by stuidge@gmail.com <http://xserve.openqa.org:8085/browse/S2J-FXLX-279> || S2JS-TESTS-49 was SUCCESSFUL (with 43 tests) : Updated by stuidge@gmail.com <http://xserve.openqa.org:8085/browse/S2JS-TESTS-49> || S2J-FXLX-278 has FAILED (1 tests failed) : Updated by stuidge@gmail.com <http://xserve.openqa.org:8085/browse/S2J-FXLX-278> || S2J-FXLX-277 has FAILED (1 tests failed) : Updated by simon.m.stewart <http://xserve.openqa.org:8085/browse/S2J-FXLX-277> || S2RB-WDUNIT-128 was SUCCESSFUL (with 88 tests) : Updated by Jari Bakken <http://xserve.openqa.org:8085/browse/S2RB-WDUNIT-128> || WEB-SEHQ-226 was SUCCESSFUL : Updated by luke.semerau@gmail.com <http://xserve.openqa.org:8085/browse/WEB-SEHQ-226> || WEB-SEHQ-225 was SUCCESSFUL : Updated by luke.semerau@gmail.com <http://xserve.openqa.org:8085/browse/WEB-SEHQ-225> || S2J-FXLX-276 has FAILED (1 tests failed) : Updated by eran.mes@gmail.com <http://xserve.openqa.org:8085/browse/S2J-FXLX-276> || S2J-FXLX-275 has FAILED (1 tests failed) : Updated by eran.mes@gmail.com <http://xserve.openqa.org:8085/browse/S2J-FXLX-275> || S2J-FXLX-274 has FAILED (1 tests failed) : Updated by Daniel Wagner-Hall <http://xserve.openqa.org:8085/browse/S2J-FXLX-274> || S2JS-TESTS-48 was SUCCESSFUL (with 43 tests) : Updated by Daniel Wagner-Hall <http://xserve.openqa.org:8085/browse/S2JS-TESTS-48> || S2JS-TESTS-47 was SUCCESSFUL (with 43 tests) : Updated by andreastt@opera.com <http://xserve.openqa.org:8085/browse/S2JS-TESTS-47> || S2J-FXLX-273 has FAILED (1 tests failed) : Updated by andreastt@opera.com <http://xserve.openqa.org:8085/browse/S2J-FXLX-273> || S2J-FXLX-272 has FAILED (1 tests failed) : Updated by simon.m.stewart <http://xserve.openqa.org:8085/browse/S2J-FXLX-272> || S2J-FXLX-271 has FAILED (1 tests failed) : Updated by berrada@google.com <http://xserve.openqa.org:8085/browse/S2J-FXLX-271> || S2JS-TESTS-46 was SUCCESSFUL (with 43 tests) : Updated by berrada@google.com <http://xserve.openqa.org:8085/browse/S2JS-TESTS-46> || S2RB-WDUNIT-127 was SUCCESSFUL (with 88 tests) : Updated by andreastt@opera.com <http://xserve.openqa.org:8085/browse/S2RB-WDUNIT-127> || S2JS-TESTS-45 was SUCCESSFUL (with 43 tests) : Updated by simon.m.stewart <http://xserve.openqa.org:8085/browse/S2JS-TESTS-45> || S2J-FXLX-270 has FAILED (1 tests failed) : Updated by simon.m.stewart <http://xserve.openqa.org:8085/browse/S2J-FXLX-270> || S2RB-WDUNIT-126 was SUCCESSFUL (with 88 tests) : Updated by andreastt@opera.com <http://xserve.openqa.org:8085/browse/S2RB-WDUNIT-126> || S2RB-WDUNIT-125 was SUCCESSFUL (with 88 tests) : Updated by andreastt@opera.com <http://xserve.openqa.org:8085/browse/S2RB-WDUNIT-125> || S2JS-TESTS-44 was SUCCESSFUL (with 43 tests) : Updated by simon.m.stewart <http://xserve.openqa.org:8085/browse/S2JS-TESTS-44> || S2J-FXLX-269 has FAILED (1 tests failed) : Updated by simon.m.stewart <http://xserve.openqa.org:8085/browse/S2J-FXLX-269>
2011-09-09T23:58:12  *** andref has joined #selenium
2011-09-09T23:59:27  *** stockton has quit IRC
