2011-08-13T00:00:57  *** Fyrespray has joined #selenium
2011-08-13T00:38:36  *** nilian has joined #selenium
2011-08-13T00:58:52  *** Fyrespray has quit IRC
2011-08-13T01:04:56  *** nilian has quit IRC
2011-08-13T01:11:49  *** semperos has quit IRC
2011-08-13T01:30:25  *** ArmEagle has quit IRC
2011-08-13T01:38:47  *** ArmEagle has joined #selenium
2011-08-13T01:48:01  *** ArmEagle has quit IRC
2011-08-13T01:53:28  *** sfbrian has joined #selenium
2011-08-13T01:55:11  *** sfbrian has quit IRC
2011-08-13T02:04:32  *** AutomatedTester has joined #selenium
2011-08-13T02:15:31  *** Mayank has joined #selenium
2011-08-13T02:17:34  *** Mayank1 has quit IRC
2011-08-13T02:21:07  *** Mayank has quit IRC
2011-08-13T02:21:34  *** AutomatedTester has quit IRC
2011-08-13T02:21:42  *** Mayank has joined #selenium
2011-08-13T02:22:17  *** ArmEagle has joined #selenium
2011-08-13T03:06:12  *** Mayank has quit IRC
2011-08-13T03:10:34  *** Mayank has joined #selenium
2011-08-13T03:18:25  *** netcarver has joined #selenium
2011-08-13T04:17:34  *** ian_mac has quit IRC
2011-08-13T04:22:18  *** ian_mac has joined #selenium
2011-08-13T04:35:52  *** ian_mac has quit IRC
2011-08-13T04:47:09  *** Fyrespray has joined #selenium
2011-08-13T04:47:19  *** ian_mac has joined #selenium
2011-08-13T04:48:51  *** Mayank has quit IRC
2011-08-13T04:58:12  *** naeg has joined #selenium
2011-08-13T05:12:32  *** ian_mac has quit IRC
2011-08-13T05:12:39  *** netcarver has left #selenium
2011-08-13T05:27:53  *** naeg has quit IRC
2011-08-13T05:32:14  *** ian_mac has joined #selenium
2011-08-13T05:54:04  *** ian_mac has quit IRC
2011-08-13T05:56:11  *** Mayank has joined #selenium
2011-08-13T05:56:59  *** naeg has joined #selenium
2011-08-13T06:06:33  *** Mayank1 has joined #selenium
2011-08-13T06:09:40  *** Mayank has quit IRC
2011-08-13T06:23:50  *** cgoldberg has joined #selenium
2011-08-13T06:29:30  *** cgoldberg_ has joined #selenium
2011-08-13T06:30:43  *** cgoldberg_ has quit IRC
2011-08-13T06:30:56  *** cgoldberg has quit IRC
2011-08-13T06:32:25  *** cgoldberg has joined #selenium
2011-08-13T06:34:42  *** cgoldberg has quit IRC
2011-08-13T06:35:06  *** cgoldberg has joined #selenium
2011-08-13T06:40:01  *** nilian has joined #selenium
2011-08-13T06:57:26  *** adamgoucher has quit IRC
2011-08-13T06:57:57  *** naeg has quit IRC
2011-08-13T06:58:45  *** Mayank1 has quit IRC
2011-08-13T06:59:18  *** AutomatedTester has joined #selenium
2011-08-13T07:00:02  *** nilian has quit IRC
2011-08-13T07:04:41  *** Mayank has joined #selenium
2011-08-13T07:11:42  *** adamgoucher has joined #selenium
2011-08-13T07:20:09  *** nirvdrum has joined #selenium
2011-08-13T07:25:33  *** selbot2 has quit IRC
2011-08-13T07:26:10  *** selbot2 has joined #selenium
2011-08-13T07:32:58  *** Mayank has quit IRC
2011-08-13T07:40:17  *** aradriel has joined #selenium
2011-08-13T07:43:41  *** aradriel_ has quit IRC
2011-08-13T08:07:12  *** Mayank has joined #selenium
2011-08-13T08:23:56  *** AutomatedTester has quit IRC
2011-08-13T08:26:52  *** djdevin has joined #selenium
2011-08-13T08:33:48  *** mrchrisadams has quit IRC
2011-08-13T08:34:01  *** mrchrisadams has joined #selenium
2011-08-13T08:34:25  *** bracki has quit IRC
2011-08-13T08:34:33  *** bracki has joined #selenium
2011-08-13T08:40:09  *** AutomatedTester has joined #selenium
2011-08-13T08:57:39  *** ner0x has joined #selenium
2011-08-13T09:03:40  *** AutomatedTester has quit IRC
2011-08-13T09:18:02  *** cakehero has joined #selenium
2011-08-13T09:20:16  *** ian_mac has joined #selenium
2011-08-13T09:21:17  *** AutomatedTester has joined #selenium
2011-08-13T09:24:50  *** DustinFay has joined #selenium
2011-08-13T09:28:51  *** ian_mac has quit IRC
2011-08-13T09:31:31  *** AutomatedTester has joined #selenium
2011-08-13T09:38:15  *** AutomatedTester has quit IRC
2011-08-13T09:46:45  *** djdevin has quit IRC
2011-08-13T09:53:29  *** ian_mac has joined #selenium
2011-08-13T09:56:23  *** ian_mac has quit IRC
2011-08-13T10:02:15  *** ian_mac has joined #selenium
2011-08-13T10:08:38  *** DustinFay has quit IRC
2011-08-13T10:12:21  *** retornam has joined #selenium
2011-08-13T10:15:52  *** retornam has quit IRC
2011-08-13T10:30:31  *** DustinFay has joined #selenium
2011-08-13T10:39:49  *** ner0x has quit IRC
2011-08-13T10:43:30  *** ner0x has joined #selenium
2011-08-13T10:55:31  *** ian_mac has quit IRC
2011-08-13T10:56:55  *** DustinFay has quit IRC
2011-08-13T11:04:59  *** ian_mac has joined #selenium
2011-08-13T11:19:35  *** cerberos has joined #selenium
2011-08-13T11:29:53  *** Siph0n has joined #selenium
2011-08-13T11:40:58  *** DustinFay has joined #selenium
2011-08-13T11:42:23  *** cakehero has quit IRC
2011-08-13T11:42:40  *** DustinFay has quit IRC
2011-08-13T11:57:24  *** towski has joined #selenium
2011-08-13T12:01:52  *** cerberos has quit IRC
2011-08-13T12:04:14  *** cerberos has joined #selenium
2011-08-13T12:23:24  *** ner0x has quit IRC
2011-08-13T13:15:42  *** cerberos has quit IRC
2011-08-13T13:22:51  *** Siph0n has quit IRC
2011-08-13T13:29:04  *** netcarver has joined #selenium
2011-08-13T13:35:47  *** towski has quit IRC
2011-08-13T13:55:22  *** lisak has joined #selenium
2011-08-13T14:02:15  <lisak> guys is there any property to set for firefox driver,  to start firefox up at a specific position ?
2011-08-13T14:02:31  <lisak> on linux, some xorg options
2011-08-13T14:02:47  <lisak> or something directly in firefox-driver
2011-08-13T14:03:08  <lisak> I mean position within screen / desktop
2011-08-13T14:15:15  *** brettporter has joined #selenium
2011-08-13T14:18:29  *** Fyrespray has quit IRC
2011-08-13T14:24:57  *** brettporter has quit IRC
2011-08-13T14:34:20  *** Fyrespray has joined #selenium
2011-08-13T14:34:49  *** sdimkov has joined #selenium
2011-08-13T14:45:36  *** Fyrespray has quit IRC
2011-08-13T15:06:42  *** netcarver has left #selenium
2011-08-13T15:28:23  *** cakehero has joined #selenium
2011-08-13T15:51:44  <selbot> New news from builds: S2JS-TESTS-33 was SUCCESSFUL (with 37 tests) : Updated by simon.m.stewart <http://xserve.openqa.org:8085/browse/S2JS-TESTS-33>
2011-08-13T15:53:42  <selbot> New news from builds: S2JS-TESTS-33 was SUCCESSFUL (with 37 tests) : Updated by berrada@google.com <http://xserve.openqa.org:8085/browse/S2JS-TESTS-33>
2011-08-13T16:17:54  *** DustinFay has joined #selenium
2011-08-13T16:18:28  *** DustinFay has left #selenium
2011-08-13T16:29:07  *** Siph0n has joined #selenium
2011-08-13T16:39:06  *** Mayank has quit IRC
2011-08-13T17:57:06  *** djdevin has joined #selenium
2011-08-13T18:00:22  *** lisak has quit IRC
2011-08-13T18:02:49  <djdevin> why would I get "PHPUnit_Framework_Exception: Could not connect to the Selenium RC server." *after* the test has finished running? i am running on selenium grid with VNC to the node so I know the tests are executing
2011-08-13T18:05:16  *** Spanktar has joined #selenium
2011-08-13T18:12:48  *** Spanktar has quit IRC
2011-08-13T18:19:47  *** DustinFay has joined #selenium
2011-08-13T18:24:12  *** Spanktar has joined #selenium
2011-08-13T18:32:39  *** Spanktar has quit IRC
2011-08-13T18:39:23  *** Spanktar has joined #selenium
2011-08-13T18:43:16  *** Mayank has joined #selenium
2011-08-13T18:43:33  *** Spanktar has quit IRC
2011-08-13T19:02:54  *** nirvdrum has quit IRC
2011-08-13T19:03:29  *** nirvdrum has joined #selenium
2011-08-13T19:05:07  *** nirvdrum has quit IRC
2011-08-13T19:13:14  *** cakehero has quit IRC
2011-08-13T19:13:41  *** cerberos has joined #selenium
2011-08-13T19:19:40  *** cerberos has quit IRC
2011-08-13T19:23:17  *** barancev|2 has joined #selenium
2011-08-13T19:23:33  *** barancev has quit IRC
2011-08-13T19:27:43  <selbot2> dawagner less than 10 seconds ago - DanielWagnerHall: Escape []s - http://code.google.com/p/selenium/source/detail?r=13360
2011-08-13T19:45:30  *** towski has joined #selenium
2011-08-13T19:52:49  *** Mayank has quit IRC
2011-08-13T19:53:57  *** Mayank has joined #selenium
2011-08-13T20:13:19  *** Siph0n has quit IRC
2011-08-13T20:50:09  *** DustinFay has quit IRC
2011-08-13T21:02:27  *** nitin__ has joined #selenium
2011-08-13T21:06:04  *** lukeis has joined #selenium
2011-08-13T21:11:19  *** lukeis has quit IRC
2011-08-13T21:11:20  <selbot2> dawagner less than a minute ago - DanielWagnerHall: Correcting typo - http://code.google.com/p/selenium/source/detail?r=13361
2011-08-13T21:18:41  *** Mayank has quit IRC
2011-08-13T21:19:15  *** Mayank has joined #selenium
2011-08-13T21:21:23  *** Mayank has quit IRC
2011-08-13T21:21:50  *** Mayank has joined #selenium
2011-08-13T21:22:24  *** nitin__ has quit IRC
2011-08-13T21:23:02  *** nitin__ has joined #selenium
2011-08-13T21:26:42  *** nitin__ has quit IRC
2011-08-13T21:27:12  *** nitin__ has joined #selenium
2011-08-13T21:35:33  *** nitin__ has quit IRC
2011-08-13T21:35:53  *** nitin__ has joined #selenium
2011-08-13T21:42:23  *** nitin__ has quit IRC
2011-08-13T21:53:59  *** nitin__ has joined #selenium
2011-08-13T22:11:29  *** cerberos has joined #selenium
2011-08-13T22:12:02  *** nitin__ has quit IRC
2011-08-13T22:12:38  *** nitin__ has joined #selenium
2011-08-13T22:15:50  *** nitin__ has quit IRC
2011-08-13T22:16:34  *** nitin__ has joined #selenium
2011-08-13T22:18:52  *** nitin__ has quit IRC
2011-08-13T22:19:21  *** nitin__ has joined #selenium
2011-08-13T22:19:33  *** cerberos has quit IRC
2011-08-13T22:21:57  *** nitin__ has quit IRC
2011-08-13T22:23:17  *** nitin__ has joined #selenium
2011-08-13T22:39:11  *** towski has quit IRC
2011-08-13T22:47:15  *** towski has joined #selenium
2011-08-13T23:38:50  *** Mayank has quit IRC
2011-08-13T23:39:44  *** Mayank has joined #selenium
2011-08-13T23:40:03  *** towski has quit IRC
2011-08-13T23:42:41  *** Mayank1 has joined #selenium
2011-08-13T23:43:58  *** Mayank has quit IRC
2011-08-13T23:51:03  <selbot> New news from builds: S2J-FXLX-234 has FAILED (1 tests failed) : Updated by simon.m.stewart <http://xserve.openqa.org:8085/browse/S2J-FXLX-234> || S2JS-TESTS-35 has FAILED : Updated by simon.m.stewart <http://xserve.openqa.org:8085/browse/S2JS-TESTS-35> || S2J-FXLX-233 has FAILED (1 tests failed) : Updated by Daniel Wagner-Hall <http://xserve.openqa.org:8085/browse/S2J-FXLX-233> || S2J-FXLX-232 has FAILED (1 tests failed) : Updated by eran.mes@gmail.com <http://xserve.openqa.org:8085/browse/S2J-FXLX-232> || WEB-SEHQ-200 was SUCCESSFUL : Updated by luke.semerau@gmail.com <http://xserve.openqa.org:8085/browse/WEB-SEHQ-200> || WEB-SEHQ-199 was SUCCESSFUL : Updated by simon.m.stewart <http://xserve.openqa.org:8085/browse/WEB-SEHQ-199> || WEB-SEHQ-198 was SUCCESSFUL : Updated by luke.semerau@gmail.com <http://xserve.openqa.org:8085/browse/WEB-SEHQ-198> || WEB-SEHQ-197 was SUCCESSFUL : Updated by luke.semerau@gmail.com <http://xserve.openqa.org:8085/browse/WEB-SEHQ-197> || S2J-FXLX-231 has FAILED (1 tests failed) : Updated by berrada@google.com <http://xserve.openqa.org:8085/browse/S2J-FXLX-231> || S2J-FXLX-230 has FAILED (1 tests failed) : Updated by berrada@google.com <http://xserve.openqa.org:8085/browse/S2J-FXLX-230> || S2JS-TESTS-33 was SUCCESSFUL (with 37 tests) : Updated by berrada@google.com <http://xserve.openqa.org:8085/browse/S2JS-TESTS-33> || S2RB-WDUNIT-122 was SUCCESSFUL (with 77 tests) : Updated by Jari Bakken <http://xserve.openqa.org:8085/browse/S2RB-WDUNIT-122> || S2RB-WDUNIT-121 was SUCCESSFUL (with 77 tests) : Updated by Jari Bakken <http://xserve.openqa.org:8085/browse/S2RB-WDUNIT-121> || S2JS-TESTS-32 was SUCCESSFUL (with 37 tests) : Updated by Jari Bakken <http://xserve.openqa.org:8085/browse/S2JS-TESTS-32> || S2J-FXLX-229 has FAILED (1 tests failed) : Updated by Jari Bakken, simon.m.stewart <http://xserve.openqa.org:8085/browse/S2J-FXLX-229> || S2RB-WDUNIT-120 was SUCCESSFUL (with 77 tests) : Updated by Jari Bakken <http://xserve.openqa.org:8085/browse/S2RB-WDUNIT-120> || S2JS-TESTS-31 was SUCCESSFUL (with 37 tests) : Updated by simon.m.stewart <http://xserve.openqa.org:8085/browse/S2JS-TESTS-31> || S2J-FXLX-228 has FAILED (1 tests failed) : Updated by berrada@google.com <http://xserve.openqa.org:8085/browse/S2J-FXLX-228> || S2RB-WDUNIT-119 was SUCCESSFUL (with 77 tests) : Updated by Jari Bakken <http://xserve.openqa.org:8085/browse/S2RB-WDUNIT-119> || S2JS-TESTS-29 was SUCCESSFUL (with 37 tests) : Updated by simon.m.stewart <http://xserve.openqa.org:8085/browse/S2JS-TESTS-29> || S2J-FXLX-227 has FAILED (1 tests failed) : Updated by simon.m.stewart <http://xserve.openqa.org:8085/browse/S2J-FXLX-227> || S2J-FXLX-226 has FAILED (1 tests failed) : Updated by berrada@google.com <http://xserve.openqa.org:8085/browse/S2J-FXLX-226> || WEB-SEHQ-196 was SUCCESSFUL : Updated by luke.semerau@gmail.com <http://xserve.openqa.org:8085/browse/WEB-SEHQ-196> || S2JS-TESTS-28 was SUCCESSFUL (with 37 tests) : Updated by eran.mes@gmail.com <http://xserve.openqa.org:8085/browse/S2JS-TESTS-28> || S2J-FXLX-225 has FAILED : Updated by eran.mes@gmail.com <http://xserve.openqa.org:8085/browse/S2J-FXLX-225> || IDE-IDE-137 was SUCCESSFUL : Dependant of IDE-EDITOR-159 <http://xserve.openqa.org:8085/browse/IDE-IDE-137> || IDE-EDITOR-159 was SUCCESSFUL (with 120 tests) : Manual build by Dave Hunt <http://xserve.openqa.org:8085/browse/IDE-EDITOR-159> || S2JS-TESTS-27 was SUCCESSFUL (with 37 tests) : Updated by 7 authors <http://xserve.openqa.org:8085/browse/S2JS-TESTS-27> || IDE-IDE-136 was SUCCESSFUL : Dependant of IDE-EDITOR-158 <http://xserve.openqa.org:8085/browse/IDE-IDE-136> || IDE-EDITOR-158 was SUCCESSFUL (with 42 tests) : Manual build by Dave Hunt <http://xserve.openqa.org:8085/browse/IDE-EDITOR-158>
2011-08-13T23:51:52  *** nitin__ has quit IRC
2011-08-13T23:51:57  *** nitin__ has joined #selenium
2011-08-13T23:54:12  *** djdevin has quit IRC
