2011-09-18T00:38:48  *** towski has quit IRC
2011-09-18T00:42:39  *** soc42 has joined #selenium
2011-09-18T01:06:00  *** ner0x has quit IRC
2011-09-18T01:36:58  *** barancev has joined #selenium
2011-09-18T02:24:51  *** cieufhrxmpfakoih has joined #selenium
2011-09-18T02:35:03  *** cieufhrxmpfakoih has quit IRC
2011-09-18T03:09:49  *** soc42 has quit IRC
2011-09-18T03:42:49  *** cieufhrxmpfakoih has joined #selenium
2011-09-18T04:05:15  <selbot2> jari.bakken half a minute ago - JariBakken: Raise Selenium::Server::Error instead of RuntimeError - http://code.google.com/p/selenium/source/detail?r=13869
2011-09-18T04:06:45  <selbot> New news from builds: S2RB-WDUNIT-135 has FAILED : Updated by Jari Bakken <http://xserve.openqa.org:8085/browse/S2RB-WDUNIT-135>
2011-09-18T04:10:15  <selbot2> simon.m.stewart half a minute ago - SimonStewart: Compiling the firefox synthetic mouse as a closure library. - http://code.google.com/p/selenium/source/detail?r=13870
2011-09-18T04:19:18  *** jhaski has joined #selenium
2011-09-18T04:30:49  <selbot> New news from builds: S2JS-TESTS-63 was SUCCESSFUL (with 44 tests) : Updated by simon.m.stewart <http://xserve.openqa.org:8085/browse/S2JS-TESTS-63>
2011-09-18T04:31:01  *** cieufhrxmpfakoih has quit IRC
2011-09-18T04:34:57  *** cieufhrxmpfakoih has joined #selenium
2011-09-18T04:40:27  *** cieufhrxmpfakoih has quit IRC
2011-09-18T04:50:34  *** stuk1 has joined #selenium
2011-09-18T05:17:48  *** stackedsax has joined #selenium
2011-09-18T05:23:02  *** cieufhrxmpfakoih has joined #selenium
2011-09-18T05:31:11  *** cieufhrxmpfakoih has quit IRC
2011-09-18T05:53:29  *** cieufhrxmpfakoih has joined #selenium
2011-09-18T05:56:11  *** stackedsax has quit IRC
2011-09-18T06:07:05  *** naeg has joined #selenium
2011-09-18T06:13:47  *** jonathanrwallace has joined #selenium
2011-09-18T06:18:52  *** zmijunkie has quit IRC
2011-09-18T06:19:07  *** cerberos has joined #selenium
2011-09-18T06:25:27  *** zmijunkie has joined #selenium
2011-09-18T06:38:59  *** dmachi has quit IRC
2011-09-18T06:39:15  *** dmachi has joined #selenium
2011-09-18T06:43:49  *** ner0x has joined #selenium
2011-09-18T06:46:47  *** naeg has quit IRC
2011-09-18T06:52:45  *** zmijunkie_ has joined #selenium
2011-09-18T06:55:39  *** zmijunkie has quit IRC
2011-09-18T06:55:40  *** zmijunkie_ is now known as zmijunkie
2011-09-18T06:55:44  *** pnitin has joined #selenium
2011-09-18T06:57:11  *** cieufhrxmpfakoih has quit IRC
2011-09-18T07:03:16  <selbot> New news from builds: S2RB-WDUNIT-136 has FAILED : Manual build by Jari Bakken <http://xserve.openqa.org:8085/browse/S2RB-WDUNIT-136>
2011-09-18T07:05:42  *** pnitin has quit IRC
2011-09-18T07:06:48  *** beakerman has joined #selenium
2011-09-18T07:13:34  *** cieufhrxmpfakoih has joined #selenium
2011-09-18T07:15:19  <selbot> New news from builds: S2RB-WDUNIT-137 has FAILED : Manual build by Jari Bakken <http://xserve.openqa.org:8085/browse/S2RB-WDUNIT-137>
2011-09-18T07:17:38  *** ner0x has quit IRC
2011-09-18T07:29:10  *** cieufhrxmpfakoih has quit IRC
2011-09-18T07:39:30  *** cerberos has quit IRC
2011-09-18T07:48:51  *** beakerman has quit IRC
2011-09-18T07:54:57  *** Ajay has joined #selenium
2011-09-18T08:05:56  *** stuk1 has quit IRC
2011-09-18T08:09:24  *** cerberos has joined #selenium
2011-09-18T08:17:54  *** beakerman has joined #selenium
2011-09-18T08:20:45  *** cerberos has quit IRC
2011-09-18T08:33:58  *** cerberos has joined #selenium
2011-09-18T08:57:25  *** Siph0n has joined #selenium
2011-09-18T08:57:43  *** ner0x has joined #selenium
2011-09-18T09:03:15  *** pnitin has joined #selenium
2011-09-18T09:03:47  *** Ajay has quit IRC
2011-09-18T09:11:46  *** RSchulzB has quit IRC
2011-09-18T09:14:26  *** jhaski has quit IRC
2011-09-18T09:20:14  *** Binken_ has joined #selenium
2011-09-18T09:24:52  <Binken_> seen: binken
2011-09-18T09:26:26  *** RSchulzB has joined #selenium
2011-09-18T09:27:02  *** cieufhrxmpfakoih has joined #selenium
2011-09-18T09:29:30  *** lange has joined #selenium
2011-09-18T09:29:30  *** cieufhrxmpfakoih has quit IRC
2011-09-18T09:33:12  *** towski has joined #selenium
2011-09-18T09:36:31  *** Fyrespray has quit IRC
2011-09-18T09:44:18  *** cerberos has quit IRC
2011-09-18T09:44:36  *** stepheneb has joined #selenium
2011-09-18T09:45:36  *** pnitin has quit IRC
2011-09-18T09:53:19  *** ian_mac has quit IRC
2011-09-18T09:57:28  *** crankharder has quit IRC
2011-09-18T09:59:58  *** Mayank1 has left #selenium
2011-09-18T10:04:00  *** Fyrespray has joined #selenium
2011-09-18T10:12:21  *** stackedsax has joined #selenium
2011-09-18T10:12:47  *** ian_mac has joined #selenium
2011-09-18T10:23:00  *** lange has quit IRC
2011-09-18T10:45:37  *** naeg has joined #selenium
2011-09-18T10:52:56  *** Binken_ has quit IRC
2011-09-18T11:23:26  *** towski has quit IRC
2011-09-18T11:35:24  *** ian_mac has quit IRC
2011-09-18T11:36:05  *** anjelica has joined #selenium
2011-09-18T11:37:13  *** zmijunkie_ has joined #selenium
2011-09-18T11:39:21  *** zmijunkie has quit IRC
2011-09-18T11:39:21  *** zmijunkie_ is now known as zmijunkie
2011-09-18T11:48:18  *** naeg has quit IRC
2011-09-18T12:01:57  *** jonathanrwallace has quit IRC
2011-09-18T12:08:44  *** jonathanrwallace has joined #selenium
2011-09-18T12:09:17  *** DustinFay has joined #selenium
2011-09-18T12:32:47  *** DustinFay has left #selenium
2011-09-18T12:43:03  *** DustinFay has joined #selenium
2011-09-18T12:44:29  *** DustinFay has left #selenium
2011-09-18T12:52:04  *** DustinFay has joined #selenium
2011-09-18T12:54:01  *** ner0x has quit IRC
2011-09-18T12:56:29  *** DustinFay has quit IRC
2011-09-18T13:03:24  *** stackedsax1 has joined #selenium
2011-09-18T13:04:32  *** stackedsax has quit IRC
2011-09-18T13:18:06  *** voodoofish1 has joined #selenium
2011-09-18T13:21:29  *** jds has quit IRC
2011-09-18T13:23:57  *** beakerman has quit IRC
2011-09-18T13:24:41  *** jds has joined #selenium
2011-09-18T13:24:58  *** jhaski has joined #selenium
2011-09-18T14:00:26  *** ner0x has joined #selenium
2011-09-18T14:18:07  *** Yxven has joined #selenium
2011-09-18T14:24:13  *** beakerman has joined #selenium
2011-09-18T14:37:52  *** Siph0n has quit IRC
2011-09-18T14:43:38  *** stackedsax has joined #selenium
2011-09-18T14:44:28  *** stackedsax1 has quit IRC
2011-09-18T14:48:29  *** jhaski has quit IRC
2011-09-18T14:54:34  *** brettporter has joined #selenium
2011-09-18T15:06:25  *** jhaski has joined #selenium
2011-09-18T15:09:46  *** stackedsax has quit IRC
2011-09-18T15:40:32  *** jhaski has quit IRC
2011-09-18T15:55:44  *** brettporter has quit IRC
2011-09-18T15:56:07  *** brettporter has joined #selenium
2011-09-18T16:23:08  *** jhaski has joined #selenium
2011-09-18T16:41:41  *** anjelica has quit IRC
2011-09-18T17:07:45  *** ian_mac has joined #selenium
2011-09-18T17:28:36  *** cerberos has joined #selenium
2011-09-18T17:30:51  *** jhaski has quit IRC
2011-09-18T17:38:52  *** cerberos has quit IRC
2011-09-18T17:42:33  *** miker2 has joined #selenium
2011-09-18T17:55:57  *** miker2 has quit IRC
2011-09-18T18:08:49  *** jhaski has joined #selenium
2011-09-18T18:14:11  *** voodoofish1 has quit IRC
2011-09-18T18:23:32  *** Yxven has quit IRC
2011-09-18T18:26:43  *** cerberos has joined #selenium
2011-09-18T18:36:11  *** Xtree- has quit IRC
2011-09-18T18:39:14  *** dmachi1 has joined #selenium
2011-09-18T18:39:14  *** dmachi has quit IRC
2011-09-18T19:17:10  *** stackedsax has joined #selenium
2011-09-18T19:24:22  *** pnitin has joined #selenium
2011-09-18T19:34:29  *** pnitin has quit IRC
2011-09-18T19:49:41  *** jhaski has quit IRC
2011-09-18T20:08:19  *** cerberos has joined #selenium
2011-09-18T20:41:43  *** stackedsax has quit IRC
2011-09-18T20:53:01  *** beakerman has quit IRC
2011-09-18T21:27:36  *** towski has joined #selenium
2011-09-18T21:41:59  *** ner0x has quit IRC
2011-09-18T22:08:32  *** Fyrespray has quit IRC
2011-09-18T22:12:50  *** zmijunkie has quit IRC
2011-09-18T22:30:40  *** stepheneb has quit IRC
2011-09-18T22:31:02  *** pnitin has joined #selenium
2011-09-18T22:31:15  *** stepheneb has joined #selenium
2011-09-18T22:49:42  *** andialbrecht_ is now known as andialbrecht
2011-09-18T23:07:55  *** towski has quit IRC
2011-09-18T23:21:05  *** stepheneb has quit IRC
2011-09-18T23:49:39  *** stackedsax has joined #selenium
