2011-02-20T00:05:36  *** admc has quit IRC
2011-02-20T00:09:26  *** dmachi1 has joined #selenium
2011-02-20T00:09:27  *** dmachi has quit IRC
2011-02-20T00:15:47  *** admc has joined #selenium
2011-02-20T00:16:37  *** j2_xiplink has quit IRC
2011-02-20T00:26:52  *** pnitin has quit IRC
2011-02-20T00:44:01  *** admc has quit IRC
2011-02-20T01:06:11  *** cpg|away is now known as cpg
2011-02-20T02:50:06  *** ceeaspb has joined #selenium
2011-02-20T02:52:17  <jarib> ouch, looks like i deleted the source for selbot2
2011-02-20T03:21:24  *** csanchez has joined #selenium
2011-02-20T03:56:50  *** cpg is now known as cpg|away
2011-02-20T04:12:37  *** csanchez has quit IRC
2011-02-20T04:50:42  *** ian_mac2 has quit IRC
2011-02-20T05:02:36  *** sven__ has joined #selenium
2011-02-20T05:13:48  *** pnitin has joined #selenium
2011-02-20T05:27:55  *** limyreth has left #selenium
2011-02-20T05:39:35  *** cpg|away is now known as cpg
2011-02-20T06:08:28  *** ceeaspb has quit IRC
2011-02-20T06:11:48  *** cpg is now known as cpg|away
2011-02-20T06:31:52  *** Putr has quit IRC
2011-02-20T07:07:31  *** mandric has joined #selenium
2011-02-20T07:08:36  *** cheezy has joined #selenium
2011-02-20T07:40:25  *** sven__ has quit IRC
2011-02-20T07:40:39  *** sven__ has joined #selenium
2011-02-20T07:40:55  *** mandric has quit IRC
2011-02-20T07:41:07  *** sven__ has quit IRC
2011-02-20T07:41:24  *** sven__ has joined #selenium
2011-02-20T07:42:00  *** mandric has joined #selenium
2011-02-20T07:46:53  *** sven__ has joined #selenium
2011-02-20T07:49:01  *** mandric has quit IRC
2011-02-20T08:56:51  *** mayanks43 has joined #selenium
2011-02-20T09:23:55  *** dave_miles_cf has joined #selenium
2011-02-20T09:26:39  *** dave_miles has quit IRC
2011-02-20T09:39:02  *** mayanks43 has left #selenium
2011-02-20T09:46:26  *** esteele has joined #selenium
2011-02-20T10:08:11  *** mandric has joined #selenium
2011-02-20T10:30:24  *** esteele_ has joined #selenium
2011-02-20T10:31:16  *** esteele has quit IRC
2011-02-20T10:31:16  *** esteele_ is now known as esteele
2011-02-20T10:31:51  *** mbeierl has joined #selenium
2011-02-20T10:48:08  *** esteele_ has joined #selenium
2011-02-20T10:48:33  *** esteele has quit IRC
2011-02-20T10:48:33  *** esteele_ is now known as esteele
2011-02-20T10:52:26  *** Putr has joined #selenium
2011-02-20T10:55:45  *** reddevil has joined #selenium
2011-02-20T10:58:42  <reddevil> Hello. I installed the python selenium client driver by "pip install -U selenium" and everthing seemed to work. Then I tried the small example from the website and got an error at "from selenium.common.exceptions import NoSuchElementException".
2011-02-20T10:59:45  <reddevil> The rest works fine, when I remove this line and the "except NoSuchElementException" line
2011-02-20T11:00:22  <reddevil> python says: >>> help("selenium.common"), no Python documentation found for 'selenium.common'
2011-02-20T11:03:50  *** esteele has quit IRC
2011-02-20T11:04:21  <reddevil> selenium.selenium and selenium.webdriver exists but seems that selenium.common and maybe others are missing
2011-02-20T11:04:44  <reddevil> Any idea what I have done wrong and how to fix it?
2011-02-20T11:05:34  *** mbeierl has quit IRC
2011-02-20T11:05:52  *** cheezy has quit IRC
2011-02-20T11:08:01  *** cheezy has joined #selenium
2011-02-20T11:09:21  <reddevil> "pip freeze" in shell says "selenium==2.0b2" is installed, which should be the right version?
2011-02-20T11:10:44  *** cheezy has quit IRC
2011-02-20T11:16:52  <reddevil> damn, I got it in selenium.webdriver.common.exceptions
2011-02-20T11:17:15  <reddevil> why is the example wrong and is it documented anywhere?
2011-02-20T11:24:53  *** MNichie has quit IRC
2011-02-20T11:35:05  *** nirvdrum has joined #selenium
2011-02-20T12:09:06  *** mbeierl has joined #selenium
2011-02-20T12:09:29  *** dmachi1 has quit IRC
2011-02-20T12:09:30  *** dmachi has joined #selenium
2011-02-20T12:10:36  <jarib> reddevil: you should hang around until AutomatedTester comes on and ask him
2011-02-20T12:25:06  *** admc has joined #selenium
2011-02-20T13:14:39  *** admc has quit IRC
2011-02-20T13:36:35  *** reddevil is now known as reddeviL
2011-02-20T13:47:16  *** csanchez has joined #selenium
2011-02-20T13:56:22  *** sven__ has quit IRC
2011-02-20T14:15:34  *** cpg|away is now known as cpg
2011-02-20T14:15:38  <selbot> New news from builds: WEB-SEHQ-69 was SUCCESSFUL : Updated by peter.newhook <http://xserve.openqa.org:8085/browse/WEB-SEHQ-69>
2011-02-20T14:26:26  *** jarib has quit IRC
2011-02-20T14:28:35  *** jarib has joined #selenium
2011-02-20T14:28:36  *** jarib has joined #selenium
2011-02-20T14:29:17  *** selbot2 has joined #selenium
2011-02-20T15:12:05  *** brettporter has joined #selenium
2011-02-20T15:20:04  *** Putr is now known as Putr|Away
2011-02-20T15:30:48  *** mbeierl has quit IRC
2011-02-20T16:20:22  *** Archdude1 has joined #selenium
2011-02-20T16:21:42  *** Archdude1 has joined #selenium
2011-02-20T16:23:51  *** Archdude has quit IRC
2011-02-20T16:36:10  *** Archdude1 has quit IRC
2011-02-20T16:36:27  *** Archdude has joined #selenium
2011-02-20T16:37:52  *** Archdude has joined #selenium
2011-02-20T16:44:23  *** Archdude has quit IRC
2011-02-20T16:44:47  *** Archdude has joined #selenium
2011-02-20T16:45:57  *** Archdude has joined #selenium
2011-02-20T16:51:32  *** Archdude has quit IRC
2011-02-20T16:51:47  *** Archdude has joined #selenium
2011-02-20T16:53:07  *** Archdude1 has joined #selenium
2011-02-20T16:53:46  *** carlisia_ has quit IRC
2011-02-20T16:57:03  *** Archdude has quit IRC
2011-02-20T16:58:54  *** Archdude1 has quit IRC
2011-02-20T16:59:12  *** Archdude has joined #selenium
2011-02-20T17:00:17  *** Archdude has quit IRC
2011-02-20T17:00:32  *** Archdude has joined #selenium
2011-02-20T17:02:25  *** ian_mac2 has joined #selenium
2011-02-20T17:05:53  *** Archdude1 has joined #selenium
2011-02-20T17:06:50  *** Archdude1 has quit IRC
2011-02-20T17:07:07  *** Archdude1 has joined #selenium
2011-02-20T17:07:11  <selbot> New news from builds: WEB-SEHQ-69 was SUCCESSFUL : Updated by peter.newhook <http://xserve.openqa.org:8085/browse/WEB-SEHQ-69> || WEB-SEHQ-68 was SUCCESSFUL : Updated by Patrick Lightbody <http://xserve.openqa.org:8085/browse/WEB-SEHQ-68> || S2J-FXLX-145 has FAILED : Updated by simon.m.stewart <http://xserve.openqa.org:8085/browse/S2J-FXLX-145> || S2RB-FXLX-63 has FAILED (1 tests failed) : Dependant of S2RB-WDUNIT-76 <http://xserve.openqa.org:8085/browse/S2RB-FXLX-63> || S2RB-REMLX-53 has FAILED (1 tests failed) : Dependant of S2RB-WDUNIT-76 <http://xserve.openqa.org:8085/browse/S2RB-REMLX-53> || S2RB-RCUNIT-60 was SUCCESSFUL (with 187 tests) : Dependant of S2RB-WDUNIT-76 <http://xserve.openqa.org:8085/browse/S2RB-RCUNIT-60> || S2J-IE7XP-131 has FAILED : Updated by michael.tamm2, Jim Evans, eran.mes@gmail.com, simon.m.stewart <http://xserve.openqa.org:8085/browse/S2J-IE7XP-131> || S2RB-WDUNIT-76 was SUCCESSFUL (with 40 tests) : Updated by Jari Bakken, simon.m.stewart <http://xserve.openqa.org:8085/browse/S2RB-WDUNIT-76> || S2J-FXXP-150 has FAILED : Updated by michael.tamm2, Jim Evans, eran.mes@gmail.com, simon.m.stewart <http://xserve.openqa.org:8085/browse/S2J-FXXP-150> || S2J-FXLX-144 has FAILED : Updated by michael.tamm2, Jim Evans, eran.mes@gmail.com, simon.m.stewart <http://xserve.openqa.org:8085/browse/S2J-FXLX-144> || WEB-SEHQ-67 was SUCCESSFUL : Updated by peter.newhook@gmail.com <http://xserve.openqa.org:8085/browse/WEB-SEHQ-67> || WEB-SEHQ-66 was SUCCESSFUL : Updated by michael.tamm2 <http://xserve.openqa.org:8085/browse/WEB-SEHQ-66> || WEB-SEHQ-65 was SUCCESSFUL : Updated by michael.tamm2 <http://xserve.openqa.org:8085/browse/WEB-SEHQ-65> || WEB-SEHQ-64 was SUCCESSFUL : Updated by tkumarb <http://xserve.openqa.org:8085/browse/WEB-SEHQ-64> || WEB-SEHQ-63 was SUCCESSFUL : Updated by michael.tamm2 <http://xserve.openqa.org:8085/browse/WEB-SEHQ-63> || WEB-SEHQ-62 was SUCCESSFUL : Updated by theautomatedtester <http://xserve.openqa.org:8085/browse/WEB-SEHQ-62> || WEB-SEHQ-61 was SUCCESSFUL : Updated by peter.newhook <http://xserve.openqa.org:8085/browse/WEB-SEHQ-61> || WEB-SEHQ-60 was SUCCESSFUL : Updated by peter.newhook <http://xserve.openqa.org:8085/browse/WEB-SEHQ-60> || WEB-SEHQ-59 was SUCCESSFUL : Updated by peter.newhook <http://xserve.openqa.org:8085/browse/WEB-SEHQ-59> || IDE-EDITOR-97 has FAILED : Manual build by Samit Badle <http://xserve.openqa.org:8085/browse/IDE-EDITOR-97> || WEB-SEHQ-58 was SUCCESSFUL : Updated by tkumarb <http://xserve.openqa.org:8085/browse/WEB-SEHQ-58>
2011-02-20T17:09:03  *** Archdude has quit IRC
2011-02-20T17:12:47  *** Archdude has joined #selenium
2011-02-20T17:14:12  *** Archdude has joined #selenium
2011-02-20T17:16:15  *** Archdude1 has quit IRC
2011-02-20T17:16:29  *** sephinroth has joined #selenium
2011-02-20T17:16:31  *** sephinroth has left #selenium
2011-02-20T17:17:35  *** Archdude has quit IRC
2011-02-20T17:17:52  *** Archdude has joined #selenium
2011-02-20T17:18:57  *** Archdude has quit IRC
2011-02-20T17:19:17  *** Archdude has joined #selenium
2011-02-20T17:22:23  *** Archdude1 has joined #selenium
2011-02-20T17:23:47  *** Archdude1 has joined #selenium
2011-02-20T17:25:27  *** Archdude has quit IRC
2011-02-20T17:29:11  *** Archdude1 has quit IRC
2011-02-20T17:29:32  *** Archdude has joined #selenium
2011-02-20T17:30:35  *** Archdude has quit IRC
2011-02-20T17:30:52  *** Archdude has joined #selenium
2011-02-20T17:36:45  *** Archdude has quit IRC
2011-02-20T17:37:02  *** Archdude has joined #selenium
2011-02-20T17:38:27  *** Archdude has joined #selenium
2011-02-20T17:47:43  *** Archdude1 has joined #selenium
2011-02-20T17:48:42  *** Archdude1 has quit IRC
2011-02-20T17:49:02  *** Archdude1 has joined #selenium
2011-02-20T17:51:03  *** Archdude has quit IRC
2011-02-20T17:52:53  *** Archdude1 has quit IRC
2011-02-20T17:53:12  *** Archdude has joined #selenium
2011-02-20T17:54:32  *** Archdude has joined #selenium
2011-02-20T18:03:48  *** Archdude1 has joined #selenium
2011-02-20T18:04:51  *** Archdude1 has quit IRC
2011-02-20T18:05:07  *** Archdude1 has joined #selenium
2011-02-20T18:07:03  *** Archdude has quit IRC
2011-02-20T18:09:32  *** Archdude has joined #selenium
2011-02-20T18:10:30  *** Archdude has quit IRC
2011-02-20T18:10:47  *** Archdude has joined #selenium
2011-02-20T18:12:39  *** Archdude1 has quit IRC
2011-02-20T18:26:43  *** Archdude has quit IRC
2011-02-20T18:27:02  *** Archdude has joined #selenium
2011-02-20T18:28:22  *** Archdude has joined #selenium
2011-02-20T18:30:49  *** cpg is now known as cpg|brb
2011-02-20T18:35:07  *** Archdude has quit IRC
2011-02-20T18:35:22  *** Archdude has joined #selenium
2011-02-20T18:36:47  *** Archdude has joined #selenium
2011-02-20T18:40:00  *** Archdude has quit IRC
2011-02-20T18:40:17  *** Archdude has joined #selenium
2011-02-20T18:41:22  *** Archdude has quit IRC
2011-02-20T18:41:42  *** Archdude has joined #selenium
2011-02-20T18:44:49  *** Archdude has quit IRC
2011-02-20T18:45:07  *** Archdude has joined #selenium
2011-02-20T18:46:32  *** Archdude has joined #selenium
2011-02-20T18:49:50  *** cburroughs has joined #selenium
2011-02-20T18:56:18  *** pnitin has quit IRC
2011-02-20T18:56:33  *** pnitin has joined #selenium
2011-02-20T19:01:04  *** pnitin has quit IRC
2011-02-20T19:04:52  *** cburroughs has quit IRC
2011-02-20T19:11:36  *** ian_mac2 has quit IRC
2011-02-20T19:13:15  *** Archdude has quit IRC
2011-02-20T19:13:37  *** Archdude has joined #selenium
2011-02-20T19:14:57  *** Archdude has joined #selenium
2011-02-20T19:21:41  *** Archdude has quit IRC
2011-02-20T19:22:02  *** Archdude has joined #selenium
2011-02-20T19:23:00  *** Archdude has quit IRC
2011-02-20T19:23:17  *** Archdude has joined #selenium
2011-02-20T19:24:25  *** ian_mac2 has joined #selenium
2011-02-20T19:29:22  *** mattmtl has quit IRC
2011-02-20T19:30:10  *** Archdude1 has joined #selenium
2011-02-20T19:31:17  *** Archdude1 has quit IRC
2011-02-20T19:31:37  *** Archdude1 has joined #selenium
2011-02-20T19:33:27  *** Archdude has quit IRC
2011-02-20T19:37:51  *** Archdude1 has quit IRC
2011-02-20T19:38:07  *** Archdude has joined #selenium
2011-02-20T19:39:13  *** Archdude has quit IRC
2011-02-20T19:39:32  *** Archdude has joined #selenium
2011-02-20T19:41:54  *** cpg|brb is now known as cpg
2011-02-20T19:43:45  *** mattmtl has joined #selenium
2011-02-20T19:47:00  *** Archdude1 has joined #selenium
2011-02-20T19:48:12  *** Archdude1 has joined #selenium
2011-02-20T19:50:39  *** Archdude has quit IRC
2011-02-20T19:54:37  *** Archdude has joined #selenium
2011-02-20T19:55:37  *** Archdude has quit IRC
2011-02-20T19:55:57  *** Archdude has joined #selenium
2011-02-20T19:58:39  *** Archdude1 has quit IRC
2011-02-20T20:01:37  *** Archdude has quit IRC
2011-02-20T20:01:57  *** Archdude has joined #selenium
2011-02-20T20:02:59  *** Archdude has quit IRC
2011-02-20T20:03:17  *** Archdude has joined #selenium
2011-02-20T20:08:53  *** Archdude1 has joined #selenium
2011-02-20T20:10:03  *** Archdude1 has quit IRC
2011-02-20T20:10:22  *** Archdude1 has joined #selenium
2011-02-20T20:12:39  *** Archdude has quit IRC
2011-02-20T20:15:34  *** Archdude1 has quit IRC
2011-02-20T20:15:52  *** Archdude has joined #selenium
2011-02-20T20:17:12  *** Archdude1 has joined #selenium
2011-02-20T20:21:03  *** Archdude has quit IRC
2011-02-20T20:24:14  *** Archdude has joined #selenium
2011-02-20T20:25:17  *** Archdude has quit IRC
2011-02-20T20:26:05  *** Archdude has joined #selenium
2011-02-20T20:27:17  *** Archdude has joined #selenium
2011-02-20T20:27:27  *** Archdude1 has quit IRC
2011-02-20T20:32:53  *** Archdude1 has joined #selenium
2011-02-20T20:33:54  *** Archdude1 has quit IRC
2011-02-20T20:34:12  *** Archdude1 has joined #selenium
2011-02-20T20:36:39  *** Archdude has quit IRC
2011-02-20T20:38:05  *** pnitin has joined #selenium
2011-02-20T20:40:12  *** Archdude1 has quit IRC
2011-02-20T20:40:32  *** Archdude has joined #selenium
2011-02-20T20:41:31  *** Archdude has quit IRC
2011-02-20T20:41:47  *** Archdude has joined #selenium
2011-02-20T20:49:56  *** Archdude has quit IRC
2011-02-20T20:50:17  *** Archdude has joined #selenium
2011-02-20T20:51:15  *** Archdude has quit IRC
2011-02-20T20:51:32  *** Archdude has joined #selenium
2011-02-20T20:59:36  *** Archdude has quit IRC
2011-02-20T20:59:59  *** Archdude has joined #selenium
2011-02-20T21:01:17  *** Archdude has joined #selenium
2011-02-20T21:10:11  *** nirvdrum has quit IRC
2011-02-20T22:56:07  *** Snekatis has joined #selenium
2011-02-20T23:07:56  *** sephinroth has joined #selenium
2011-02-20T23:17:27  *** reddeviL is now known as reddevil
2011-02-20T23:48:14  *** sburjan has joined #selenium
2011-02-20T23:50:37  *** sephinroth has quit IRC
2011-02-20T23:58:06  *** sephinroth has joined #selenium
