2011-05-28T00:03:50  *** freynaud has quit IRC
2011-05-28T00:20:49  *** amitev has joined #selenium
2011-05-28T00:24:44  *** Nirdosh has joined #selenium
2011-05-28T00:33:15  *** pnitin has quit IRC
2011-05-28T00:34:40  *** reddeviL is now known as red^
2011-05-28T00:35:01  *** Nirdosh has quit IRC
2011-05-28T00:36:07  *** Nirdosh has joined #selenium
2011-05-28T00:38:24  *** Nirdosh has left #selenium
2011-05-28T00:39:07  *** Nirdosh has joined #selenium
2011-05-28T00:42:22  *** robinhoode|away is now known as robinhoode|sleep
2011-05-28T00:46:36  *** Nirdosh has left #selenium
2011-05-28T00:47:07  *** Nirdosh has joined #selenium
2011-05-28T01:11:38  *** eyesonly has quit IRC
2011-05-28T01:27:54  *** admc has quit IRC
2011-05-28T01:28:45  *** admc has joined #selenium
2011-05-28T01:34:52  *** admc1 has joined #selenium
2011-05-28T01:37:17  *** admc has quit IRC
2011-05-28T03:03:49  *** dmachi has quit IRC
2011-05-28T03:06:25  *** dmachi has joined #selenium
2011-05-28T03:47:34  *** admc1 has quit IRC
2011-05-28T04:44:12  *** red^ is now known as reddeviL
2011-05-28T05:48:00  *** reddeviL is now known as red^
2011-05-28T06:03:57  *** rbalent has joined #selenium
2011-05-28T06:07:46  *** miker2 has joined #selenium
2011-05-28T06:16:33  *** miker2 has quit IRC
2011-05-28T06:27:18  *** AutomatedTester has joined #selenium
2011-05-28T06:40:14  *** Fyrespray has quit IRC
2011-05-28T06:40:44  *** Fyrespray has joined #selenium
2011-05-28T06:49:07  *** eyesonly has joined #selenium
2011-05-28T06:56:00  *** rbalent has quit IRC
2011-05-28T06:56:23  *** rbalent has joined #selenium
2011-05-28T07:08:34  *** adamgoucher has quit IRC
2011-05-28T07:10:07  *** adamgoucher has joined #selenium
2011-05-28T07:22:45  *** freynaud has joined #selenium
2011-05-28T07:42:20  <freynaud> damn the svn update is crazy huge
2011-05-28T07:59:38  <jarib> freynaud: yeah, i think the plan is to move gecko 2 out again and download it on demand
2011-05-28T08:02:53  <freynaud> and poeple complain about maven downloading the internet :)) tsss
2011-05-28T08:03:20  *** AutomatedTester has quit IRC
2011-05-28T08:04:35  <selbot2> francois.reynaud half a minute ago - FrancoisReynaud: updating the URL grid listen to so that it matches the url of a webdriver server.Keeping the old url as well for backward compatibility. - http://code.google.com/p/selenium/source/detail?r=12271
2011-05-28T08:45:48  *** cakehero has joined #selenium
2011-05-28T08:59:30  <freynaud> jarib: do you also have  INFO - vnull [null], with Core vnull [null] when you start selenium server ?
2011-05-28T09:00:02  <freynaud> version.txt is replaced by a JS related one in the jar for some reason
2011-05-28T09:06:14  *** pnitin has joined #selenium
2011-05-28T09:23:57  *** cakehero has quit IRC
2011-05-28T09:24:10  *** pnitin has quit IRC
2011-05-28T09:25:35  <selbot2> francois.reynaud less than 20 seconds ago - FrancoisReynaud: display selenium version on the hub. - http://code.google.com/p/selenium/source/detail?r=12272
2011-05-28T09:32:56  *** mydog2 has joined #selenium
2011-05-28T09:33:07  <mydog2> morning
2011-05-28T09:36:39  <selbot2> francois.reynaud less than a minute ago - FrancoisReynaud: bug fix. -port param was ignored when launching the hub. - http://code.google.com/p/selenium/source/detail?r=12273
2011-05-28T09:51:03  *** celm has joined #selenium
2011-05-28T10:27:17  *** red^ is now known as reddeviL
2011-05-28T10:30:05  <selbot2> francois.reynaud half a minute ago - FrancoisReynaud: switching from testNG to JUnit. No logic change. - http://code.google.com/p/selenium/source/detail?r=12274
2011-05-28T10:44:18  *** AutomatedTester has joined #selenium
2011-05-28T11:02:33  *** celm has quit IRC
2011-05-28T11:33:06  *** AutomatedTester has quit IRC
2011-05-28T11:37:56  *** davehunt|away has quit IRC
2011-05-28T11:38:45  *** davehunt|away has joined #selenium
2011-05-28T11:52:59  *** mydog2 has quit IRC
2011-05-28T11:54:02  *** mydog2 has joined #selenium
2011-05-28T12:38:55  *** BobKoertge has joined #selenium
2011-05-28T12:39:07  *** BobKoertge has left #selenium
2011-05-28T12:42:38  *** freynaud has left #selenium
2011-05-28T13:29:05  <selbot2> eran.mes@gmail.com half a minute ago - EranMes: Fixing a small oversight in saving of mouse coordination saving: click was saving the screen coordinates including browser-specific offset, while the other mouse operations didn't. - http://code.google.com/p/selenium/source/detail?r=12275
2011-05-28T13:40:57  *** |izzie has quit IRC
2011-05-28T14:21:56  *** santiycr has quit IRC
2011-05-28T14:22:18  *** santiycr has joined #selenium
2011-05-28T14:45:32  *** santiycr has quit IRC
2011-05-28T15:04:07  *** dmachi1 has joined #selenium
2011-05-28T15:04:07  *** dmachi has quit IRC
2011-05-28T15:28:23  *** miker2 has joined #selenium
2011-05-28T15:33:13  *** miker2 has quit IRC
2011-05-28T15:38:51  *** robinhoode|sleep is now known as robinhoode
2011-05-28T15:45:45  *** santiycr has joined #selenium
2011-05-28T16:08:53  *** brettporter has joined #selenium
2011-05-28T16:22:18  *** miker2 has joined #selenium
2011-05-28T16:30:44  *** rbalent has quit IRC
2011-05-28T16:32:57  *** miker2 has quit IRC
2011-05-28T16:59:18  *** brettporter has quit IRC
2011-05-28T17:00:08  *** adamgouchertoo has joined #selenium
2011-05-28T17:00:24  *** adamgoucher has quit IRC
2011-05-28T17:00:25  *** adamgouchertoo is now known as adamgoucher
2011-05-28T17:22:22  *** santiycr_brb has joined #selenium
2011-05-28T17:25:57  *** santiycr has quit IRC
2011-05-28T17:25:57  *** santiycr_brb is now known as santiycr
2011-05-28T18:03:51  *** santiycr has quit IRC
2011-05-28T18:08:56  *** robinhoode is now known as robinhoode|away
2011-05-28T18:41:17  *** miker2 has joined #selenium
2011-05-28T19:03:39  *** krosenvold has quit IRC
2011-05-28T19:05:14  *** krosenvold has joined #selenium
2011-05-28T19:10:55  *** miker2 has quit IRC
2011-05-28T20:30:20  *** celm has joined #selenium
2011-05-28T20:41:53  *** admc has joined #selenium
2011-05-28T20:42:06  *** |izzie has joined #selenium
2011-05-28T21:31:18  *** krosenvold_ has joined #selenium
2011-05-28T21:31:59  *** krosenvold has quit IRC
2011-05-28T23:33:38  *** celm has quit IRC
