2011-03-02T00:10:16  *** dmachi1 has joined #selenium
2011-03-02T00:10:16  *** dmachi has quit IRC
2011-03-02T00:12:41  *** ryzer-afk has quit IRC
2011-03-02T00:13:00  *** zmijunkie has joined #selenium
2011-03-02T00:13:19  *** pnitin has quit IRC
2011-03-02T00:13:25  *** pnitin has joined #selenium
2011-03-02T00:26:38  *** Snekatis has joined #selenium
2011-03-02T00:27:51  *** Snekatis has quit IRC
2011-03-02T00:28:25  *** ato has quit IRC
2011-03-02T00:28:25  *** Snekatis has joined #selenium
2011-03-02T00:30:07  *** brettporter has quit IRC
2011-03-02T00:31:34  *** Snekatis_ has joined #selenium
2011-03-02T00:33:33  *** Snekatis__ has joined #selenium
2011-03-02T00:34:40  *** Snekatis has quit IRC
2011-03-02T00:34:40  *** Snekatis__ is now known as Snekatis
2011-03-02T00:36:08  *** Snekatis_ has quit IRC
2011-03-02T00:36:51  *** lfryc has quit IRC
2011-03-02T00:45:43  <simonstewart> Morning all
2011-03-02T00:49:22  *** ato has joined #selenium
2011-03-02T00:49:33  <simonstewart> Hi ato
2011-03-02T00:54:29  *** andytinkham has joined #selenium
2011-03-02T00:56:35  *** Snekatis has quit IRC
2011-03-02T00:56:41  <ato> simonstewart: Hello there (-:
2011-03-02T00:57:07  <ato> Fell out there for a second, apparently.
2011-03-02T01:03:32  *** Putr|Away is now known as Putr
2011-03-02T01:04:33  *** rbalent has joined #selenium
2011-03-02T01:17:53  <simonstewart> These things happen
2011-03-02T01:20:49  <simonstewart> Hmph! Trying to find the perfect IDE for working in Javascript, and not really finding it
2011-03-02T01:20:53  <simonstewart> IntelliJ is the best so far
2011-03-02T01:22:21  *** sburjan has joined #selenium
2011-03-02T01:22:50  <jarib> i was at a talk by one of the Cloud9 devs recently, looked pretty sweet
2011-03-02T01:23:16  <jarib> but very much tailored for node.js/web stuff
2011-03-02T01:28:36  *** lfryc has joined #selenium
2011-03-02T01:29:37  <simonstewart> Right. Back to emacs it is
2011-03-02T01:39:16  *** Snekatis has joined #selenium
2011-03-02T01:53:09  <simonstewart> Wow. IE is doing the Right Thing (according to the spec) and other browsers aren't
2011-03-02T01:56:51  *** vrockai has joined #selenium
2011-03-02T02:00:35  *** sephinroth has quit IRC
2011-03-02T02:39:22  <ato> I find that hard to believe.
2011-03-02T02:39:36  <simonstewart> But it is true
2011-03-02T02:39:55  <simonstewart> Turns out that HTML 5 expects a number of boolean properties to be present on elements
2011-03-02T02:39:58  <simonstewart> IE gets this right
2011-03-02T02:40:03  <simonstewart> Other browsers don't
2011-03-02T02:41:13  <jarib> the spec authors probably stole it from IE and put it into the spec :)
2011-03-02T02:41:24  <simonstewart> Probably. But it's there now
2011-03-02T02:42:36  <ato> But there are many cases in which other browsers to the wrong thing just to be compliant with IE, because (or at least they used to) they weren't likely to change.
2011-03-02T02:42:42  <ato> s/to/do
2011-03-02T02:43:06  <ato> I'm not sure if that's also the case with HTML5…
2011-03-02T02:43:09  *** AutomatedTester has joined #selenium
2011-03-02T02:43:20  <AutomatedTester> simonstewart: g'day
2011-03-02T02:43:25  <AutomatedTester> off cloud 9 yet?
2011-03-02T02:43:45  <simonstewart> Reality is slowly sinking in
2011-03-02T02:43:54  <simonstewart> But I'm still a happy camper
2011-03-02T02:44:11  <AutomatedTester> and so you should be
2011-03-02T02:44:28  <simonstewart> :)
2011-03-02T02:44:30  *** ceecee has joined #selenium
2011-03-02T02:45:38  <ceecee> i am running selenium + testng .. works perfect with firefox but i have a major issue with safari
2011-03-02T02:45:46  * AutomatedTester just had amazing email from one of my students
2011-03-02T02:46:03  <AutomatedTester> "we started using Selenium at work now"
2011-03-02T02:46:06  <ceecee> I'm unable to select an option in a dropdown
2011-03-02T02:46:40  <simonstewart> AutomatedTester: that's great news
2011-03-02T02:46:49  <simonstewart> ceecee: how are you selecting the option element?
2011-03-02T02:51:11  <ceecee> simonstewart:selenium.select("prj", "label=Dispaly all rooms")
2011-03-02T02:51:24  <simonstewart> That looks like it should work
2011-03-02T02:51:49  <ceecee> simonstewart: no probs with firefox or IE
2011-03-02T02:51:56  <simonstewart> Right
2011-03-02T02:52:04  <simonstewart> Is there an error in the browser-side logs?
2011-03-02T02:52:08  <ceecee> but safari it just doesnt select
2011-03-02T02:52:14  <ceecee> no
2011-03-02T02:52:19  <simonstewart> Hmmm...
2011-03-02T02:52:29  <simonstewart> Which version of safari? Which OS?
2011-03-02T02:52:57  <ceecee> i also tried clickat to expand the browser and then used mouseover to select an option
2011-03-02T02:53:40  <ceecee> running on mac snowleopard 10.6.6
2011-03-02T02:53:46  <ceecee> safari 5
2011-03-02T02:54:02  <simonstewart> I'm not sure
2011-03-02T02:54:04  <AutomatedTester> simonstewart: sure you already know...IE9 release date sounding like 14 March
2011-03-02T02:54:12  <simonstewart> Heh.
2011-03-02T02:54:12  <AutomatedTester> we prepping for RC now
2011-03-02T02:54:15  <simonstewart> Yeah
2011-03-02T02:54:25  <simonstewart> I've been running the betas on my win7 box
2011-03-02T02:54:33  <simonstewart> I think we'll be readyish
2011-03-02T02:54:38  <AutomatedTester> as of last night we starting to prep for it
2011-03-02T02:54:46  <simonstewart> All we need to do is get alerts and prompts working in ff4
2011-03-02T02:54:51  <simonstewart> sweet
2011-03-02T02:55:11  <ceecee> simonstewart: i tried this on safari the whole day but still no progress
2011-03-02T02:55:30  <simonstewart> I reduced test case and a bug report would help
2011-03-02T02:58:11  <AutomatedTester> simonstewart: fyi https://wiki.mozilla.org/Releases/Firefox_4RC/Test_Plan#Test_Plan_for_RC
2011-03-02T02:58:17  <simonstewart> Interview time
2011-03-02T03:03:42  *** adamgouchertoo has joined #selenium
2011-03-02T03:03:42  *** adamgoucher has quit IRC
2011-03-02T03:03:42  *** adamgouchertoo is now known as adamgoucher
2011-03-02T03:09:29  *** AutomatedTester has quit IRC
2011-03-02T03:15:46  *** AutomatedTester has joined #selenium
2011-03-02T03:38:07  *** kylls has joined #selenium
2011-03-02T03:53:40  *** AutomatedTester has quit IRC
2011-03-02T03:56:59  *** nirvdrum has joined #selenium
2011-03-02T04:00:22  *** AutomatedTester has joined #selenium
2011-03-02T04:06:41  *** Putr is now known as Putr|Away
2011-03-02T04:10:10  *** davehunt|away is now known as davehunt
2011-03-02T04:10:12  <davehunt> http://canweshipyet.com/
2011-03-02T04:10:18  <davehunt> simonstewart ^
2011-03-02T04:11:44  <davehunt> we're close :)
2011-03-02T04:13:10  <AutomatedTester> davehunt: I am thinking the work week dates will stick then
2011-03-02T04:13:26  <AutomatedTester> they can't really bring them forward...*I hope*
2011-03-02T04:13:30  <davehunt> I don't doubt it
2011-03-02T04:21:26  *** mbeierl has quit IRC
2011-03-02T04:44:19  *** ceecee1 has joined #selenium
2011-03-02T04:44:27  *** ceecee1 has left #selenium
2011-03-02T04:45:00  *** ceecee has quit IRC
2011-03-02T04:57:42  *** rolando has joined #selenium
2011-03-02T05:02:49  <simonstewart> Hmmm... at some point, I'm going to have to deal with all this email
2011-03-02T05:02:52  <simonstewart> Man, I hate that stuff
2011-03-02T05:08:09  <jarib> the amount or the content?
2011-03-02T05:10:18  <simonstewart> both
2011-03-02T05:10:38  <simonstewart> There's the horror of reading a short email that unpacks to a day's worth of work
2011-03-02T05:11:03  *** dereke has joined #selenium
2011-03-02T05:11:25  *** wsmoak has joined #selenium
2011-03-02T05:11:25  *** wsmoak has joined #selenium
2011-03-02T05:12:20  <simonstewart> davehunt: have the minutes gone out?
2011-03-02T05:12:30  <davehunt> simonstewart: not yet
2011-03-02T05:12:33  <simonstewart> OK
2011-03-02T05:12:40  <simonstewart> I'm going to start preparing that email
2011-03-02T05:12:42  <davehunt> working through some emails first, then will send them
2011-03-02T05:13:00  <simonstewart> See, jarib, emails. Causing delays and pain
2011-03-02T05:13:56  <AutomatedTester> my wife reads emails with the delete key
2011-03-02T05:14:07  <AutomatedTester> if she gets bored within 2-3 secs its deleted
2011-03-02T05:14:08  <simonstewart> I may end up doing that soon
2011-03-02T05:16:46  *** ojacobson has joined #selenium
2011-03-02T05:17:13  <ahfeel> hi all
2011-03-02T05:17:32  <ahfeel> mh, who's the referrer for IE related issues ? jimevans ?
2011-03-02T05:18:10  <simonstewart> There's a few of us. jimevans has been point for a while
2011-03-02T05:18:10  *** cburroughs has joined #selenium
2011-03-02T05:18:15  <simonstewart> What's the problem?
2011-03-02T05:18:24  *** RossPatterson has joined #selenium
2011-03-02T05:18:53  <ahfeel> we're having really annoying issues (features and stability) with the IE tests since we switched from a7 to b(1|2)
2011-03-02T05:19:21  <simonstewart> Such as?
2011-03-02T05:19:31  <ahfeel> it's really becoming blocking for us, my colleague suggested to switch back on a7, but I would prefer to see if we could collaborate with you guys to get things fixed :)
2011-03-02T05:19:47  <simonstewart> And the problems are...? :)
2011-03-02T05:20:19  <ahfeel> well, we're having a very strange xpath issue with IE, By.xpath("//*[@name='foobar']") worked perfectly in a7
2011-03-02T05:20:23  <ahfeel> and now
2011-03-02T05:20:36  <ahfeel> we have to do By.xpath("//span[contains(@name, 'foobar')]")
2011-03-02T05:20:48  <ahfeel> of course when we do a single test page to figure out the issue, it works
2011-03-02T05:20:57  <simonstewart> That's very odd
2011-03-02T05:21:02  <simonstewart> Because the xpath engine hasn't changed
2011-03-02T05:21:21  <ahfeel> so it's probably due to a vicious state, but without your collaboration using our environment it may be hard to figure out
2011-03-02T05:21:30  <simonstewart> hmmm
2011-03-02T05:21:53  <simonstewart> I think that the xserve is creating nightlies
2011-03-02T05:21:56  <davehunt> simonstewart: sent.
2011-03-02T05:22:10  <simonstewart> It may be worth having a look at those to see if they improve stability
2011-03-02T05:22:25  <AutomatedTester> ahfeel: just curiousity, what arent you using By.Name instead of by.xpath?
2011-03-02T05:22:25  <simonstewart> There's been a few changes that might help
2011-03-02T05:23:08  <ahfeel> simonstewart: okay :) because on the stability side the webdriver server crashes oftenly using the b2
2011-03-02T05:24:21  <ahfeel> AutomatedTester: it seems that By.Name does not work properly with IE, and it's WAY slower than By.xpath on IE
2011-03-02T05:24:36  <ahfeel> (just repeated what my colleague says)
2011-03-02T05:24:45  <AutomatedTester> thats very interesting
2011-03-02T05:24:50  <simonstewart> Aye
2011-03-02T05:24:50  <ahfeel> (but I trust him 100% ;))
2011-03-02T05:25:04  <davehunt> ahfeel: What about By.css(span[name=foobar]) ?
2011-03-02T05:25:26  <simonstewart> davehunt: I can't help that this isn't actually fixing the problem....
2011-03-02T05:25:34  <ahfeel> simonstewart: +1;
2011-03-02T05:25:43  <davehunt> True, and By.name should be fast
2011-03-02T05:25:47  <simonstewart> right
2011-03-02T05:25:53  *** wsmoak has left #selenium
2011-03-02T05:26:44  <ahfeel> I'm completely okay to provide you guys with an access to the application so both of us can benefit o/ :-)
2011-03-02T05:26:51  <AutomatedTester> ahfeel: you using Java?
2011-03-02T05:26:56  <ahfeel> AutomatedTester: yep
2011-03-02T05:27:05  *** Putr|Away is now known as Putr
2011-03-02T05:27:18  <AutomatedTester> so when its crashing, is the JVM crashing, or just IE?
2011-03-02T05:27:21  <simonstewart> Are things more stable if you set the implicit waits to (say) a second?
2011-03-02T05:27:35  <ahfeel> gtailleb1: ?
2011-03-02T05:27:43  <ahfeel> gtailleb1: is it just the JVM or IE ?
2011-03-02T05:27:45  <gtailleb1> jvm crashing
2011-03-02T05:27:49  <gtailleb1> (hi all)
2011-03-02T05:27:52  <simonstewart> hi :)
2011-03-02T05:27:55  <AutomatedTester> ooo thats more interesting
2011-03-02T05:28:08  <AutomatedTester> jarib: ping...
2011-03-02T05:28:10  <ahfeel> simonstewart: huh, no idea
2011-03-02T05:28:15  <gtailleb1> doesn't crash at every tests, but regularly
2011-03-02T05:28:21  <simonstewart> The jvm crashing is a bad thing
2011-03-02T05:28:29  <simonstewart> There's normally a dump file from java
2011-03-02T05:28:38  <simonstewart> does it tell you which method it's falling over in?
2011-03-02T05:28:41  * AutomatedTester has seen a bug, probably from gtailleb1 about it
2011-03-02T05:28:50  <ahfeel> and gtailleb1 correct me if i'm wrong, but the a7 was really way more stable right ?
2011-03-02T05:28:53  <gtailleb1> haven't checked that
2011-03-02T05:29:04  <gtailleb1> yes it was more stable for us
2011-03-02T05:29:12  <ahfeel> yeah, for us obviously :P
2011-03-02T05:29:19  <gtailleb1> :)
2011-03-02T05:29:21  <simonstewart> b1 introduced a rewrite of the IE driver
2011-03-02T05:29:23  <AutomatedTester> #1334
2011-03-02T05:29:23  <selbot2>  open/new Resolving WebDriver based on Capabilities does not work for htmlUnit driver - http://code.google.com/p/selenium/issues/detail?id=1334
2011-03-02T05:29:26  <ahfeel> gtailleb1: do you have the stacktrace or the dump file somewhere ?
2011-03-02T05:29:29  <AutomatedTester> doh
2011-03-02T05:29:33  <AutomatedTester> #1344
2011-03-02T05:29:33  <selbot2>  open/new Java crash - IE - Click after selecting iframe - http://code.google.com/p/selenium/issues/detail?id=1344
2011-03-02T05:29:46  <simonstewart> We used to use structured exception handling to stop problems
2011-03-02T05:29:50  <gtailleb1> mmh i'm not sure
2011-03-02T05:29:57  <simonstewart> Looks like we may need to check that it's still on
2011-03-02T05:29:58  <AutomatedTester> #1328
2011-03-02T05:29:59  <selbot2>  open/new Java crash - IE - Action after sendkey to input type is file - http://code.google.com/p/selenium/issues/detail?id=1328
2011-03-02T05:30:12  <AutomatedTester> #1309
2011-03-02T05:30:13  <selbot2>  open/new javaw.exe crashes when running findElement() with specific by - http://code.google.com/p/selenium/issues/detail?id=1309
2011-03-02T05:30:21  <ahfeel> :-/
2011-03-02T05:30:28  <ahfeel> seems like there's a bunch of issue :-)
2011-03-02T05:30:37  <ahfeel> that may all be related to the same bits
2011-03-02T05:30:45  <simonstewart> Right
2011-03-02T05:31:22  <AutomatedTester> i just moved #1309 to #1311
2011-03-02T05:31:22  <selbot2>  closed/duplicate javaw.exe crashes when running findElement() with specific by - http://code.google.com/p/selenium/issues/detail?id=13091311
2011-03-02T05:31:23  <simonstewart> Does the attached file on #1309 always cause a crash?
2011-03-02T05:31:24  <selbot2>  closed/duplicate javaw.exe crashes when running findElement() with specific by - http://code.google.com/p/selenium/issues/detail?id=13091311
2011-03-02T05:31:29  <jarib> AutomatedTester: pong
2011-03-02T05:31:43  <AutomatedTester> jarib: you had some IE crashes too do you?
2011-03-02T05:31:53  <AutomatedTester> did you and Jim ever get to the bottom of it?
2011-03-02T05:32:14  <ahfeel> AutomatedTester, jarib: warn, JVM crashes when using IE, not IE crashes, this is frequent :)
2011-03-02T05:32:56  <AutomatedTester> ahfeel: ruby had specific issues that may/may not have been related
2011-03-02T05:33:10  <jarib> AutomatedTester: there's been a lot of crashes in the native code (i.e. hard crashes from {java,ruby}.exe), many of them have been fixed
2011-03-02T05:33:22  <jarib> i think one of the ruby-specific ones were fixed recently
2011-03-02T05:33:27  <jarib> i haven't had time to test yet
2011-03-02T05:33:27  <AutomatedTester> ok...
2011-03-02T05:33:46  <jarib> the screenshot thing is still open i think
2011-03-02T05:34:07  <ahfeel> jarib: before or after b2 ?
2011-03-02T05:34:19  *** andytinkham has quit IRC
2011-03-02T05:34:29  <AutomatedTester> ahfeel: after
2011-03-02T05:34:32  <jarib> after
2011-03-02T05:35:18  <ahfeel> ah
2011-03-02T05:35:22  <ahfeel> interesting !
2011-03-02T05:35:23  <jarib> so building trunk may fix your problem
2011-03-02T05:35:34  <jarib> or introduce new ones ;)f
2011-03-02T05:35:40  <ahfeel> hehehe true :)
2011-03-02T05:35:52  <AutomatedTester> ahfeel: new IE prebuilts were put in last night
2011-03-02T05:36:09  <ahfeel> AutomatedTester: huh, IE prebuilts ? what's that ?
2011-03-02T05:36:33  <simonstewart> ahfeel: if you're building from source they're the prebuilt binaries
2011-03-02T05:36:40  <simonstewart> So that you don't need visual studio on linux
2011-03-02T05:36:41  <AutomatedTester> ahfeel: sorry, we precompile the native driver because not everyone can and put into trunk
2011-03-02T05:37:44  <ahfeel> oh okay great
2011-03-02T05:37:44  <AutomatedTester> ahfeel: can you do a quick check by building from trunk and then we can go from there?
2011-03-02T05:38:03  <AutomatedTester> hopefully Jim will pop his head in then too :P
2011-03-02T05:38:03  <ahfeel> yes of course, it will take a little while but we can try
2011-03-02T05:38:27  <ahfeel> gtailleb1: I'm updating my trunk, rebuilding and packaging an SDK for your to test out
2011-03-02T05:38:38  <simonstewart> I thought that the continuous build server hosted some prebuilt artifacts
2011-03-02T05:38:43  <AutomatedTester> right, shower then food
2011-03-02T05:38:55  <gtailleb1> ok
2011-03-02T05:39:01  <simonstewart> But it appears to be down.
2011-03-02T05:39:04  <simonstewart> Furrfu
2011-03-02T05:39:14  *** mbeierl has joined #selenium
2011-03-02T05:39:35  <AutomatedTester> my shower is down !?!?!?!
2011-03-02T05:39:47  <simonstewart> That's gravity for you
2011-03-02T05:39:51  <AutomatedTester> ahh *reads further back*
2011-03-02T05:40:45  * simonstewart crosses fingers
2011-03-02T05:40:52  <simonstewart> I think my build might be about to pass
2011-03-02T05:41:48  <RossPatterson> Food before shower saves a cleaning step.
2011-03-02T05:42:02  <simonstewart> Food in the shower, however, is gross
2011-03-02T05:42:23  <simonstewart> Food as a shower is for fetishists
2011-03-02T05:42:29  <simonstewart> Showers as food is for flowers
2011-03-02T05:42:39  * RossPatterson is starting to feel sorry he started this :-)
2011-03-02T05:42:50  <simonstewart> Sorry. I'll go get a coffee
2011-03-02T05:50:10  *** Snekatis has quit IRC
2011-03-02T05:53:26  *** plightbo has joined #selenium
2011-03-02T06:05:29  <selbot2> simon.m.stewart less than 20 seconds ago - SimonStewart: HTML5 introduces default boolean properties that are expected to exist on every element. - http://code.google.com/p/selenium/source/detail?r=11569
2011-03-02T06:05:48  *** lfryc has quit IRC
2011-03-02T06:07:32  <AutomatedTester> simonstewart: I was having a look at finishing off WebDriverBackedSelenium for Python
2011-03-02T06:07:42  <simonstewart> Excellent
2011-03-02T06:07:45  <simonstewart> someone should :)_
2011-03-02T06:07:53  <AutomatedTester> how did you envisage the code layout
2011-03-02T06:08:07  <AutomatedTester> e.g navigation.py
2011-03-02T06:08:19  <AutomatedTester> were you thinking of a actions.py
2011-03-02T06:08:21  <simonstewart> I just wanted to avoid one maaaaassive file
2011-03-02T06:08:24  <simonstewart> yeah
2011-03-02T06:08:29  <simonstewart> that sort of thing
2011-03-02T06:08:31  <AutomatedTester> cool
2011-03-02T06:08:58  *** melter has quit IRC
2011-03-02T06:09:10  <AutomatedTester> now this *may* influence speed of each command...
2011-03-02T06:09:41  <AutomatedTester> since __getattribute__ would have to possibly do reflection in a number of files
2011-03-02T06:09:52  <AutomatedTester> i dont think it really matters
2011-03-02T06:10:15  <simonstewart> I don't either
2011-03-02T06:10:31  <simonstewart> The webdriver-backed selenium is always explained as being an interim measure
2011-03-02T06:10:41  <simonstewart> to allow people to make an orderly migration to the new api
2011-03-02T06:10:57  <gtailleb1> Hi again guys
2011-03-02T06:11:12  <simonstewart> hi
2011-03-02T06:11:28  <gtailleb1> how come in get a WebDriverException instead of a NoSuchElementException when an element is not found with ie driver
2011-03-02T06:11:29  <gtailleb1> ?
2011-03-02T06:11:43  <simonstewart> that's not what should be happening
2011-03-02T06:11:53  *** cpg is now known as cpg|away
2011-03-02T06:11:59  *** melter has joined #selenium
2011-03-02T06:12:00  <simonstewart> It's likely that a JS exception was thrown
2011-03-02T06:12:04  <simonstewart> and we're not wrapping it properly
2011-03-02T06:12:44  <gtailleb1> in fact in some of my environments i get the WebDriverException, and in other environment, i get the NoSuchElementException
2011-03-02T06:12:56  <simonstewart> It should be the NSEE
2011-03-02T06:13:08  <gtailleb1> NSEE?
2011-03-02T06:13:14  <simonstewart> NoSuchElementException
2011-03-02T06:13:22  <gtailleb1> :) sorry
2011-03-02T06:13:30  <simonstewart> The webdriverexception (WDE) indicates that there was a problem actually getting the JS to execute
2011-03-02T06:13:43  <simonstewart> I suspect you're seeing it when your site is transitioning between pages
2011-03-02T06:14:13  <gtailleb1> hmm no the page doesn't change at the time i'm getting it
2011-03-02T06:14:31  <simonstewart> being updated rapidly using ajax?
2011-03-02T06:14:41  <gtailleb1> possible
2011-03-02T06:14:53  <gtailleb1> highly possible
2011-03-02T06:15:03  <simonstewart> hmmm
2011-03-02T06:15:10  <gtailleb1> is there a workaround?
2011-03-02T06:15:17  <simonstewart> I'm not sure
2011-03-02T06:15:27  <simonstewart> One thing to look at would be to use implicit waits
2011-03-02T06:15:42  <simonstewart> which will cause the search to be retried until a specific time limit is reached
2011-03-02T06:17:10  <gtailleb1> maybe i could ctach both exception, but nor very clean
2011-03-02T06:19:27  <simonstewart> http://www.buzzfeed.com/awesomer/the-single-most-damning-wikileaks-cable
2011-03-02T06:19:58  <gtailleb1> if the element is still not found at end of implicit wait, will it still throw the WDE?
2011-03-02T06:20:10  <simonstewart> It should throw the NSEE
2011-03-02T06:20:19  <gtailleb1> ok thx
2011-03-02T06:24:11  <adamgoucher> any powershell experts kicking about?
2011-03-02T06:24:46  <RossPatterson> simonstewart: Rickrolling the channel?
2011-03-02T06:25:01  <simonstewart> I'm found out
2011-03-02T06:25:31  <simonstewart> But I'm never going to give it up
2011-03-02T06:25:34  <simonstewart> Never going to let it down
2011-03-02T06:25:40  <simonstewart> Never going to turn around
2011-03-02T06:25:44  <simonstewart> and desert it
2011-03-02T06:28:06  <ahfeel> gtailleb1: ping ?
2011-03-02T06:28:56  <jarib> AutomatedTester, simonstewart: I thought there was agreement that WebDriverBackedSelenium should be done in the remote server
2011-03-02T06:29:14  <simonstewart> We can look at it
2011-03-02T06:29:24  <simonstewart> every time I do, it terrifies me a little bit
2011-03-02T06:29:29  <ahfeel> gtailleb1: you can now use your local deps to selenium-java-client-driver=2.trunk
2011-03-02T06:31:13  <AutomatedTester> jarib: The way I see it is that it shouldn't matter which driver it works on
2011-03-02T06:31:27  *** gnofi has joined #selenium
2011-03-02T06:31:28  <AutomatedTester> you inject a driver and use the original API
2011-03-02T06:31:51  <AutomatedTester> so could be RemoteWebDriver or FirefoxDriver...doesnt matter
2011-03-02T06:32:06  <AutomatedTester> it gives us the scale up/down that we have in Se2
2011-03-02T06:32:12  <AutomatedTester> but am open to correction
2011-03-02T06:36:36  <simonstewart> jarib's point is that if we implemented this server-side we wouldn't need to write this code per client
2011-03-02T06:36:49  <balou> can you take a screen shot from a remote driver in some way?
2011-03-02T06:36:55  <simonstewart> Yes
2011-03-02T06:37:05  <balou> by casting the driver to something else?
2011-03-02T06:37:09  <simonstewart> TakesScreenshot
2011-03-02T06:37:40  *** zmijunkie has quit IRC
2011-03-02T06:37:54  <balou> but what would need to implement that?
2011-03-02T06:38:24  <simonstewart> You can take a raw RemoteWebDriver and run it through the Augmenter
2011-03-02T06:38:41  <simonstewart> That'll return an instance with the additional interfaces added
2011-03-02T06:38:55  *** Snekatis has joined #selenium
2011-03-02T06:39:00  *** zmijunkie has joined #selenium
2011-03-02T06:40:14  <jarib> AutomatedTester: the idea is to make the server expose both HTTP APIs for the same sessionId, backed by either WebDriver or Selenium
2011-03-02T06:40:26  <AutomatedTester> simonstewart: when are we this to happen
2011-03-02T06:40:28  <jarib> then the client stuff would be a piece of cake
2011-03-02T06:40:46  <jarib> i think we decided on "when there's demand"
2011-03-02T06:40:55  <AutomatedTester> ahh right...
2011-03-02T06:40:56  <balou> 'run it through an augmenter'?
2011-03-02T06:41:10  <jarib> AutomatedTester: i have the backlog from this discussion, can email it to you if you're interested
2011-03-02T06:41:12  <simonstewart> WebDriver driver = new Augmenter().augment(instance);
2011-03-02T06:41:49  <balou> cool
2011-03-02T06:41:52  <AutomatedTester> sure jarib that would be great
2011-03-02T06:43:03  *** dmachi1 is now known as dmachi
2011-03-02T06:44:25  <ian_mac_> is Augmenter a standard Java construct?
2011-03-02T06:44:29  <simonstewart> Nope
2011-03-02T06:44:32  <ian_mac_> or is it Selenium specific
2011-03-02T06:44:32  <simonstewart> It's one of ours
2011-03-02T06:45:15  <ian_mac_> is it under http://code.google.com/p/selenium/source/browse/#svn%2Ftrunk%2Fjava%2Fclient%2Fsrc%2Forg%2Fopenqa%2Fselenium somewhere?
2011-03-02T06:45:35  <simonstewart> http://selenium.googlecode.com/svn/trunk/docs/api/java/org/openqa/selenium/remote/Augmenter.html
2011-03-02T06:46:10  <ian_mac_> thx
2011-03-02T06:46:22  <simonstewart> NP
2011-03-02T06:48:55  <simonstewart> Debating whether I need moar coffee
2011-03-02T06:49:01  <balou> but the object you get back is a WebDriver, so how would you get the screenShotAs without casting
2011-03-02T06:49:11  <simonstewart> You'll always need to cast
2011-03-02T06:49:48  <balou> but casting to TakesScreenShot fails for me
2011-03-02T06:49:58  <simonstewart> Even after the Augmenting?
2011-03-02T06:50:01  <simonstewart> Which driver are you using?
2011-03-02T06:50:16  <balou> java.lang.ClassCastException: org.openqa.selenium.remote.RemoteWebDriver cannot be cast to org.openqa.selenium.TakesScreenshot
2011-03-02T06:50:39  <simonstewart> Which browser? IE? Firefox?
2011-03-02T06:50:45  <balou> firefox
2011-03-02T06:50:51  <simonstewart> That should be working then
2011-03-02T06:50:55  <simonstewart> Furrfu
2011-03-02T06:50:59  <simonstewart> 2.0b2, right?
2011-03-02T06:51:03  <balou> i'm pointing it at a hub though
2011-03-02T06:51:24  <balou> yeah 2.0.b1
2011-03-02T06:51:28  <balou> s/yeah/no
2011-03-02T06:51:40  <simonstewart> Try 2.0b2
2011-03-02T06:51:47  <simonstewart> Or, better still, tip of tree
2011-03-02T06:51:55  <simonstewart> as I added a bunch of stuff to the augmenter yesterday
2011-03-02T06:52:11  <balou> how do I do tip of the tree?
2011-03-02T06:52:29  <balou> is there a maven SNAPSHOT version i could use or something?
2011-03-02T06:52:38  <simonstewart> If the build server was up, you could use that
2011-03-02T06:53:06  <simonstewart> The easiest way is to check out the code, cd into the directory and run "./go release"
2011-03-02T06:53:12  <simonstewart> which will build everything you need
2011-03-02T06:53:22  <ian_mac_> oh yeah?
2011-03-02T06:53:28  <ian_mac_> I didn't know that thanks Simon
2011-03-02T06:53:39  <simonstewart> The output will be in "build/dist"
2011-03-02T06:53:46  * ian_mac_ hasn't been in the Java/Maven world for 10 years
2011-03-02T06:53:53  <ian_mac_> well
2011-03-02T06:53:59  <ian_mac_> I've never been in the Maven world
2011-03-02T06:54:01  <simonstewart> Which language binding are you using?
2011-03-02T06:54:15  <balou> so after you build it with ./go,  you'd have to install it to your local repository if you're using maven?
2011-03-02T06:54:22  <ian_mac_> me?
2011-03-02T06:54:30  <simonstewart> balou: yes
2011-03-02T06:54:31  <balou> java/maven
2011-03-02T06:54:34  <balou> ha ok
2011-03-02T06:54:43  <simonstewart> iac_mac_ yeah
2011-03-02T06:54:46  <balou> do you know if the build server will be up soon ?
2011-03-02T06:54:46  <ian_mac_> well
2011-03-02T06:54:55  <ian_mac_> I write in PHP
2011-03-02T06:54:57  *** jimevans has joined #selenium
2011-03-02T06:55:03  <simonstewart> Ahhh... php
2011-03-02T06:55:04  <RossPatterson> exit
2011-03-02T06:55:06  <ian_mac_> so write now I'm using Sel 1
2011-03-02T06:55:08  <RossPatterson> DOH!
2011-03-02T06:55:12  <simonstewart> I've written a ton of that
2011-03-02T06:55:12  <ian_mac_> obviously
2011-03-02T06:55:20  <simonstewart> But not for a looong time
2011-03-02T06:55:26  <simonstewart> RossPatterson: eh?
2011-03-02T06:55:30  <ian_mac_> I'm trying to understand how all the Java concepts work
2011-03-02T06:55:39  <ian_mac_> to hopefully port the Java client to PHP
2011-03-02T06:55:53  <ian_mac_> seems like a pipe dream atm
2011-03-02T06:55:58  <ian_mac_> but hopefully I'll get there
2011-03-02T06:56:00  <simonstewart> Should be pretty easy to do
2011-03-02T06:56:22  <ian_mac_> well there are some concepts that just don't map so I have to think about how those translate
2011-03-02T06:56:27  <simonstewart> I sat next to a PHP hacker at a hackathon and he threw together the skeleton of a PHP binding pretty quickly
2011-03-02T06:56:35  <simonstewart> Such as?
2011-03-02T06:56:46  <ian_mac_> I was looking at it last night
2011-03-02T06:56:48  <ian_mac_> let's see
2011-03-02T06:56:48  <ian_mac_> well
2011-03-02T06:56:55  <simonstewart> :)
2011-03-02T06:56:55  <ian_mac_> overloaded methods
2011-03-02T06:57:03  <ian_mac_> which I mean
2011-03-02T06:57:05  <ian_mac_> I can solve that
2011-03-02T06:57:15  <ian_mac_> it's just a bit of translation to figure it out
2011-03-02T06:57:21  <ian_mac_> classes in classes
2011-03-02T06:57:23  <simonstewart> Right, just use default arguments and away you go
2011-03-02T06:57:26  <ian_mac_> yeah
2011-03-02T06:57:28  <RossPatterson> Sorry, wrong window
2011-03-02T06:57:32  <simonstewart> They could be top-level classes
2011-03-02T06:57:35  <ian_mac_> yeah
2011-03-02T06:57:39  <ian_mac_> that's what I'll have to do
2011-03-02T06:57:43  <ian_mac_> but
2011-03-02T06:57:51  <ian_mac_> it just means it isn't straight syntax conversion
2011-03-02T06:58:05  <simonstewart> The end result is
2011-03-02T06:58:18  <simonstewart> $driver->navigate()->to()
2011-03-02T06:58:27  <ian_mac_> yeah
2011-03-02T06:58:56  <ian_mac_> so the PHP Hacker that threw together the skeleton - is his work anywhere? (or her work)
2011-03-02T06:59:03  <simonstewart> facebook
2011-03-02T06:59:08  <ian_mac_> ah
2011-03-02T06:59:43  <simonstewart> He's a good chap
2011-03-02T06:59:45  <ian_mac_> but the skeleton isn't available presumably?
2011-03-02T06:59:53  <simonstewart> Nope
2011-03-02T06:59:55  <ian_mac_> ok
2011-03-02T06:59:59  <simonstewart> Not sure if he kept it or not
2011-03-02T07:00:05  <ian_mac_> he
2011-03-02T07:00:24  <simonstewart> indeed.
2011-03-02T07:00:43  <simonstewart> He made it look pretty easy
2011-03-02T07:00:48  <simonstewart> Not sure if that means anything
2011-03-02T07:01:09  <ian_mac_> I haven't seen anything that will be insurmountable
2011-03-02T07:01:16  <ian_mac_> I think the hardest part is
2011-03-02T07:01:27  <ian_mac_> learning the Java concepts I'm not as familiar with
2011-03-02T07:01:49  <simonstewart> We're here to help
2011-03-02T07:02:04  <ian_mac_> so I can figure out how to do it in PHP
2011-03-02T07:02:07  <ian_mac_> thanks
2011-03-02T07:02:25  <ian_mac_> I started last night so still pretty early on
2011-03-02T07:02:28  <simonstewart> It's a pleasure :)
2011-03-02T07:02:35  <simonstewart> I'd love to see some good PHP bindings
2011-03-02T07:02:46  <ian_mac_> have you worked with any of the 1.0 stuff?
2011-03-02T07:02:57  <simonstewart> In the java world, yes
2011-03-02T07:03:03  <ian_mac_> but not the PHP bindings
2011-03-02T07:03:07  <simonstewart> Nope
2011-03-02T07:03:08  <ian_mac_> I assumed not
2011-03-02T07:03:14  <simonstewart> It really has been a long time
2011-03-02T07:03:17  <ian_mac_> nobody really uses them on the Selenium team
2011-03-02T07:03:17  <simonstewart> 8 years or so
2011-03-02T07:03:19  <ian_mac_> he
2011-03-02T07:04:10  <ian_mac_> well, Adam did some stuff recently
2011-03-02T07:04:23  <ian_mac_> and I took some of his page object base
2011-03-02T07:04:41  <simonstewart> Adam seems like a busy lad
2011-03-02T07:04:49  <ian_mac_> hehe
2011-03-02T07:04:51  <ian_mac_> indeed
2011-03-02T07:05:02  <simonstewart> Hmmm... I strongly suspect that the text handling in Core may be a little broken
2011-03-02T07:09:53  *** AutomatedTester has quit IRC
2011-03-02T07:11:35  *** dave_miles has quit IRC
2011-03-02T07:15:01  *** AutomatedTester has joined #selenium
2011-03-02T07:20:59  <selbot2> james.h.evans.jr less than 20 seconds ago - JimEvans (on behalf of KirillJacobson): Fixing leak in IEDriver native code - ScriptWrapper.cpp - http://code.google.com/p/selenium/source/detail?r=11570
2011-03-02T07:21:39  <simonstewart> Playing whack-a-mole with compilation errors
2011-03-02T07:22:05  *** ner0x has joined #selenium
2011-03-02T07:23:06  *** davehunt has quit IRC
2011-03-02T07:25:18  <balou> aah, so the reason i couldn't get 2.0b2 to work for me through maven is that the artifact id has changed from 'selenium' to 'selenium-remote-control'
2011-03-02T07:25:42  <simonstewart> Yeah. There's some "discussion" about that on the mailing list
2011-03-02T07:25:51  <simonstewart> Email sent
2011-03-02T07:25:55  <simonstewart> Finally
2011-03-02T07:27:38  <balou> so even with 2.0b2 i'm still getting ClassCastException, when trying ((TakesScreenshot)driver).getScreenshotAs(OutputType.FILE);
2011-03-02T07:28:15  <balou> I think i must be doing something wrong... I do  new Augmenter().augment(driver); in my setUp() method, is that what's expected?
2011-03-02T07:28:26  <adamgoucher> re php drivers - the person who 'should' do them i think is sebastian. and/or whomever does them contributes them to phpunit
2011-03-02T07:28:56  <adamgoucher> the pear selenium library has a couple truck-size holes in it and it doesnt seem too actively maintained
2011-03-02T07:29:14  <adamgoucher> (i use it though as i dont like all the magic phpunit does)
2011-03-02T07:33:51  *** andytinkham has joined #selenium
2011-03-02T07:35:12  *** adamgouchertoo has joined #selenium
2011-03-02T07:35:47  <simonstewart> balou: you need to capture the returned value
2011-03-02T07:35:53  <simonstewart> so:
2011-03-02T07:36:01  <simonstewart> driver = new Augmenter().augument(driver);
2011-03-02T07:36:30  <balou> oh of course, because just the copy is being changed otherwise?
2011-03-02T07:36:53  <simonstewart> We create a subclass with the right interfaces and return that
2011-03-02T07:37:12  <simonstewart> The changes I made yesterday decant the values of the fields of the existing class into the new instance
2011-03-02T07:37:41  <simonstewart> r11563
2011-03-02T07:37:44  <selbot2> simon.m.stewart 1 day ago - SimonStewart: the augmenter should copy fields from the existing driver to the newly created one. - http://code.google.com/p/selenium/source/detail?r=11563
2011-03-02T07:38:05  *** adamgoucher has quit IRC
2011-03-02T07:38:05  *** adamgouchertoo is now known as adamgoucher
2011-03-02T07:38:34  <ian_mac_> adamgoucher - this seems somewhat separate from PHPUnit though
2011-03-02T07:38:41  <ian_mac_> I mean, it is nice that PHPUnit has them
2011-03-02T07:39:03  <adamgoucher> does anyone use anything else for creating xunit scripts in php?
2011-03-02T07:39:23  <ian_mac_> but none of the other test frameworks are building client bindings for Selenium are they?
2011-03-02T07:39:28  <ian_mac_> (I could be wrong on this)
2011-03-02T07:40:14  <adamgoucher> other languages have an array of drivers
2011-03-02T07:40:35  <adamgoucher> erm, runners
2011-03-02T07:41:22  <adamgoucher> but that isnt to say that you couldnt create your own webdriver pear package
2011-03-02T07:41:24  <ian_mac_> anyway, even so, I don't know that Sebastian intends to write them
2011-03-02T07:41:31  <ian_mac_> or when
2011-03-02T07:41:38  <adamgoucher> just dont use the the crap pear bug tracker please :)
2011-03-02T07:41:40  <ian_mac_> so it seems to me that if I want to use it, I need to write it
2011-03-02T07:41:55  <adamgoucher> i dont think he is; though i havent talked to him much about it
2011-03-02T07:41:58  <ian_mac_> and if I produce something
2011-03-02T07:42:07  <ian_mac_> I'd be happy to contribute it wherever it was wanted
2011-03-02T07:42:23  <ian_mac_> be that Selenium or PHPUnit
2011-03-02T07:42:25  <ian_mac_> *shrug*
2011-03-02T07:42:53  <ian_mac_> what tracker do you like?
2011-03-02T07:44:12  <adamgoucher> not pear. tried to log a bug in it and it kept rejecting it for dumb reasons :)
2011-03-02T07:44:23  <ian_mac_> he
2011-03-02T07:44:30  <ian_mac_> our tracker is probably worse
2011-03-02T07:46:02  <ian_mac_> I don't think anything can suck as bad as our tracker (Gforge)
2011-03-02T07:49:07  *** brettporter has joined #selenium
2011-03-02T07:49:08  *** brettporter has joined #selenium
2011-03-02T07:50:39  <XCulver> dawagner: you there?
2011-03-02T07:58:28  <XCulver> Is there a way to inject a userprofile into the chrome browser like firefox?
2011-03-02T08:00:04  <AutomatedTester> XCulver: kinda
2011-03-02T08:00:24  <AutomatedTester> but you can't currently set any major values
2011-03-02T08:00:28  <XCulver> well
2011-03-02T08:00:30  <XCulver> ok
2011-03-02T08:00:46  <AutomatedTester> there is a ChromeProfile object
2011-03-02T08:00:50  <XCulver> i saw that
2011-03-02T08:00:58  <XCulver> but i can't find where to inject it
2011-03-02T08:01:07  <XCulver> i'm using C#
2011-03-02T08:01:39  <AutomatedTester> doh...
2011-03-02T08:01:44  <AutomatedTester> its a private constructor
2011-03-02T08:01:47  <XCulver> yah
2011-03-02T08:01:49  <XCulver> https://groups.google.com/d/topic/selenium-users/DFqqUje1Kn4/discussion
2011-03-02T08:01:50  <AutomatedTester> jimevans: ping
2011-03-02T08:01:53  <XCulver> i just notied it
2011-03-02T08:01:54  <XCulver> noted
2011-03-02T08:02:21  <jimevans> AutomatedTester: pong
2011-03-02T08:02:37  <XCulver> i'm hoping that if i push a profile in there it would get rid of my error
2011-03-02T08:02:43  <AutomatedTester> any objects to me either making the private constructor in ChromeDriver public
2011-03-02T08:02:57  <AutomatedTester> or creating a new public on that delegates to the private one?
2011-03-02T08:03:39  <jimevans> Hang on, let me look at the backlog and the code.
2011-03-02T08:03:48  <AutomatedTester> sure
2011-03-02T08:04:13  <XCulver> AutomatedTester: do you think creating it with a default profile will fix my error?
2011-03-02T08:04:26  <AutomatedTester> XCulver: whats your error?
2011-03-02T08:04:36  <XCulver>  https://groups.google.com/d/topic/selenium-users/DFqqUje1Kn4/discussion
2011-03-02T08:04:39  <XCulver> i have a big post on it
2011-03-02T08:04:49  <XCulver> essentially chrome closes when called by nunit
2011-03-02T08:04:55  <XCulver> says can't find profile
2011-03-02T08:05:55  <balou> how come Augmenter().augment(RemoteDriver) doesn't return a RemoteDriver?
2011-03-02T08:05:56  <XCulver> hudson fires my slave which runs a msbuild task, after building it feeds the tests to the nunit_console
2011-03-02T08:06:21  <AutomatedTester> jimevans: what I was thinking is add new constructor to allow people to pass in a ChromeProfile object
2011-03-02T08:07:30  <AutomatedTester> XCulver: what happens when you run this without all the other stuff you have
2011-03-02T08:07:31  <ian_mac_> balou it looks like it should
2011-03-02T08:07:36  <AutomatedTester> just a quick test that does it all
2011-03-02T08:07:40  <jimevans> AutomatedTester: I don't really see why that would be a problem.
2011-03-02T08:07:40  <ian_mac_> public WebDriver augment(WebDriver driver)
2011-03-02T08:08:03  *** davehunt|away has joined #selenium
2011-03-02T08:08:11  *** antlong has joined #selenium
2011-03-02T08:08:29  <jimevans> AutomatedTester, XCulver: Remember, though that the Chrome driver is due for an extensive overhaul, likely within the next 6-8 weeks.
2011-03-02T08:08:38  <XCulver> AutomatedTester: Like just opening nunit and loading the assembley manually?
2011-03-02T08:08:44  <AutomatedTester> yea
2011-03-02T08:08:49  <XCulver> let me try
2011-03-02T08:08:51  <XCulver> and good to know
2011-03-02T08:08:55  <XCulver> i'm ok for now
2011-03-02T08:09:01  <XCulver> i just tests firefox and ie
2011-03-02T08:09:04  <AutomatedTester> jimevans: I know that's why I dont want to do more than this :)
2011-03-02T08:09:36  <jimevans> AutomatedTester: My point exactly.
2011-03-02T08:10:41  <AutomatedTester> jimevans: but if we allow people to programmitcally create a profile then hopefully we can extend this relatively easily
2011-03-02T08:11:36  <jimevans> We have a constructor like that for Firefox, so I guess it makes sense to expose one for Chrome too.
2011-03-02T08:11:55  <AutomatedTester> yay...touching .NET code again
2011-03-02T08:12:12  * jimevans will be really glad to refactor the .NET Chrome driver so it's not such a big kludge
2011-03-02T08:12:23  <XCulver> AutomatedTester: it acts the same.  It doesn't report the profile error, only the object not found selenium error.
2011-03-02T08:12:44  <XCulver> It opens up the chrome driver, then opens up a 2nd tab for the page
2011-03-02T08:12:53  <XCulver> then it closes chrome alltogether, then opens it up once more
2011-03-02T08:12:58  <XCulver> then the test crashes
2011-03-02T08:13:12  <AutomatedTester> by Selenium error you mean....
2011-03-02T08:13:35  <XCulver> my find element function
2011-03-02T08:13:40  <XCulver> has a built in wait
2011-03-02T08:13:45  *** carols10cents has joined #selenium
2011-03-02T08:13:46  <XCulver> keeps looking for the specified timeout
2011-03-02T08:13:53  <XCulver> then it throws an exception if it doens't find it
2011-03-02T08:13:59  <XCulver> and it wont because the page is blank
2011-03-02T08:14:11  <AutomatedTester> is the profile error gone though?
2011-03-02T08:14:26  <XCulver> the profile error never appears on the page
2011-03-02T08:14:41  <XCulver> the only place i catch it is the msbuild console output
2011-03-02T08:14:52  *** lfryc has joined #selenium
2011-03-02T08:15:15  <XCulver> but it acts the same no matter how i run nunit
2011-03-02T08:15:33  <jimevans> XCulver: The logging you're seeing in the console is from the Chrome extension that gets loaded by the browser.
2011-03-02T08:15:44  <AutomatedTester> XCulver: create a test that creates chrome in it, in a new project,  and see if you get that error
2011-03-02T08:15:52  <AutomatedTester> I think this is a build issue...
2011-03-02T08:15:52  <XCulver> ok
2011-03-02T08:16:10  <XCulver> let me try
2011-03-02T08:17:56  *** brettporter has quit IRC
2011-03-02T08:18:18  <XCulver> does chrome need anything more than ionic.zip.reduced, webdriver.common, webdriver.chrome assemblies?
2011-03-02T08:18:54  <jimevans> XCulver: How are you building?
2011-03-02T08:19:04  <XCulver> a msbuild.xml script
2011-03-02T08:19:05  <jimevans> Sorry, where did the assemblies come from?
2011-03-02T08:19:11  *** zmijunkie has quit IRC
2011-03-02T08:19:19  <jimevans> The download, or are you building them yourself?
2011-03-02T08:19:19  <XCulver> the code.google.com download page
2011-03-02T08:19:24  <XCulver> i have the code locally
2011-03-02T08:19:27  *** lfryc has quit IRC
2011-03-02T08:19:30  <XCulver> but i dont use them
2011-03-02T08:19:33  <XCulver> just to look at it
2011-03-02T08:19:39  <jimevans> Ok, then the assemblies should be all you need.
2011-03-02T08:20:01  <XCulver> the ones i listed or all of them?
2011-03-02T08:20:32  <jimevans> The ones you listed, plus you'll need WebDriver.Remote.dll and WebDriver.Remote.Common.dll.
2011-03-02T08:21:09  <jimevans> (ChromeDriver is a subclass of RemoteWebDriver).
2011-03-02T08:21:17  <XCulver> ok
2011-03-02T08:21:56  <balou> :( now i'm getting "org.openqa.selenium.WebDriverException: Session ID may not be null"
2011-03-02T08:22:08  <balou> when I try to agument my RemoteWebDriver
2011-03-02T08:22:39  *** lawcab has joined #selenium
2011-03-02T08:24:09  <balou> ok, i think that's because i'm doing the augmenting before the session is even created
2011-03-02T08:24:22  *** kpiwko has quit IRC
2011-03-02T08:24:23  <simonstewart> balou: I think that may actually be an actual bug
2011-03-02T08:24:34  <balou> so moving the driver = new Augmenter().augment(driver)  to right before the screenshot makes that problem go away
2011-03-02T08:24:57  <balou> but then, i get an exception when trying to get the screenshot.  (WebDriverException : Connection refused)
2011-03-02T08:25:17  <balou> could that be because i'm using a hub? ^^^^
2011-03-02T08:25:32  <simonstewart> I think it's because there's a bug
2011-03-02T08:25:51  <balou> oh ok, (/me just always is more convinced that it's my fault, than there being a bug)  heh
2011-03-02T08:26:09  <simonstewart> I've had reports about something similar
2011-03-02T08:26:17  <simonstewart> I've just not sat down and dug into it
2011-03-02T08:26:29  <simonstewart> Right now, I'm doing bug fixing in another codebase
2011-03-02T08:26:54  <balou> no worries
2011-03-02T08:27:02  <simonstewart> I'll get there some day
2011-03-02T08:27:05  <balou> thanks for letting me know,  at least i can put that aside for later and carry on :)
2011-03-02T08:27:19  <simonstewart> NP. Thank you for being patient :)
2011-03-02T08:30:18  <XCulver> http://codepad.org/mENys9jr is what i ran. and it worked.  I'm going to try driver = (IWebDriver)Activator.CreateInstance(driverType); now
2011-03-02T08:31:18  *** lfryc has joined #selenium
2011-03-02T08:33:10  <Mayank> botsnack?
2011-03-02T08:33:16  <Mayank> !botsnack
2011-03-02T08:34:20  *** Snekatis has quit IRC
2011-03-02T08:37:37  <XCulver> http://codepad.org/eNYqTpP9 works fine too.  Any suggestions what might be causing it in my code?
2011-03-02T08:39:04  <antlong> XCulver, are you historically a .net person
2011-03-02T08:39:10  <XCulver> yes
2011-03-02T08:39:19  <XCulver> but not very long really
2011-03-02T08:39:34  <AutomatedTester> ahh XCulver how are you running this?
2011-03-02T08:39:44  <AutomatedTester> is msbuild calling nunit?
2011-03-02T08:39:48  <XCulver> yes
2011-03-02T08:39:57  <XCulver> sometimes i just run it with testrunner in visualstudio
2011-03-02T08:40:10  <AutomatedTester> so class libraries can't access app.config
2011-03-02T08:40:19  <XCulver> they can
2011-03-02T08:40:26  <AutomatedTester> sure?
2011-03-02T08:40:38  <XCulver> it copies it to the bin\debug folder
2011-03-02T08:40:47  <AutomatedTester> thats a build step
2011-03-02T08:40:59  <AutomatedTester> I am meaning your dll that is built cant read the file
2011-03-02T08:41:26  <XCulver> the profile file?
2011-03-02T08:41:32  <AutomatedTester> no...
2011-03-02T08:41:34  <AutomatedTester> your test dll
2011-03-02T08:41:54  <AutomatedTester> the DLL that has all your tests you wrote in c#
2011-03-02T08:41:58  <XCulver> right
2011-03-02T08:42:04  <XCulver> if the dll doens't exist
2011-03-02T08:42:09  <XCulver> it can't even load the driver at all
2011-03-02T08:42:18  <XCulver> err
2011-03-02T08:42:19  <XCulver> the config
2011-03-02T08:42:31  <AutomatedTester> if the dll doesnt exist nothing will work...nature of .NET
2011-03-02T08:42:51  <XCulver> i'm lost on your original question
2011-03-02T08:43:15  *** antlong has quit IRC
2011-03-02T08:43:20  <AutomatedTester> ok, are you sure that .NET class libraries can read app.config?
2011-03-02T08:43:26  <XCulver> yes
2011-03-02T08:43:33  <AutomatedTester> thats new
2011-03-02T08:43:45  <AutomatedTester> they never used to be able to
2011-03-02T08:43:52  <jimevans> AutomatedTester: I'm pretty sure that's been the case for awhile now.
2011-03-02T08:44:02  <XCulver> the app.config gets renamed to the assemblyname.config in the debug folder
2011-03-02T08:44:29  <AutomatedTester> jimevans: hmm last time I tried you couldnt
2011-03-02T08:44:57  <AutomatedTester> the way to get around this for tests is to name the app.config the same as your class libraruy
2011-03-02T08:45:04  <AutomatedTester> and the same with the .nunit file
2011-03-02T08:45:15  <AutomatedTester> and then NUnit does the app.config loading for you
2011-03-02T08:45:29  <AutomatedTester> well thats the only way I could ever get it to work
2011-03-02T08:45:47  <XCulver> visual studio does that for you
2011-03-02T08:46:00  <XCulver> the rename of the app.config
2011-03-02T08:46:17  <AutomatedTester> XCulver: I dont know what your issue is then
2011-03-02T08:46:19  <XCulver> or msbuilddoes
2011-03-02T08:46:25  <XCulver> ok
2011-03-02T08:46:40  <XCulver> headscratching due to IE and firefox workign right
2011-03-02T08:46:42  <AutomatedTester> XCulver: our .NET code used to do what I just described
2011-03-02T08:46:57  <AutomatedTester> as in the Se project
2011-03-02T08:46:57  <XCulver> ah
2011-03-02T08:47:23  <AutomatedTester> but I hardly touch .NET now
2011-03-02T08:47:56  <XCulver> i see, Thanks for trying
2011-03-02T08:48:07  <XCulver> I feel like i'm missing something
2011-03-02T08:48:10  *** antlong has joined #selenium
2011-03-02T08:48:28  <AutomatedTester> i saw that type of error before when I did in September last year and thats how I fixed it...
2011-03-02T08:48:48  <AutomatedTester> but if your build does the magic then not sure without debugging the code myself
2011-03-02T08:49:25  <AutomatedTester> soz :(
2011-03-02T08:49:36  <XCulver> makes sense, the thing that bugs me, is when i go look for that file that the error lists, it doens't exist, so why is chrome trying to load a profile that doesnt' exist?
2011-03-02T08:51:21  <antlong> XCulver, the code that makes the profile is likely not being ran
2011-03-02T08:51:29  *** bpc415 has joined #selenium
2011-03-02T08:51:43  <antlong> XCulver, what happened when you tried it with 'default'?
2011-03-02T08:51:45  *** brettporter has joined #selenium
2011-03-02T08:51:46  *** brettporter has joined #selenium
2011-03-02T08:51:56  <XCulver> antlong: there is no way to inject a profile in the chrome driver
2011-03-02T08:52:04  <XCulver> they are looking into adding it
2011-03-02T08:52:55  <antlong> if you set a hard path, it would likely work
2011-03-02T08:53:49  <AutomatedTester> XCulver: lemme put the new constructor in for you and then try it with the code from trunk
2011-03-02T08:54:21  <XCulver> ok
2011-03-02T08:54:28  <XCulver> i'll update and compile on my end
2011-03-02T08:55:25  <jimevans> XCulver: the reason it looks like the profile doesn't exist may be explainable. Look in ChromeBinary.cs, around line 171
2011-03-02T08:56:58  *** rbalent has quit IRC
2011-03-02T08:58:26  <AutomatedTester> jimevans: but thats on killing the driver
2011-03-02T08:58:38  <AutomatedTester> I *thought* XCulver was getting the error on loading the driver...
2011-03-02T08:58:49  <AutomatedTester> or have totally missed something...
2011-03-02T08:59:53  <jimevans> AutomatedTester: I admit, I'm distracted by other issues at the moment and haven't been walking through the code with the care I ordinarily might.
2011-03-02T09:00:20  <AutomatedTester> jimevans: np, I thought I had drifted off and missed something so was checking
2011-03-02T09:00:32  *** sburjan has quit IRC
2011-03-02T09:00:56  <AutomatedTester> I think he is hitting the ChromeDriver.cs line ~138 issue
2011-03-02T09:01:09  <AutomatedTester> and somehow is losing the profile in the process
2011-03-02T09:01:58  <AutomatedTester> but wouldnt argue with the Chuck Norris of the Se team
2011-03-02T09:02:05  <AutomatedTester> ^ jimevans
2011-03-02T09:02:23  <AutomatedTester> jimevans: I loved the tweet yesterday
2011-03-02T09:02:23  <jimevans> You beat me to it. I was going to point out that anywhere ChromeCommandExecutor.Stop() is called, you'll get the profile deleted.
2011-03-02T09:02:46  <jimevans> heh. The Wife is loving the whole Chuck Norris thing. A little too much, if you ask me.
2011-03-02T09:02:48  <jimevans> :)
2011-03-02T09:03:12  <XCulver> hah
2011-03-02T09:03:13  <AutomatedTester> jimevans: I should have followed the code around...
2011-03-02T09:03:16  <XCulver> nice catch jim
2011-03-02T09:03:48  <jimevans> As it happens, ChromeCommandExecutor.Start() will call .Stop() if there is no client connection.
2011-03-02T09:03:51  <AutomatedTester> the stop/start issue *should* be fixed with the rewrite
2011-03-02T09:04:03  <XCulver> works perfect then
2011-03-02T09:04:07  <XCulver> i can wait for the rewrite
2011-03-02T09:04:10  <AutomatedTester> jimevans: I have seen times where it lies and kills the browser
2011-03-02T09:04:10  <jimevans> Yes, it should.
2011-03-02T09:04:24  <AutomatedTester> 1/2 through a test
2011-03-02T09:05:00  <jimevans> AutomatedTester: The current ChromeDriver architecture is... interesting.
2011-03-02T09:05:12  <AutomatedTester> thats one way to describe it
2011-03-02T09:05:21  <AutomatedTester> he who commits first wins...
2011-03-02T09:05:22  <jimevans> I'm trying to be kind.
2011-03-02T09:05:51  <AutomatedTester> jimevans: I remember trying to make the .NET code work on Non-windows...
2011-03-02T09:05:54  <AutomatedTester> that was ...fun
2011-03-02T09:06:06  <jimevans> for some value of "fun". :)
2011-03-02T09:06:22  <AutomatedTester> jimevans: btw, all booked up for SF
2011-03-02T09:06:31  <jimevans> W00t!
2011-03-02T09:06:36  <AutomatedTester> I shall buy you a beer
2011-03-02T09:06:49  <jimevans> And I shall drink it. :)
2011-03-02T09:07:08  <XCulver> Thanks again AntLong, Jimevans and Automatedtester
2011-03-02T09:07:30  <jimevans> XCulver: Glad I could help, however much help it was.
2011-03-02T09:07:38  <AutomatedTester> XCulver: sorry we couldnt fix it
2011-03-02T09:07:49  <jimevans> XCulver: How are your Ruby issues?
2011-03-02T09:08:05  <XCulver> sadly, i don't have ruby issues
2011-03-02T09:08:13  <XCulver> well just one, no ruby experience at all
2011-03-02T09:08:36  <jimevans> Nope, sorry confused you with someone else I was helping.
2011-03-02T09:08:44  * jimevans blushes with embarrassment
2011-03-02T09:09:22  <XCulver> np, talk to you all later, love watching the channel
2011-03-02T09:09:26  <AutomatedTester> jimevans: was it andytinkham ?
2011-03-02T09:09:41  * AutomatedTester has noticed he talks ruby
2011-03-02T09:10:00  <andytinkham> Was what me? *scrolls back*
2011-03-02T09:10:14  <jimevans> AutomatedTester: no, it was someone else via email.
2011-03-02T09:10:22  <andytinkham> Nope, not me :)
2011-03-02T09:12:18  <andytinkham> (though yes, any issues I have discussed here would be ruby issues :) None at the moment though)
2011-03-02T09:14:10  *** wsmoak has joined #selenium
2011-03-02T09:14:10  *** wsmoak has joined #selenium
2011-03-02T09:14:31  *** dereke has quit IRC
2011-03-02T09:15:48  <andytinkham> Actually, I do have a question though. I've got 2 parallel efforts under way - one to get an iPad set up to run my Se2 tests and one to get my tests access to our databases (all MS Sql Server).
2011-03-02T09:16:23  <andytinkham> It's looking like I'll need separate connection logic for OS X and Windows. My assumption is that the iPad is driven remotely from the mac, so I don't need separate connection logic for iOS as well. Is this a valid assumption?
2011-03-02T09:16:51  *** pnitin has quit IRC
2011-03-02T09:17:20  <ian_mac_> I would have assumed you run the server directly on the iPad, but that's just a guess
2011-03-02T09:17:51  <simonstewart> The iWebDriver.app includes the http server
2011-03-02T09:17:56  <simonstewart> You need logic to start the simulator
2011-03-02T09:18:06  <simonstewart> Or install on an actual device
2011-03-02T09:18:44  <andytinkham> My goal is probably to use both the simulator and real devices (waiting on Apple for the real device support at the moment). I've seen the Selenium app in the iOS simulator but haven't run any of my tests there yet
2011-03-02T09:19:00  *** fuzzygroove has joined #selenium
2011-03-02T09:19:17  *** fuzzygroove has left #selenium
2011-03-02T09:19:28  <selbot2> james.h.evans.jr less than 10 seconds ago - JimEvans: Fixing CreateProcess arguments for launching IE6 - http://code.google.com/p/selenium/source/detail?r=11571
2011-03-02T09:19:31  <andytinkham> But I thought that the actual Ruby code that makes up the tests wouldn't be pushed to the iOS device/simulator, so my db connection code should stay with that code
2011-03-02T09:20:34  <ian_mac_> that is correct
2011-03-02T09:21:16  <ian_mac_> your Ruby code runs and talks to the Selenium server on your iPad
2011-03-02T09:21:33  <andytinkham> OK, so then, I think, I don't need to differentiate between test running on a browser in OS X versus test running on an iPad connected to OS X for the purposes of handling querying our SQL Servers
2011-03-02T09:21:54  <ian_mac_> what queries the SQL servers?
2011-03-02T09:22:24  <ian_mac_> the tests or your application?
2011-03-02T09:22:57  <andytinkham> app is web based, so all the app communication is handled on the server side. I'm looking to have the tests talk to the db to find suitable data or verify results
2011-03-02T09:23:37  <ian_mac_> so your test code still runs in the same place, generally
2011-03-02T09:23:48  <ian_mac_> it's just a different client browser
2011-03-02T09:24:00  <andytinkham> Yep, that's what I was hoping would be the answer :) Thank you!
2011-03-02T09:38:00  *** jimevans has left #selenium
2011-03-02T09:40:18  *** webben has quit IRC
2011-03-02T09:40:40  *** webben has joined #selenium
2011-03-02T09:42:34  *** zmijunkie has joined #selenium
2011-03-02T09:43:13  *** vrockai has quit IRC
2011-03-02T09:43:28  *** sfbrian has joined #selenium
2011-03-02T09:44:04  *** esteele has joined #selenium
2011-03-02T09:45:04  *** adamgoucher has quit IRC
2011-03-02T09:45:15  *** adamgoucher has joined #selenium
2011-03-02T09:49:00  *** antlong has quit IRC
2011-03-02T09:49:30  *** zmijunkie_ has joined #selenium
2011-03-02T09:50:22  *** zmijunkie has quit IRC
2011-03-02T09:50:23  *** zmijunkie_ is now known as zmijunkie
2011-03-02T09:51:11  *** bpc415 has quit IRC
2011-03-02T09:52:36  *** stephendonner has joined #selenium
2011-03-02T09:53:26  *** Snekatis has joined #selenium
2011-03-02T09:54:16  *** dhackner has joined #selenium
2011-03-02T09:55:18  *** pnitin has joined #selenium
2011-03-02T09:57:32  *** dhackner has left #selenium
2011-03-02T09:59:23  <ahfeel> simonstewart, AutomatedTester: so it seems that the trunk is more stable than the b2, no crashes anymore
2011-03-02T09:59:40  <simonstewart> Good news
2011-03-02T09:59:44  *** admc has joined #selenium
2011-03-02T09:59:58  <ahfeel> but we still have the By.name() issue on IE, but after testing, it seems that it was actually working on b1
2011-03-02T10:00:20  <ahfeel> in a7 and b1, so it's really an issue with b2.
2011-03-02T10:00:22  <ahfeel> (and trunk)
2011-03-02T10:01:17  <simonstewart> Interesting
2011-03-02T10:05:04  *** antlong has joined #selenium
2011-03-02T10:16:01  *** ojacobson has quit IRC
2011-03-02T10:18:18  *** andialbrecht_ is now known as andialbrecht
2011-03-02T10:21:28  *** andialbrecht is now known as andialbrecht_
2011-03-02T10:22:08  <Rich_Morin> I'm seeing a sporadic bug when using Chrome under Se (http://pastie.org/1623445).  Any idea what I'm doing wrong?
2011-03-02T10:24:42  *** ojacobson has joined #selenium
2011-03-02T10:27:12  <antlong> loop and call find_element until its found
2011-03-02T10:28:00  <Rich_Morin> antlong: is this a common situation?
2011-03-02T10:28:58  <Rich_Morin> and are you suggesting that I wrap the call in a begin/rescue block?
2011-03-02T10:29:45  <antlong> yes
2011-03-02T10:31:46  *** pnitin has quit IRC
2011-03-02T10:51:23  *** jlamoree has joined #selenium
2011-03-02T11:15:21  *** antlong has quit IRC
2011-03-02T11:16:41  *** darrenm_ has quit IRC
2011-03-02T11:16:42  *** Snekatis has quit IRC
2011-03-02T11:28:41  *** esteele has quit IRC
2011-03-02T11:30:52  *** darrenm_ has joined #selenium
2011-03-02T11:32:12  *** Putr is now known as Putr|Away
2011-03-02T11:32:42  *** lfryc has quit IRC
2011-03-02T11:32:59  *** cpg|away is now known as cpg
2011-03-02T11:48:03  *** jonathanrwallace has joined #selenium
2011-03-02T11:52:10  *** KirillJacobson has joined #selenium
2011-03-02T11:52:35  *** KirillJacobson has left #selenium
2011-03-02T11:55:10  *** KirillJacobson has joined #selenium
2011-03-02T12:10:15  *** dmachi has quit IRC
2011-03-02T12:10:20  *** dmachi has joined #selenium
2011-03-02T12:11:31  *** dmachi has quit IRC
2011-03-02T12:12:20  *** dmachi has joined #selenium
2011-03-02T12:17:54  <simonstewart> g'night all
2011-03-02T12:17:56  *** simonstewart has left #selenium
2011-03-02T12:36:58  *** RossPatterson has quit IRC
2011-03-02T12:45:05  *** nirvdrum has quit IRC
2011-03-02T12:45:38  *** brettporter has quit IRC
2011-03-02T12:50:28  *** carlisia has quit IRC
2011-03-02T12:53:30  *** carols10cents has left #selenium
2011-03-02T12:57:58  *** antlong has joined #selenium
2011-03-02T13:00:03  *** kylls has quit IRC
2011-03-02T13:02:27  *** KirillJacobson has quit IRC
2011-03-02T13:02:30  *** KirillJacobson_ has joined #selenium
2011-03-02T13:28:05  *** santiycr has joined #selenium
2011-03-02T13:30:58  *** Putr|Away is now known as Putr
2011-03-02T13:35:10  *** jimevans has joined #selenium
2011-03-02T13:35:54  <jimevans> KirillJacobson: you there? did you get you irc client problems worked out?
2011-03-02T13:40:18  *** kylls has joined #selenium
2011-03-02T13:41:15  *** cburroughs has quit IRC
2011-03-02T13:52:13  *** ian_mac has quit IRC
2011-03-02T13:52:59  *** nirvdrum has joined #selenium
2011-03-02T13:56:39  *** kylls has quit IRC
2011-03-02T13:56:45  *** kylls has joined #selenium
2011-03-02T13:56:45  *** kylls has joined #selenium
2011-03-02T14:00:01  *** mbeierl has quit IRC
2011-03-02T14:32:19  *** cpg is now known as cpg|away
2011-03-02T14:37:31  *** Archdude has quit IRC
2011-03-02T14:40:58  *** ojacobson has quit IRC
2011-03-02T14:41:22  *** Putr is now known as Putr|Away
2011-03-02T14:42:03  *** Archdude has joined #selenium
2011-03-02T14:42:13  *** rolando has quit IRC
2011-03-02T14:43:23  *** antlong has quit IRC
2011-03-02T14:44:12  *** Spanktar has joined #selenium
2011-03-02T14:51:47  <jimevans> IE6 makes me cranky.
2011-03-02T14:51:58  <jimevans> Just sayin'.
2011-03-02T14:53:41  <AutomatedTester> jimevans: seen my reply to the naming thread?
2011-03-02T14:54:25  <jimevans> AutomatedTester: i hadn't. looking at it now.
2011-03-02T14:54:26  * AutomatedTester notices the Jim Evans loving on twitter
2011-03-02T14:54:54  <jimevans> hey, it's been a really difficult day. i could use the validation.
2011-03-02T14:54:56  <jimevans> :)
2011-03-02T14:55:54  <jimevans> i'm trying to make the IE driver native code behave on IE6, and it's crashing, hard.
2011-03-02T14:56:39  <AutomatedTester> :(
2011-03-02T14:56:47  <AutomatedTester> jimevans: did my email make sense?
2011-03-02T14:57:07  *** cpg|away is now known as cpg
2011-03-02T14:58:40  *** KirillJacobson_ has quit IRC
2011-03-02T14:59:49  <jimevans> AutomatedTester: it makes sense to me. whether it does to others remains to be seen. :)
2011-03-02T15:00:53  <AutomatedTester> laters
2011-03-02T15:01:00  *** AutomatedTester has quit IRC
2011-03-02T15:01:41  *** KirillJacobson has joined #selenium
2011-03-02T15:01:53  <jimevans> hi KirillJacobson.
2011-03-02T15:03:51  *** mattmtl has quit IRC
2011-03-02T15:15:51  *** brettporter has joined #selenium
2011-03-02T15:17:16  *** XCulver has quit IRC
2011-03-02T15:19:03  *** jimevans has quit IRC
2011-03-02T15:24:26  *** cburroughs has joined #selenium
2011-03-02T15:29:16  *** KirillJacobson has quit IRC
2011-03-02T15:30:19  *** charleyb has quit IRC
2011-03-02T15:30:24  *** andytinkham1 has joined #selenium
2011-03-02T15:30:25  *** mbeierl has joined #selenium
2011-03-02T15:31:25  *** andytinkham has quit IRC
2011-03-02T15:35:45  *** ian_mac has joined #selenium
2011-03-02T15:37:10  *** cpg is now known as cpg|away
2011-03-02T15:42:32  <xirkus> /quit
2011-03-02T15:42:43  *** xirkus has quit IRC
2011-03-02T15:50:51  *** antlong has joined #selenium
2011-03-02T15:54:07  *** santiycr has quit IRC
2011-03-02T16:01:31  *** antlong has quit IRC
2011-03-02T16:03:07  *** adamgoucher has quit IRC
2011-03-02T16:03:23  *** adamgoucher has joined #selenium
2011-03-02T16:05:41  *** cpg|away is now known as cpg
2011-03-02T16:15:10  *** jimevans has joined #selenium
2011-03-02T16:16:42  *** andytinkham1 has quit IRC
2011-03-02T16:16:48  *** andytinkham has joined #selenium
2011-03-02T16:17:39  *** Archdude has quit IRC
2011-03-02T16:19:12  *** jimevans has quit IRC
2011-03-02T16:19:25  *** Archdude has joined #selenium
2011-03-02T16:20:51  *** andytinkham has quit IRC
2011-03-02T16:23:54  *** Mayank has quit IRC
2011-03-02T16:25:30  *** Mayank has joined #selenium
2011-03-02T16:26:24  *** lawcab has quit IRC
2011-03-02T16:35:32  *** Archdude has quit IRC
2011-03-02T16:37:18  *** Archdude has joined #selenium
2011-03-02T16:42:03  *** stephendonner has quit IRC
2011-03-02T16:52:55  *** antlong has joined #selenium
2011-03-02T16:55:51  *** Archdude has quit IRC
2011-03-02T16:57:09  *** fuzzygroove has joined #selenium
2011-03-02T16:57:34  *** Archdude has joined #selenium
2011-03-02T17:00:14  *** jonathanrwallace has quit IRC
2011-03-02T17:06:37  *** Archdude has quit IRC
2011-03-02T17:08:21  *** Archdude has joined #selenium
2011-03-02T17:10:04  *** antlong has quit IRC
2011-03-02T17:14:17  *** brettporter has quit IRC
2011-03-02T17:14:30  *** Archdude has quit IRC
2011-03-02T17:16:14  *** Archdude has joined #selenium
2011-03-02T17:26:12  *** cpg is now known as cpg|away
2011-03-02T17:33:15  *** ato has quit IRC
2011-03-02T17:33:15  *** aculich has quit IRC
2011-03-02T17:33:15  *** jledbetter has quit IRC
2011-03-02T17:37:24  *** ato has joined #selenium
2011-03-02T17:37:24  *** aculich has joined #selenium
2011-03-02T17:37:24  *** jledbetter has joined #selenium
2011-03-02T17:39:37  *** ato has quit IRC
2011-03-02T17:39:38  *** aculich has quit IRC
2011-03-02T17:39:38  *** jledbetter has quit IRC
2011-03-02T17:43:34  *** Archdude_ has joined #selenium
2011-03-02T17:44:29  *** Archdude has quit IRC
2011-03-02T17:44:29  *** Archdude_ is now known as Archdude
2011-03-02T17:45:10  *** ato has joined #selenium
2011-03-02T17:45:11  *** aculich has joined #selenium
2011-03-02T17:45:11  *** jledbetter has joined #selenium
2011-03-02T17:45:47  *** sfbrian has quit IRC
2011-03-02T17:48:52  *** Spanktar has quit IRC
2011-03-02T17:50:27  *** kylls has quit IRC
2011-03-02T17:51:11  *** cpg|away is now known as cpg
2011-03-02T17:51:22  *** kylls has joined #selenium
2011-03-02T17:51:22  *** kylls has joined #selenium
2011-03-02T18:05:22  *** xirkus has joined #selenium
2011-03-02T18:08:03  *** jonathanrwallace has joined #selenium
2011-03-02T18:17:03  *** andytinkham has joined #selenium
2011-03-02T18:21:18  *** andytinkham has quit IRC
2011-03-02T18:22:18  *** cburroughs has quit IRC
2011-03-02T18:23:05  *** fuzzygroove has quit IRC
2011-03-02T18:35:03  *** adamgoucher has quit IRC
2011-03-02T18:37:41  *** esteele has joined #selenium
2011-03-02T18:38:23  *** sephinroth has joined #selenium
2011-03-02T18:47:36  *** antlong has joined #selenium
2011-03-02T18:48:11  *** KirillJacobson has joined #selenium
2011-03-02T19:00:18  *** kylls has quit IRC
2011-03-02T19:04:58  *** pnitin has joined #selenium
2011-03-02T19:09:35  *** KirillJacobson has quit IRC
2011-03-02T19:19:48  *** brettporter has joined #selenium
2011-03-02T19:26:41  *** KirillJacobson has joined #selenium
2011-03-02T19:27:24  *** KirillJacobson has quit IRC
2011-03-02T19:28:01  *** wsmoak has quit IRC
2011-03-02T19:29:09  *** pnitin has quit IRC
2011-03-02T19:31:16  *** mycroft has quit IRC
2011-03-02T19:31:16  *** ahfeel has quit IRC
2011-03-02T19:31:27  *** ahfeel has joined #selenium
2011-03-02T19:31:27  *** mycroft has joined #selenium
2011-03-02T19:34:03  *** ner0x has quit IRC
2011-03-02T19:45:23  *** txwikinger has quit IRC
2011-03-02T19:45:53  *** txwikinger has joined #selenium
2011-03-02T19:45:54  *** txwikinger has joined #selenium
2011-03-02T19:46:32  *** esteele has quit IRC
2011-03-02T19:47:57  *** ner0x has joined #selenium
2011-03-02T19:48:12  *** mbeierl has quit IRC
2011-03-02T19:48:25  *** brettporter has quit IRC
2011-03-02T19:49:33  *** brettporter has joined #selenium
2011-03-02T19:49:33  *** brettporter has joined #selenium
2011-03-02T19:52:34  *** txwikinger has quit IRC
2011-03-02T19:54:26  *** txwikinger has joined #selenium
2011-03-02T19:54:27  *** txwikinger has joined #selenium
2011-03-02T20:02:47  *** antlong has quit IRC
2011-03-02T20:08:16  *** brettporter has quit IRC
2011-03-02T20:18:23  *** pnitin has joined #selenium
2011-03-02T20:18:28  <selbot2> pgrandje half a minute ago - updated Note to Reader to mention our Sel 2.0 revisions are 'in progress'. - http://code.google.com/p/selenium/source/detail?r=11572
2011-03-02T20:20:50  *** nirvdrum has quit IRC
2011-03-02T21:04:36  *** pnitin has quit IRC
2011-03-02T21:10:09  *** fuzzygroove has joined #selenium
2011-03-02T21:10:30  *** fuzzygroove has left #selenium
2011-03-02T21:40:35  *** brettporter has joined #selenium
2011-03-02T22:01:50  *** Archdude_ has joined #selenium
2011-03-02T22:03:44  *** Archdude has quit IRC
2011-03-02T22:03:45  *** Archdude_ is now known as Archdude
2011-03-02T22:30:05  *** lfryc has joined #selenium
2011-03-02T22:37:56  *** pnitin has joined #selenium
2011-03-02T22:41:14  *** pnitin has quit IRC
2011-03-02T22:42:02  *** pnitin has joined #selenium
2011-03-02T22:46:34  *** pnitin has quit IRC
2011-03-02T22:48:01  *** pnitin has joined #selenium
2011-03-02T22:56:15  *** yairgo has joined #selenium
2011-03-02T23:06:07  *** pnitin has quit IRC
2011-03-02T23:08:37  *** pnitin has joined #selenium
2011-03-02T23:25:43  *** ner0x has quit IRC
2011-03-02T23:27:52  *** Snekatis has joined #selenium
2011-03-02T23:33:32  *** brettporter has quit IRC
2011-03-02T23:38:36  *** Snekatis has quit IRC
2011-03-02T23:45:05  *** admc has quit IRC
