2011-08-06T00:00:58  *** plightbo has joined #selenium
2011-08-06T00:03:11  *** plightbo has quit IRC
2011-08-06T00:04:23  *** zmijunkie has quit IRC
2011-08-06T00:04:36  *** Ajay has quit IRC
2011-08-06T00:10:54  *** zmijunkie has joined #selenium
2011-08-06T00:12:22  *** pnitin has quit IRC
2011-08-06T00:43:31  *** Binken_ has quit IRC
2011-08-06T00:53:44  *** Binken_ has joined #selenium
2011-08-06T00:58:16  *** ner0x has joined #selenium
2011-08-06T01:13:08  *** dereke has quit IRC
2011-08-06T01:15:08  *** Ajay has joined #selenium
2011-08-06T01:26:56  <Ajay>     /msg nickserv set hidemail on
2011-08-06T01:40:23  *** barancev has joined #selenium
2011-08-06T01:43:17  *** Binken_ has quit IRC
2011-08-06T02:01:24  *** zmijunkie_ has joined #selenium
2011-08-06T02:02:45  *** zmijunkie has quit IRC
2011-08-06T02:02:45  *** zmijunkie_ is now known as zmijunkie
2011-08-06T02:35:57  *** zmijunkie has quit IRC
2011-08-06T02:36:27  *** zmijunkie has joined #selenium
2011-08-06T03:03:15  *** ner0x has quit IRC
2011-08-06T03:39:36  *** netcarver has joined #selenium
2011-08-06T04:03:54  *** cieufhrxmpfakoih has joined #selenium
2011-08-06T04:22:45  *** netcarver has quit IRC
2011-08-06T04:49:04  *** cieufhrxmpfakoih has quit IRC
2011-08-06T05:12:06  *** sdimkov has joined #selenium
2011-08-06T05:13:59  *** sdimkov_ has joined #selenium
2011-08-06T05:30:23  *** netcarver has joined #selenium
2011-08-06T05:43:29  *** netcarver has quit IRC
2011-08-06T05:45:24  *** ian_mac has quit IRC
2011-08-06T05:50:26  *** Ajay has quit IRC
2011-08-06T05:50:26  *** Ajay_ has joined #selenium
2011-08-06T05:52:34  *** Ajay_ has quit IRC
2011-08-06T06:33:39  *** cieufhrxmpfakoih has joined #selenium
2011-08-06T06:57:03  *** sdimkov_ has joined #selenium
2011-08-06T07:09:33  *** netcarver has joined #selenium
2011-08-06T07:28:34  *** zmijunkie_ has joined #selenium
2011-08-06T07:30:44  *** zmijunkie has quit IRC
2011-08-06T07:30:44  *** zmijunkie_ is now known as zmijunkie
2011-08-06T07:33:27  *** ian_mac has joined #selenium
2011-08-06T07:39:57  *** aradriel has joined #selenium
2011-08-06T07:41:33  *** sdimkov_ has quit IRC
2011-08-06T07:43:22  *** aradriel_ has quit IRC
2011-08-06T07:47:29  *** sdimkov has quit IRC
2011-08-06T08:12:14  *** zmijunkie has quit IRC
2011-08-06T08:12:43  *** zmijunkie has joined #selenium
2011-08-06T08:14:01  *** sdimkov has joined #selenium
2011-08-06T08:18:15  *** ian_mac has quit IRC
2011-08-06T08:45:41  *** cieufhrxmpfakoih has quit IRC
2011-08-06T09:00:26  *** netcarver has left #selenium
2011-08-06T09:03:01  *** zmijunkie_ has joined #selenium
2011-08-06T09:06:38  *** zmijunkie has quit IRC
2011-08-06T09:06:38  *** zmijunkie_ is now known as zmijunkie
2011-08-06T09:09:18  *** ian_mac has joined #selenium
2011-08-06T09:27:23  *** cieufhrxmpfakoih has joined #selenium
2011-08-06T09:35:51  *** cieufhrxmpfakoih has quit IRC
2011-08-06T09:37:13  *** webben has joined #selenium
2011-08-06T09:37:16  *** webben has quit IRC
2011-08-06T09:37:32  *** webben has joined #selenium
2011-08-06T09:38:17  *** plightbo has joined #selenium
2011-08-06T09:51:20  *** csanchez has joined #selenium
2011-08-06T09:56:40  *** cakehero has joined #selenium
2011-08-06T10:06:39  *** andialbrecht_ is now known as andialbrecht
2011-08-06T10:13:14  *** cakehero has quit IRC
2011-08-06T10:13:29  *** towski has joined #selenium
2011-08-06T10:14:16  *** towski has joined #selenium
2011-08-06T10:14:50  *** csanchez has quit IRC
2011-08-06T10:16:12  *** zhando has joined #selenium
2011-08-06T10:17:24  <zhando> jarib: ?
2011-08-06T10:19:22  *** ner0x has joined #selenium
2011-08-06T10:19:46  <zhando> did you know about the headless gem w/ Xvfb? It's awesome.. It's not remote but it does the job for me and I can use firefox..
2011-08-06T10:23:52  *** csanchez has joined #selenium
2011-08-06T10:27:14  *** pnitin has joined #selenium
2011-08-06T10:44:09  *** andialbrecht is now known as andialbrecht_
2011-08-06T11:02:26  *** jonathanrwallace has joined #selenium
2011-08-06T11:02:38  *** ner0x has quit IRC
2011-08-06T11:03:18  *** ner0x has joined #selenium
2011-08-06T11:07:02  *** pnitin has quit IRC
2011-08-06T11:13:55  *** csanchez has quit IRC
2011-08-06T11:34:54  *** csanchez has joined #selenium
2011-08-06T11:36:03  <plightbo> zhando: have you seen WebKitDriver or phantomjs?
2011-08-06T11:36:09  <plightbo> might also be interesting to you
2011-08-06T11:43:19  *** cakehero has joined #selenium
2011-08-06T11:48:24  *** ian_mac has quit IRC
2011-08-06T11:49:06  <zhando> plightbo: well I've seen capybara-webkit where I found out about the headless gem. phantomjs I haven't heard of. Anything to do with noe.js?
2011-08-06T11:49:55  <zhando> ^^^^node.js.. Just a wealth of stuff out there. It's amazing.
2011-08-06T11:50:56  *** ian_mac has joined #selenium
2011-08-06T12:00:05  *** ian_mac has quit IRC
2011-08-06T12:06:28  *** nilian has joined #selenium
2011-08-06T12:17:25  *** Mayank has quit IRC
2011-08-06T12:25:46  *** ian_mac has joined #selenium
2011-08-06T12:32:53  *** csanchez has quit IRC
2011-08-06T13:22:17  *** jonathanrwallace has quit IRC
2011-08-06T13:35:05  *** jonathanrwallace has joined #selenium
2011-08-06T13:41:03  *** adamgoucher has joined #selenium
2011-08-06T13:44:02  *** zhando has quit IRC
2011-08-06T13:59:22  *** Fyrespray has joined #selenium
2011-08-06T14:09:46  *** AJay__ has quit IRC
2011-08-06T14:13:41  *** Fyrespray has quit IRC
2011-08-06T14:15:40  *** ner0x has quit IRC
2011-08-06T14:28:17  *** ner0x has joined #selenium
2011-08-06T15:06:06  *** sdimkov has quit IRC
2011-08-06T15:12:48  *** w1zard has joined #selenium
2011-08-06T15:13:57  <w1zard> Does anyone know if Steven Hazel is online?
2011-08-06T15:18:28  *** w1zard has quit IRC
2011-08-06T15:30:23  *** ian_mac has quit IRC
2011-08-06T15:36:50  *** cakehero has quit IRC
2011-08-06T16:05:23  *** Ammar has joined #selenium
2011-08-06T16:06:23  *** nilian has quit IRC
2011-08-06T16:08:23  *** pythonirc1014 has joined #selenium
2011-08-06T16:09:26  *** ammar01 has quit IRC
2011-08-06T16:10:09  *** pythonirc1011 has quit IRC
2011-08-06T16:21:40  *** pythonirc1014 has quit IRC
2011-08-06T16:22:17  *** pythonirc1011 has joined #selenium
2011-08-06T16:24:11  *** towski has quit IRC
2011-08-06T16:54:12  *** towski has joined #selenium
2011-08-06T17:06:32  *** ner0x has quit IRC
2011-08-06T17:10:23  *** rubyruy has joined #selenium
2011-08-06T17:22:18  *** sdimkov has joined #selenium
2011-08-06T17:25:51  *** sdimkov has quit IRC
2011-08-06T17:27:25  *** sdimkov has joined #selenium
2011-08-06T17:28:37  *** cieufhrxmpfakoih has joined #selenium
2011-08-06T17:39:59  *** cieufhrxmpfakoih has quit IRC
2011-08-06T18:06:23  *** rubyruy has quit IRC
2011-08-06T18:33:21  *** rubyruy has joined #selenium
2011-08-06T19:33:28  *** jonathanrwallace has quit IRC
2011-08-06T20:06:13  *** txwikinger2 is now known as txwikinger
2011-08-06T20:11:32  *** ian_mac has joined #selenium
2011-08-06T20:22:36  *** sdimkov_ has joined #selenium
2011-08-06T20:27:00  *** rubyruy has quit IRC
2011-08-06T20:31:11  *** towski has quit IRC
2011-08-06T20:43:30  *** sdimkov has quit IRC
2011-08-06T20:49:10  *** plightbo has quit IRC
2011-08-06T21:24:23  *** pnitin has joined #selenium
2011-08-06T21:35:10  *** ian_mac has quit IRC
2011-08-06T22:26:37  *** pnitin has quit IRC
2011-08-06T22:54:07  *** andialbrecht_ is now known as andialbrecht
