2011-07-30T00:02:17  *** Mayank1 has quit IRC
2011-07-30T00:17:16  *** Mayank has joined #selenium
2011-07-30T00:19:18  *** cerberos has joined #selenium
2011-07-30T00:29:50  *** sjmikem has joined #selenium
2011-07-30T00:43:17  *** Mayank has quit IRC
2011-07-30T00:44:25  *** sdimkov has joined #selenium
2011-07-30T00:45:23  *** sjmikem has left #selenium
2011-07-30T00:45:31  *** sdimkov has quit IRC
2011-07-30T00:46:17  *** sdimkov has joined #selenium
2011-07-30T00:47:24  *** Nirdosh has left #selenium
2011-07-30T00:48:25  *** cerberos has joined #selenium
2011-07-30T00:48:31  *** Nirdosh has joined #selenium
2011-07-30T00:51:16  <cerberos> hi, anyone here?
2011-07-30T00:54:19  *** pnitin has quit IRC
2011-07-30T00:54:48  *** pnitin has joined #selenium
2011-07-30T00:54:58  *** Fyrespray has joined #selenium
2011-07-30T00:55:44  *** Mayank has joined #selenium
2011-07-30T00:55:47  *** cerberos has quit IRC
2011-07-30T01:00:43  *** AutomatedTester has quit IRC
2011-07-30T01:02:28  *** cerberos has joined #selenium
2011-07-30T01:05:24  *** pnitin has quit IRC
2011-07-30T01:07:11  *** mattp_ has joined #selenium
2011-07-30T01:07:31  *** pnitin has joined #selenium
2011-07-30T01:18:12  *** jeffery has joined #selenium
2011-07-30T01:18:26  *** pnitin has quit IRC
2011-07-30T01:18:38  *** cerberos has quit IRC
2011-07-30T01:35:52  *** Mayank has quit IRC
2011-07-30T01:50:01  *** Mayank has joined #selenium
2011-07-30T01:59:41  *** lange has joined #selenium
2011-07-30T01:59:43  *** cieufhrxmpfakoih has quit IRC
2011-07-30T02:34:48  *** Fyrespray has quit IRC
2011-07-30T02:36:44  *** lange has quit IRC
2011-07-30T02:47:08  *** Briareos1 has quit IRC
2011-07-30T02:49:46  *** csanchez has joined #selenium
2011-07-30T02:54:29  *** cerberos has joined #selenium
2011-07-30T02:59:29  *** cerberos has quit IRC
2011-07-30T03:03:49  *** cerberos has joined #selenium
2011-07-30T03:12:29  *** dave_miles has quit IRC
2011-07-30T03:15:47  *** cheezy has joined #selenium
2011-07-30T03:16:39  *** |izzie has joined #selenium
2011-07-30T03:18:57  *** dave_miles has joined #selenium
2011-07-30T03:31:02  *** cheezy has quit IRC
2011-07-30T03:32:05  *** cheezy has joined #selenium
2011-07-30T03:42:06  *** cheezy has quit IRC
2011-07-30T03:43:10  *** lfryc has joined #selenium
2011-07-30T03:46:20  *** davehunt has joined #selenium
2011-07-30T03:47:25  *** davehunt has quit IRC
2011-07-30T03:47:45  *** davehunt has joined #selenium
2011-07-30T04:14:22  *** hexa has joined #selenium
2011-07-30T04:18:58  *** hexa has quit IRC
2011-07-30T04:23:21  *** pnitin has joined #selenium
2011-07-30T04:25:28  *** nitin has joined #selenium
2011-07-30T04:28:10  *** pnitin has quit IRC
2011-07-30T04:33:22  *** ian_mac has quit IRC
2011-07-30T04:33:51  *** jeffery has quit IRC
2011-07-30T04:38:24  *** ian_mac has joined #selenium
2011-07-30T04:41:12  *** nitin has quit IRC
2011-07-30T04:45:21  *** nitin has joined #selenium
2011-07-30T04:47:38  *** Briareos1 has joined #selenium
2011-07-30T04:56:42  *** brettporter has joined #selenium
2011-07-30T05:15:25  *** cheezy has joined #selenium
2011-07-30T05:17:37  *** nitin has quit IRC
2011-07-30T05:54:00  *** ian_mac has quit IRC
2011-07-30T06:02:56  *** cheezy has quit IRC
2011-07-30T06:05:25  *** Fyrespray has joined #selenium
2011-07-30T06:05:46  *** csanchez has quit IRC
2011-07-30T06:06:28  *** ian_mac has joined #selenium
2011-07-30T06:22:42  *** cheezy has joined #selenium
2011-07-30T06:24:33  *** Fyrespray has quit IRC
2011-07-30T06:27:07  *** Fyrespray has joined #selenium
2011-07-30T06:28:57  *** ian_mac has quit IRC
2011-07-30T06:35:26  *** Fyrespray has quit IRC
2011-07-30T06:52:29  *** nitin has joined #selenium
2011-07-30T07:17:13  *** nirvdrum has joined #selenium
2011-07-30T07:25:06  *** sjmikem has joined #selenium
2011-07-30T07:26:15  *** ian_mac has joined #selenium
2011-07-30T07:29:05  *** nitin has quit IRC
2011-07-30T07:31:40  *** ian_mac has quit IRC
2011-07-30T08:03:51  *** sjmikem has quit IRC
2011-07-30T08:18:40  *** Mayank has quit IRC
2011-07-30T08:25:49  *** csanchez has joined #selenium
2011-07-30T08:26:59  *** towski has joined #selenium
2011-07-30T08:38:23  *** sdimkov has quit IRC
2011-07-30T08:49:24  *** dave_miles_wfh has joined #selenium
2011-07-30T08:49:35  *** dave_miles has quit IRC
2011-07-30T08:59:44  *** nitin has joined #selenium
2011-07-30T09:11:16  *** sdimkov has joined #selenium
2011-07-30T09:11:17  <Rotham> is there a way to use a certain firefox profiles signons.sqlite?
2011-07-30T09:13:49  *** |izzie has quit IRC
2011-07-30T09:33:11  *** ian_mac has joined #selenium
2011-07-30T09:34:34  *** cakehero has joined #selenium
2011-07-30T09:48:28  *** ian_mac has quit IRC
2011-07-30T09:54:31  *** nitin has quit IRC
2011-07-30T09:54:54  *** nitin has joined #selenium
2011-07-30T10:04:59  *** csanchez has quit IRC
2011-07-30T10:13:51  *** ian_mac has joined #selenium
2011-07-30T10:52:18  *** sjmikem has joined #selenium
2011-07-30T10:58:12  *** cakehero has quit IRC
2011-07-30T10:58:36  *** Briareos1_ has joined #selenium
2011-07-30T10:59:16  *** Briareos1 has quit IRC
2011-07-30T11:23:49  *** towski has quit IRC
2011-07-30T11:32:28  *** Siph0n has joined #selenium
2011-07-30T11:32:44  *** AutomatedTester has joined #selenium
2011-07-30T11:34:28  *** Siph0n has quit IRC
2011-07-30T11:36:05  *** cakehero has joined #selenium
2011-07-30T11:44:31  *** AutomatedTester has quit IRC
2011-07-30T11:48:57  *** nitin has quit IRC
2011-07-30T11:54:34  *** Mayank has joined #selenium
2011-07-30T12:00:38  *** nitin has joined #selenium
2011-07-30T12:05:49  *** nitin has quit IRC
2011-07-30T12:14:59  *** Fyrespray has joined #selenium
2011-07-30T12:29:32  *** lfryc has quit IRC
2011-07-30T12:40:30  *** cakehero has quit IRC
2011-07-30T12:51:13  *** Mayank has quit IRC
2011-07-30T12:55:40  *** sdimkov has quit IRC
2011-07-30T13:11:39  *** Mayank has joined #selenium
2011-07-30T13:12:53  *** sjmikem1 has joined #selenium
2011-07-30T13:13:04  *** sjmikem has quit IRC
2011-07-30T13:35:20  *** cgoldberg has joined #selenium
2011-07-30T13:42:12  *** cgoldberg has quit IRC
2011-07-30T14:37:57  *** netcarver has joined #selenium
2011-07-30T14:49:05  *** dave_miles has joined #selenium
2011-07-30T14:52:01  *** Briareos1_ has quit IRC
2011-07-30T15:12:23  *** netcarver has quit IRC
2011-07-30T15:25:58  *** Fyrespray has quit IRC
2011-07-30T15:58:30  *** dave_miles has quit IRC
2011-07-30T16:20:45  *** brettporter has quit IRC
2011-07-30T16:22:30  *** Mayank has quit IRC
2011-07-30T16:41:57  *** cheezy has quit IRC
2011-07-30T16:43:10  *** sjmikem1 has left #selenium
2011-07-30T16:47:34  *** cheezy has joined #selenium
2011-07-30T16:57:53  *** towski has joined #selenium
2011-07-30T18:13:52  *** towski has quit IRC
2011-07-30T19:13:16  *** ian_mac has quit IRC
2011-07-30T19:19:06  *** cheezy has quit IRC
2011-07-30T19:55:09  *** towski has joined #selenium
2011-07-30T19:59:09  *** |izzie has joined #selenium
2011-07-30T20:48:51  *** Mayank has joined #selenium
2011-07-30T20:58:04  *** towski has quit IRC
2011-07-30T21:01:44  *** ian_mac has joined #selenium
2011-07-30T21:34:50  *** Mayank has quit IRC
2011-07-30T21:40:01  *** nirvdrum has quit IRC
2011-07-30T21:41:16  *** Darren_Rowley has quit IRC
2011-07-30T22:04:40  *** towski has joined #selenium
2011-07-30T23:29:57  *** Ajay has joined #selenium
2011-07-30T23:30:30  <Ajay> Hi
